#
# There is insufficient memory for the Java Runtime Environment to continue.
# Native memory allocation (mmap) failed to map 73400320 bytes for G1 virtual space
# Possible reasons:
#   The system is out of physical RAM or swap space
#   The process is running with CompressedOops enabled, and the Java Heap may be blocking the growth of the native heap
# Possible solutions:
#   Reduce memory load on the system
#   Increase physical memory or swap space
#   Check if swap backing store is full
#   Decrease Java heap size (-Xmx/-Xms)
#   Decrease number of Java threads
#   Decrease Java thread stack sizes (-Xss)
#   Set larger code cache with -XX:ReservedCodeCacheSize=
#   JVM is running with Zero Based Compressed Oops mode in which the Java heap is
#     placed in the first 32GB address space. The Java Heap base address is the
#     maximum limit for the native heap growth. Please use -XX:HeapBaseMinAddress
#     to set the Java Heap base and to place the Java Heap above 32GB virtual address.
# This output file may be truncated or incomplete.
#
#  Out of Memory Error (os_windows.cpp:3617), pid=19348, tid=10068
#
# JRE version: OpenJDK Runtime Environment Temurin-17.0.8.1+1 (17.0.8.1+1) (build 17.0.8.1+1)
# Java VM: OpenJDK 64-Bit Server VM Temurin-17.0.8.1+1 (17.0.8.1+1, mixed mode, tiered, compressed oops, compressed class ptrs, g1 gc, windows-amd64)
# No core dump will be written. Minidumps are not enabled by default on client versions of Windows
#

---------------  S U M M A R Y ------------

Command Line: -Dfile.encoding=UTF-8 -Dstdout.encoding=UTF-8 -Dstderr.encoding=UTF-8 -XX:+ShowCodeDetailsInExceptionMessages com.example.demo.ProducerConsumerBackendApplication

Host: 12th Gen Intel(R) Core(TM) i7-12700H, 20 cores, 15G,  Windows 10 , 64 bit Build 19041 (10.0.19041.1679)
Time: Sun Jan 21 12:01:45 2024 Egypt Standard Time elapsed time: 85.308721 seconds (0d 0h 1m 25s)

---------------  T H R E A D  ---------------

Current thread (0x000002301b016210):  VMThread "VM Thread" [stack: 0x000000f3d0e00000,0x000000f3d0f00000] [id=10068]

Stack: [0x000000f3d0e00000,0x000000f3d0f00000]
Native frames: (J=compiled Java code, j=interpreted, Vv=VM code, C=native code)
V  [jvm.dll+0x678b0a]
V  [jvm.dll+0x835e84]
V  [jvm.dll+0x83762e]
V  [jvm.dll+0x837c93]
V  [jvm.dll+0x24746f]
V  [jvm.dll+0x675859]
V  [jvm.dll+0x66a0ea]
V  [jvm.dll+0x306c7b]
V  [jvm.dll+0x30e166]
V  [jvm.dll+0x35dd3e]
V  [jvm.dll+0x35df6f]
V  [jvm.dll+0x2ddb48]
V  [jvm.dll+0x2dbd0c]
V  [jvm.dll+0x2db2dc]
V  [jvm.dll+0x31f18b]
V  [jvm.dll+0x83c15b]
V  [jvm.dll+0x83ce94]
V  [jvm.dll+0x83d3ac]
V  [jvm.dll+0x83d784]
V  [jvm.dll+0x83d850]
V  [jvm.dll+0x7e64ca]
V  [jvm.dll+0x677955]
C  [ucrtbase.dll+0x21bb2]
C  [KERNEL32.DLL+0x17034]
C  [ntdll.dll+0x52651]

VM_Operation (0x000000f3d05ff380): G1CollectForAllocation, mode: safepoint, requested by thread 0x000002301e486d30


---------------  P R O C E S S  ---------------

Threads class SMR info:
_java_thread_list=0x000002301cb26ad0, length=31, elements={
0x000002301b05d850, 0x000002301b0b3020, 0x000002301b090980, 0x000002301b0dc000,
0x000002301b0dcee0, 0x000002301b0dd7b0, 0x000002301b0de3b0, 0x000002301b0fc020,
0x000002301b0fe940, 0x000002301b2619c0, 0x000002301b27d9b0, 0x000002301da878c0,
0x000002301ea2f480, 0x000002301ea2f960, 0x000002301de2a9b0, 0x000002301de28640,
0x000002301de29060, 0x000002301de28b50, 0x000002301de2b8e0, 0x000002301de29570,
0x000002301de29a80, 0x000002301de29f90, 0x000002301de2aec0, 0x000002301de2b3d0,
0x000002301de2bdf0, 0x000002301e486820, 0x000002301e4844b0, 0x000002301e4890a0,
0x000002301e4858f0, 0x000002301e486d30, 0x000002301e4895b0
}

Java Threads: ( => current thread )
  0x000002301b05d850 JavaThread "Reference Handler" daemon [_thread_blocked, id=2008, stack(0x000000f3d0f00000,0x000000f3d1000000)]
  0x000002301b0b3020 JavaThread "Finalizer" daemon [_thread_blocked, id=18724, stack(0x000000f3d1000000,0x000000f3d1100000)]
  0x000002301b090980 JavaThread "Signal Dispatcher" daemon [_thread_blocked, id=2772, stack(0x000000f3d1100000,0x000000f3d1200000)]
  0x000002301b0dc000 JavaThread "Attach Listener" daemon [_thread_blocked, id=19108, stack(0x000000f3d1200000,0x000000f3d1300000)]
  0x000002301b0dcee0 JavaThread "Service Thread" daemon [_thread_blocked, id=11256, stack(0x000000f3d1300000,0x000000f3d1400000)]
  0x000002301b0dd7b0 JavaThread "Monitor Deflation Thread" daemon [_thread_blocked, id=1392, stack(0x000000f3d1400000,0x000000f3d1500000)]
  0x000002301b0de3b0 JavaThread "C2 CompilerThread0" daemon [_thread_blocked, id=13404, stack(0x000000f3d1500000,0x000000f3d1600000)]
  0x000002301b0fc020 JavaThread "C1 CompilerThread0" daemon [_thread_blocked, id=2176, stack(0x000000f3d1600000,0x000000f3d1700000)]
  0x000002301b0fe940 JavaThread "Sweeper thread" daemon [_thread_blocked, id=17940, stack(0x000000f3d1700000,0x000000f3d1800000)]
  0x000002301b2619c0 JavaThread "Notification Thread" daemon [_thread_blocked, id=18848, stack(0x000000f3d1b00000,0x000000f3d1c00000)]
  0x000002301b27d9b0 JavaThread "Common-Cleaner" daemon [_thread_blocked, id=5368, stack(0x000000f3d1d00000,0x000000f3d1e00000)]
  0x000002301da878c0 JavaThread "Catalina-utility-1" [_thread_blocked, id=11552, stack(0x000000f3d3200000,0x000000f3d3300000)]
  0x000002301ea2f480 JavaThread "Catalina-utility-2" [_thread_blocked, id=19044, stack(0x000000f3d3300000,0x000000f3d3400000)]
  0x000002301ea2f960 JavaThread "container-0" [_thread_blocked, id=20200, stack(0x000000f3d3400000,0x000000f3d3500000)]
  0x000002301de2a9b0 JavaThread "MessageBroker-1" [_thread_blocked, id=21736, stack(0x000000f3d3500000,0x000000f3d3600000)]
  0x000002301de28640 JavaThread "http-nio-8085-exec-1" daemon [_thread_blocked, id=132, stack(0x000000f3d3600000,0x000000f3d3700000)]
  0x000002301de29060 JavaThread "http-nio-8085-exec-2" daemon [_thread_blocked, id=4932, stack(0x000000f3d3700000,0x000000f3d3800000)]
  0x000002301de28b50 JavaThread "http-nio-8085-exec-3" daemon [_thread_blocked, id=9556, stack(0x000000f3d3800000,0x000000f3d3900000)]
  0x000002301de2b8e0 JavaThread "http-nio-8085-exec-4" daemon [_thread_blocked, id=10312, stack(0x000000f3d3900000,0x000000f3d3a00000)]
  0x000002301de29570 JavaThread "http-nio-8085-exec-5" daemon [_thread_blocked, id=15896, stack(0x000000f3d3a00000,0x000000f3d3b00000)]
  0x000002301de29a80 JavaThread "http-nio-8085-exec-6" daemon [_thread_blocked, id=18192, stack(0x000000f3d3b00000,0x000000f3d3c00000)]
  0x000002301de29f90 JavaThread "http-nio-8085-exec-7" daemon [_thread_blocked, id=12292, stack(0x000000f3d3c00000,0x000000f3d3d00000)]
  0x000002301de2aec0 JavaThread "http-nio-8085-exec-8" daemon [_thread_blocked, id=768, stack(0x000000f3d3d00000,0x000000f3d3e00000)]
  0x000002301de2b3d0 JavaThread "http-nio-8085-exec-9" daemon [_thread_blocked, id=11388, stack(0x000000f3d3e00000,0x000000f3d3f00000)]
  0x000002301de2bdf0 JavaThread "http-nio-8085-exec-10" daemon [_thread_blocked, id=19648, stack(0x000000f3d3f00000,0x000000f3d4000000)]
  0x000002301e486820 JavaThread "http-nio-8085-Poller" daemon [_thread_in_native, id=14928, stack(0x000000f3d4000000,0x000000f3d4100000)]
  0x000002301e4844b0 JavaThread "http-nio-8085-Acceptor" daemon [_thread_in_native, id=2688, stack(0x000000f3d4100000,0x000000f3d4200000)]
  0x000002301e4890a0 JavaThread "DestroyJavaVM" [_thread_blocked, id=2740, stack(0x000000f3d0800000,0x000000f3d0900000)]
  0x000002301e4858f0 JavaThread "MessageBroker-2" [_thread_blocked, id=18568, stack(0x000000f3d0600000,0x000000f3d0700000)]
  0x000002301e486d30 JavaThread "Thread-1" daemon [_thread_blocked, id=7240, stack(0x000000f3d0500000,0x000000f3d0600000)]
  0x000002301e4895b0 JavaThread "Thread-2" daemon [_thread_blocked, id=22404, stack(0x000000f3d0700000,0x000000f3d0800000)]

Other Threads:
=>0x000002301b016210 VMThread "VM Thread" [stack: 0x000000f3d0e00000,0x000000f3d0f00000] [id=10068]
  0x000002307f2df590 WatcherThread [stack: 0x000000f3d1c00000,0x000000f3d1d00000] [id=2896]
  0x0000023076c66000 GCTaskThread "GC Thread#0" [stack: 0x000000f3d0900000,0x000000f3d0a00000] [id=16064]
  0x000002301cd10ce0 GCTaskThread "GC Thread#1" [stack: 0x000000f3d2000000,0x000000f3d2100000] [id=12960]
  0x000002301c350b50 GCTaskThread "GC Thread#2" [stack: 0x000000f3d2100000,0x000000f3d2200000] [id=21712]
  0x000002301c5e7aa0 GCTaskThread "GC Thread#3" [stack: 0x000000f3d2200000,0x000000f3d2300000] [id=2456]
  0x000002301c7570e0 GCTaskThread "GC Thread#4" [stack: 0x000000f3d2300000,0x000000f3d2400000] [id=1608]
  0x000002301be82b90 GCTaskThread "GC Thread#5" [stack: 0x000000f3d2400000,0x000000f3d2500000] [id=9824]
  0x000002301bba2580 GCTaskThread "GC Thread#6" [stack: 0x000000f3d2600000,0x000000f3d2700000] [id=7308]
  0x000002301b979890 GCTaskThread "GC Thread#7" [stack: 0x000000f3d2700000,0x000000f3d2800000] [id=12040]
  0x000002301bf882a0 GCTaskThread "GC Thread#8" [stack: 0x000000f3d2800000,0x000000f3d2900000] [id=1652]
  0x000002301bb64660 GCTaskThread "GC Thread#9" [stack: 0x000000f3d2900000,0x000000f3d2a00000] [id=19968]
  0x000002301ceeb280 GCTaskThread "GC Thread#10" [stack: 0x000000f3d2500000,0x000000f3d2600000] [id=15788]
  0x000002301ceeb800 GCTaskThread "GC Thread#11" [stack: 0x000000f3d2e00000,0x000000f3d2f00000] [id=9712]
  0x000002301ceebd80 GCTaskThread "GC Thread#12" [stack: 0x000000f3d2f00000,0x000000f3d3000000] [id=8668]
  0x000002301ceeaa40 GCTaskThread "GC Thread#13" [stack: 0x000000f3d3000000,0x000000f3d3100000] [id=12892]
  0x000002301ceec040 GCTaskThread "GC Thread#14" [stack: 0x000000f3d3100000,0x000000f3d3200000] [id=10984]
  0x0000023076c772d0 ConcurrentGCThread "G1 Main Marker" [stack: 0x000000f3d0a00000,0x000000f3d0b00000] [id=16080]
  0x0000023076c77ce0 ConcurrentGCThread "G1 Conc#0" [stack: 0x000000f3d0b00000,0x000000f3d0c00000] [id=10800]
  0x000002301cb38d10 ConcurrentGCThread "G1 Conc#1" [stack: 0x000000f3d2a00000,0x000000f3d2b00000] [id=1060]
  0x000002301ceea780 ConcurrentGCThread "G1 Conc#2" [stack: 0x000000f3d2b00000,0x000000f3d2c00000] [id=18244]
  0x000002301ceebac0 ConcurrentGCThread "G1 Conc#3" [stack: 0x000000f3d2c00000,0x000000f3d2d00000] [id=11736]
  0x000002307f395780 ConcurrentGCThread "G1 Refine#0" [stack: 0x000000f3d0c00000,0x000000f3d0d00000] [id=8664]
  0x000002307f3970d0 ConcurrentGCThread "G1 Service" [stack: 0x000000f3d0d00000,0x000000f3d0e00000] [id=21436]

Threads with active compile tasks:

VM state: at safepoint (normal execution)

VM Mutex/Monitor currently owned by a thread:  ([mutex/lock_event])
[0x00000230749ca9f0] Threads_lock - owner thread: 0x000002301b016210
[0x00000230749ca180] Heap_lock - owner thread: 0x000002301e486d30

Heap address: 0x0000000704e00000, size: 4018 MB, Compressed Oops mode: Zero based, Oop shift amount: 3

CDS archive(s) not mapped
Compressed class space mapped at: 0x0000000800000000-0x0000000840000000, reserved size: 1073741824
Narrow klass base: 0x0000000800000000, Narrow klass shift: 0, Narrow klass range: 0x40000000

GC Precious Log:
 CPUs: 20 total, 20 available
 Memory: 16068M
 Large Page Support: Disabled
 NUMA Support: Disabled
 Compressed Oops: Enabled (Zero based)
 Heap Region Size: 2M
 Heap Min Capacity: 8M
 Heap Initial Capacity: 252M
 Heap Max Capacity: 4018M
 Pre-touch: Disabled
 Parallel Workers: 15
 Concurrent Workers: 4
 Concurrent Refinement Workers: 15
 Periodic GC: Disabled

Heap:
 garbage-first heap   total 352256K, used 16665K [0x0000000704e00000, 0x0000000800000000)
  region size 2048K, 1 young (2048K), 1 survivors (2048K)
 Metaspace       used 44346K, committed 44864K, reserved 1114112K
  class space    used 5045K, committed 5312K, reserved 1048576K

Heap Regions: E=young(eden), S=young(survivor), O=old, HS=humongous(starts), HC=humongous(continues), CS=collection set, F=free, OA=open archive, CA=closed archive, TAMS=top-at-mark-start (previous, next)
|   0|0x0000000704e00000, 0x0000000705000000, 0x0000000705000000|100%| O|  |TAMS 0x0000000705000000, 0x0000000704e00000| Untracked 
|   1|0x0000000705000000, 0x0000000705200000, 0x0000000705200000|100%| O|  |TAMS 0x0000000705200000, 0x0000000705000000| Untracked 
|   2|0x0000000705200000, 0x0000000705400000, 0x0000000705400000|100%| O|  |TAMS 0x0000000705200000, 0x0000000705200000| Untracked 
|   3|0x0000000705400000, 0x0000000705600000, 0x0000000705600000|100%| O|  |TAMS 0x0000000705600000, 0x0000000705400000| Untracked 
|   4|0x0000000705600000, 0x0000000705800000, 0x0000000705800000|100%| O|  |TAMS 0x0000000705800000, 0x0000000705600000| Untracked 
|   5|0x0000000705800000, 0x0000000705800000, 0x0000000705a00000|  0%| F|  |TAMS 0x0000000705800000, 0x0000000705800000| Untracked 
|   6|0x0000000705a00000, 0x0000000705c00000, 0x0000000705c00000|100%| O|  |TAMS 0x0000000705a00000, 0x0000000705a00000| Untracked 
|   7|0x0000000705c00000, 0x0000000705e00000, 0x0000000705e00000|100%| O|  |TAMS 0x0000000705c00000, 0x0000000705c00000| Untracked 
|   8|0x0000000705e00000, 0x0000000705f9da00, 0x0000000706000000| 80%| O|  |TAMS 0x0000000705e00000, 0x0000000705e00000| Untracked 
|   9|0x0000000706000000, 0x0000000706000000, 0x0000000706200000|  0%| F|  |TAMS 0x0000000706000000, 0x0000000706000000| Untracked 
|  10|0x0000000706200000, 0x0000000706200000, 0x0000000706400000|  0%| F|  |TAMS 0x0000000706200000, 0x0000000706200000| Untracked 
|  11|0x0000000706400000, 0x0000000706400000, 0x0000000706600000|  0%| F|  |TAMS 0x0000000706400000, 0x0000000706400000| Untracked 
|  12|0x0000000706600000, 0x0000000706600000, 0x0000000706800000|  0%| F|  |TAMS 0x0000000706600000, 0x0000000706600000| Untracked 
|  13|0x0000000706800000, 0x0000000706800000, 0x0000000706a00000|  0%| F|  |TAMS 0x0000000706800000, 0x0000000706800000| Untracked 
|  14|0x0000000706a00000, 0x0000000706a00000, 0x0000000706c00000|  0%| F|  |TAMS 0x0000000706a00000, 0x0000000706a00000| Untracked 
|  15|0x0000000706c00000, 0x0000000706c00000, 0x0000000706e00000|  0%| F|  |TAMS 0x0000000706c00000, 0x0000000706c00000| Untracked 
|  16|0x0000000706e00000, 0x0000000706e00000, 0x0000000707000000|  0%| F|  |TAMS 0x0000000706e00000, 0x0000000706e00000| Untracked 
|  17|0x0000000707000000, 0x0000000707000000, 0x0000000707200000|  0%| F|  |TAMS 0x0000000707000000, 0x0000000707000000| Untracked 
|  18|0x0000000707200000, 0x0000000707200000, 0x0000000707400000|  0%| F|  |TAMS 0x0000000707200000, 0x0000000707200000| Untracked 
|  19|0x0000000707400000, 0x0000000707400000, 0x0000000707600000|  0%| F|  |TAMS 0x0000000707400000, 0x0000000707400000| Untracked 
|  20|0x0000000707600000, 0x0000000707600000, 0x0000000707800000|  0%| F|  |TAMS 0x0000000707600000, 0x0000000707600000| Untracked 
|  21|0x0000000707800000, 0x0000000707800000, 0x0000000707a00000|  0%| F|  |TAMS 0x0000000707800000, 0x0000000707800000| Untracked 
|  22|0x0000000707a00000, 0x0000000707a00000, 0x0000000707c00000|  0%| F|  |TAMS 0x0000000707a00000, 0x0000000707a00000| Untracked 
|  23|0x0000000707c00000, 0x0000000707c00000, 0x0000000707e00000|  0%| F|  |TAMS 0x0000000707c00000, 0x0000000707c00000| Untracked 
|  24|0x0000000707e00000, 0x0000000707e00000, 0x0000000708000000|  0%| F|  |TAMS 0x0000000707e00000, 0x0000000707e00000| Untracked 
|  25|0x0000000708000000, 0x0000000708000000, 0x0000000708200000|  0%| F|  |TAMS 0x0000000708000000, 0x0000000708000000| Untracked 
|  26|0x0000000708200000, 0x0000000708200000, 0x0000000708400000|  0%| F|  |TAMS 0x0000000708200000, 0x0000000708200000| Untracked 
|  27|0x0000000708400000, 0x0000000708400000, 0x0000000708600000|  0%| F|  |TAMS 0x0000000708400000, 0x0000000708400000| Untracked 
|  28|0x0000000708600000, 0x0000000708600000, 0x0000000708800000|  0%| F|  |TAMS 0x0000000708600000, 0x0000000708600000| Untracked 
|  29|0x0000000708800000, 0x0000000708800000, 0x0000000708a00000|  0%| F|  |TAMS 0x0000000708800000, 0x0000000708800000| Untracked 
|  30|0x0000000708a00000, 0x0000000708a00000, 0x0000000708c00000|  0%| F|  |TAMS 0x0000000708a00000, 0x0000000708a00000| Untracked 
|  31|0x0000000708c00000, 0x0000000708c00000, 0x0000000708e00000|  0%| F|  |TAMS 0x0000000708c00000, 0x0000000708c00000| Untracked 
|  32|0x0000000708e00000, 0x0000000708e00000, 0x0000000709000000|  0%| F|  |TAMS 0x0000000708e00000, 0x0000000708e00000| Untracked 
|  33|0x0000000709000000, 0x0000000709000000, 0x0000000709200000|  0%| F|  |TAMS 0x0000000709000000, 0x0000000709000000| Untracked 
|  34|0x0000000709200000, 0x0000000709200000, 0x0000000709400000|  0%| F|  |TAMS 0x0000000709200000, 0x0000000709200000| Untracked 
|  35|0x0000000709400000, 0x0000000709400000, 0x0000000709600000|  0%| F|  |TAMS 0x0000000709400000, 0x0000000709400000| Untracked 
|  36|0x0000000709600000, 0x0000000709600000, 0x0000000709800000|  0%| F|  |TAMS 0x0000000709600000, 0x0000000709600000| Untracked 
|  37|0x0000000709800000, 0x0000000709800000, 0x0000000709a00000|  0%| F|  |TAMS 0x0000000709800000, 0x0000000709800000| Untracked 
|  38|0x0000000709a00000, 0x0000000709a00000, 0x0000000709c00000|  0%| F|  |TAMS 0x0000000709a00000, 0x0000000709a00000| Untracked 
|  39|0x0000000709c00000, 0x0000000709c00000, 0x0000000709e00000|  0%| F|  |TAMS 0x0000000709c00000, 0x0000000709c00000| Untracked 
|  40|0x0000000709e00000, 0x0000000709e00000, 0x000000070a000000|  0%| F|  |TAMS 0x0000000709e00000, 0x0000000709e00000| Untracked 
|  41|0x000000070a000000, 0x000000070a000000, 0x000000070a200000|  0%| F|  |TAMS 0x000000070a000000, 0x000000070a000000| Untracked 
|  42|0x000000070a200000, 0x000000070a200000, 0x000000070a400000|  0%| F|  |TAMS 0x000000070a200000, 0x000000070a200000| Untracked 
|  43|0x000000070a400000, 0x000000070a400000, 0x000000070a600000|  0%| F|  |TAMS 0x000000070a400000, 0x000000070a400000| Untracked 
|  44|0x000000070a600000, 0x000000070a600000, 0x000000070a800000|  0%| F|  |TAMS 0x000000070a600000, 0x000000070a600000| Untracked 
|  45|0x000000070a800000, 0x000000070a800000, 0x000000070aa00000|  0%| F|  |TAMS 0x000000070a800000, 0x000000070a800000| Untracked 
|  46|0x000000070aa00000, 0x000000070aa00000, 0x000000070ac00000|  0%| F|  |TAMS 0x000000070aa00000, 0x000000070aa00000| Untracked 
|  47|0x000000070ac00000, 0x000000070ac00000, 0x000000070ae00000|  0%| F|  |TAMS 0x000000070ac00000, 0x000000070ac00000| Untracked 
|  48|0x000000070ae00000, 0x000000070ae00000, 0x000000070b000000|  0%| F|  |TAMS 0x000000070ae00000, 0x000000070ae00000| Untracked 
|  49|0x000000070b000000, 0x000000070b000000, 0x000000070b200000|  0%| F|  |TAMS 0x000000070b000000, 0x000000070b000000| Untracked 
|  50|0x000000070b200000, 0x000000070b200000, 0x000000070b400000|  0%| F|  |TAMS 0x000000070b200000, 0x000000070b200000| Untracked 
|  51|0x000000070b400000, 0x000000070b400000, 0x000000070b600000|  0%| F|  |TAMS 0x000000070b400000, 0x000000070b400000| Untracked 
|  52|0x000000070b600000, 0x000000070b600000, 0x000000070b800000|  0%| F|  |TAMS 0x000000070b600000, 0x000000070b600000| Untracked 
|  53|0x000000070b800000, 0x000000070b800000, 0x000000070ba00000|  0%| F|  |TAMS 0x000000070b800000, 0x000000070b800000| Untracked 
|  54|0x000000070ba00000, 0x000000070ba00000, 0x000000070bc00000|  0%| F|  |TAMS 0x000000070ba00000, 0x000000070ba00000| Untracked 
|  55|0x000000070bc00000, 0x000000070bc00000, 0x000000070be00000|  0%| F|  |TAMS 0x000000070bc00000, 0x000000070bc00000| Untracked 
|  56|0x000000070be00000, 0x000000070be00000, 0x000000070c000000|  0%| F|  |TAMS 0x000000070be00000, 0x000000070be00000| Untracked 
|  57|0x000000070c000000, 0x000000070c000000, 0x000000070c200000|  0%| F|  |TAMS 0x000000070c000000, 0x000000070c000000| Untracked 
|  58|0x000000070c200000, 0x000000070c200000, 0x000000070c400000|  0%| F|  |TAMS 0x000000070c200000, 0x000000070c200000| Untracked 
|  59|0x000000070c400000, 0x000000070c400000, 0x000000070c600000|  0%| F|  |TAMS 0x000000070c400000, 0x000000070c400000| Untracked 
|  60|0x000000070c600000, 0x000000070c600000, 0x000000070c800000|  0%| F|  |TAMS 0x000000070c600000, 0x000000070c600000| Untracked 
|  61|0x000000070c800000, 0x000000070c800000, 0x000000070ca00000|  0%| F|  |TAMS 0x000000070c800000, 0x000000070c800000| Untracked 
|  62|0x000000070ca00000, 0x000000070ca00000, 0x000000070cc00000|  0%| F|  |TAMS 0x000000070ca00000, 0x000000070ca00000| Untracked 
|  63|0x000000070cc00000, 0x000000070cc00000, 0x000000070ce00000|  0%| F|  |TAMS 0x000000070cc00000, 0x000000070cc00000| Untracked 
|  64|0x000000070ce00000, 0x000000070ce00000, 0x000000070d000000|  0%| F|  |TAMS 0x000000070ce00000, 0x000000070ce00000| Untracked 
|  65|0x000000070d000000, 0x000000070d000000, 0x000000070d200000|  0%| F|  |TAMS 0x000000070d000000, 0x000000070d000000| Untracked 
|  66|0x000000070d200000, 0x000000070d200000, 0x000000070d400000|  0%| F|  |TAMS 0x000000070d200000, 0x000000070d200000| Untracked 
|  67|0x000000070d400000, 0x000000070d400000, 0x000000070d600000|  0%| F|  |TAMS 0x000000070d400000, 0x000000070d400000| Untracked 
|  68|0x000000070d600000, 0x000000070d600000, 0x000000070d800000|  0%| F|  |TAMS 0x000000070d600000, 0x000000070d600000| Untracked 
|  69|0x000000070d800000, 0x000000070d8a8a80, 0x000000070da00000| 32%| S|CS|TAMS 0x000000070d800000, 0x000000070d800000| Complete 
|  70|0x000000070da00000, 0x000000070da00000, 0x000000070dc00000|  0%| F|  |TAMS 0x000000070da00000, 0x000000070da00000| Untracked 
|  71|0x000000070dc00000, 0x000000070dc00000, 0x000000070de00000|  0%| F|  |TAMS 0x000000070dc00000, 0x000000070dc00000| Untracked 
|  72|0x000000070de00000, 0x000000070de00000, 0x000000070e000000|  0%| F|  |TAMS 0x000000070de00000, 0x000000070de00000| Untracked 
|  73|0x000000070e000000, 0x000000070e000000, 0x000000070e200000|  0%| F|  |TAMS 0x000000070e000000, 0x000000070e000000| Untracked 
|  74|0x000000070e200000, 0x000000070e200000, 0x000000070e400000|  0%| F|  |TAMS 0x000000070e200000, 0x000000070e200000| Untracked 
|  75|0x000000070e400000, 0x000000070e400000, 0x000000070e600000|  0%| F|  |TAMS 0x000000070e400000, 0x000000070e400000| Untracked 
|  76|0x000000070e600000, 0x000000070e600000, 0x000000070e800000|  0%| F|  |TAMS 0x000000070e600000, 0x000000070e600000| Untracked 
|  77|0x000000070e800000, 0x000000070e800000, 0x000000070ea00000|  0%| F|  |TAMS 0x000000070e800000, 0x000000070e800000| Untracked 
|  78|0x000000070ea00000, 0x000000070ea00000, 0x000000070ec00000|  0%| F|  |TAMS 0x000000070ea00000, 0x000000070ea00000| Untracked 
|  79|0x000000070ec00000, 0x000000070ec00000, 0x000000070ee00000|  0%| F|  |TAMS 0x000000070ec00000, 0x000000070ec00000| Untracked 
|  80|0x000000070ee00000, 0x000000070ee00000, 0x000000070f000000|  0%| F|  |TAMS 0x000000070ee00000, 0x000000070ee00000| Untracked 
|  81|0x000000070f000000, 0x000000070f000000, 0x000000070f200000|  0%| F|  |TAMS 0x000000070f000000, 0x000000070f000000| Untracked 
|  82|0x000000070f200000, 0x000000070f200000, 0x000000070f400000|  0%| F|  |TAMS 0x000000070f200000, 0x000000070f200000| Untracked 
|  83|0x000000070f400000, 0x000000070f400000, 0x000000070f600000|  0%| F|  |TAMS 0x000000070f400000, 0x000000070f400000| Untracked 
|  84|0x000000070f600000, 0x000000070f600000, 0x000000070f800000|  0%| F|  |TAMS 0x000000070f600000, 0x000000070f600000| Untracked 
|  85|0x000000070f800000, 0x000000070f800000, 0x000000070fa00000|  0%| F|  |TAMS 0x000000070f800000, 0x000000070f800000| Untracked 
|  86|0x000000070fa00000, 0x000000070fa00000, 0x000000070fc00000|  0%| F|  |TAMS 0x000000070fa00000, 0x000000070fa00000| Untracked 
|  87|0x000000070fc00000, 0x000000070fc00000, 0x000000070fe00000|  0%| F|  |TAMS 0x000000070fc00000, 0x000000070fc00000| Untracked 
|  88|0x000000070fe00000, 0x000000070fe00000, 0x0000000710000000|  0%| F|  |TAMS 0x000000070fe00000, 0x000000070fe00000| Untracked 
|  89|0x0000000710000000, 0x0000000710000000, 0x0000000710200000|  0%| F|  |TAMS 0x0000000710000000, 0x0000000710000000| Untracked 
|  90|0x0000000710200000, 0x0000000710200000, 0x0000000710400000|  0%| F|  |TAMS 0x0000000710200000, 0x0000000710200000| Untracked 
|  91|0x0000000710400000, 0x0000000710400000, 0x0000000710600000|  0%| F|  |TAMS 0x0000000710400000, 0x0000000710400000| Untracked 
|  92|0x0000000710600000, 0x0000000710600000, 0x0000000710800000|  0%| F|  |TAMS 0x0000000710600000, 0x0000000710600000| Untracked 
|  93|0x0000000710800000, 0x0000000710800000, 0x0000000710a00000|  0%| F|  |TAMS 0x0000000710800000, 0x0000000710800000| Untracked 
|  94|0x0000000710a00000, 0x0000000710a00000, 0x0000000710c00000|  0%| F|  |TAMS 0x0000000710a00000, 0x0000000710a00000| Untracked 
|  95|0x0000000710c00000, 0x0000000710c00000, 0x0000000710e00000|  0%| F|  |TAMS 0x0000000710c00000, 0x0000000710c00000| Untracked 
|  96|0x0000000710e00000, 0x0000000710e00000, 0x0000000711000000|  0%| F|  |TAMS 0x0000000710e00000, 0x0000000710e00000| Untracked 
|  97|0x0000000711000000, 0x0000000711000000, 0x0000000711200000|  0%| F|  |TAMS 0x0000000711000000, 0x0000000711000000| Untracked 
|  98|0x0000000711200000, 0x0000000711200000, 0x0000000711400000|  0%| F|  |TAMS 0x0000000711200000, 0x0000000711200000| Untracked 
|  99|0x0000000711400000, 0x0000000711400000, 0x0000000711600000|  0%| F|  |TAMS 0x0000000711400000, 0x0000000711400000| Untracked 
| 100|0x0000000711600000, 0x0000000711600000, 0x0000000711800000|  0%| F|  |TAMS 0x0000000711600000, 0x0000000711600000| Untracked 
| 101|0x0000000711800000, 0x0000000711800000, 0x0000000711a00000|  0%| F|  |TAMS 0x0000000711800000, 0x0000000711800000| Untracked 
| 102|0x0000000711a00000, 0x0000000711a00000, 0x0000000711c00000|  0%| F|  |TAMS 0x0000000711a00000, 0x0000000711a00000| Untracked 
| 103|0x0000000711c00000, 0x0000000711c00000, 0x0000000711e00000|  0%| F|  |TAMS 0x0000000711c00000, 0x0000000711c00000| Untracked 
| 104|0x0000000711e00000, 0x0000000711e00000, 0x0000000712000000|  0%| F|  |TAMS 0x0000000711e00000, 0x0000000711e00000| Untracked 
| 105|0x0000000712000000, 0x0000000712000000, 0x0000000712200000|  0%| F|  |TAMS 0x0000000712000000, 0x0000000712000000| Untracked 
| 106|0x0000000712200000, 0x0000000712200000, 0x0000000712400000|  0%| F|  |TAMS 0x0000000712200000, 0x0000000712200000| Untracked 
| 107|0x0000000712400000, 0x0000000712400000, 0x0000000712600000|  0%| F|  |TAMS 0x0000000712400000, 0x0000000712400000| Untracked 
| 108|0x0000000712600000, 0x0000000712600000, 0x0000000712800000|  0%| F|  |TAMS 0x0000000712600000, 0x0000000712600000| Untracked 
| 109|0x0000000712800000, 0x0000000712800000, 0x0000000712a00000|  0%| F|  |TAMS 0x0000000712800000, 0x0000000712800000| Untracked 
| 110|0x0000000712a00000, 0x0000000712a00000, 0x0000000712c00000|  0%| F|  |TAMS 0x0000000712a00000, 0x0000000712a00000| Untracked 
| 111|0x0000000712c00000, 0x0000000712c00000, 0x0000000712e00000|  0%| F|  |TAMS 0x0000000712c00000, 0x0000000712c00000| Untracked 
| 112|0x0000000712e00000, 0x0000000712e00000, 0x0000000713000000|  0%| F|  |TAMS 0x0000000712e00000, 0x0000000712e00000| Untracked 
| 113|0x0000000713000000, 0x0000000713000000, 0x0000000713200000|  0%| F|  |TAMS 0x0000000713000000, 0x0000000713000000| Untracked 
| 114|0x0000000713200000, 0x0000000713200000, 0x0000000713400000|  0%| F|  |TAMS 0x0000000713200000, 0x0000000713200000| Untracked 
| 115|0x0000000713400000, 0x0000000713400000, 0x0000000713600000|  0%| F|  |TAMS 0x0000000713400000, 0x0000000713400000| Untracked 
| 116|0x0000000713600000, 0x0000000713600000, 0x0000000713800000|  0%| F|  |TAMS 0x0000000713600000, 0x0000000713600000| Untracked 
| 117|0x0000000713800000, 0x0000000713800000, 0x0000000713a00000|  0%| F|  |TAMS 0x0000000713800000, 0x0000000713800000| Untracked 
| 118|0x0000000713a00000, 0x0000000713a00000, 0x0000000713c00000|  0%| F|  |TAMS 0x0000000713a00000, 0x0000000713a00000| Untracked 
| 119|0x0000000713c00000, 0x0000000713c00000, 0x0000000713e00000|  0%| F|  |TAMS 0x0000000713c00000, 0x0000000713c00000| Untracked 
| 120|0x0000000713e00000, 0x0000000713e00000, 0x0000000714000000|  0%| F|  |TAMS 0x0000000713e00000, 0x0000000713e00000| Untracked 
| 121|0x0000000714000000, 0x0000000714000000, 0x0000000714200000|  0%| F|  |TAMS 0x0000000714000000, 0x0000000714000000| Untracked 
| 122|0x0000000714200000, 0x0000000714200000, 0x0000000714400000|  0%| F|  |TAMS 0x0000000714200000, 0x0000000714200000| Untracked 
| 123|0x0000000714400000, 0x0000000714400000, 0x0000000714600000|  0%| F|  |TAMS 0x0000000714400000, 0x0000000714400000| Untracked 
| 124|0x0000000714600000, 0x0000000714600000, 0x0000000714800000|  0%| F|  |TAMS 0x0000000714600000, 0x0000000714600000| Untracked 
| 125|0x0000000714800000, 0x0000000714800000, 0x0000000714a00000|  0%| F|  |TAMS 0x0000000714800000, 0x0000000714800000| Untracked 
| 126|0x0000000714a00000, 0x0000000714a00000, 0x0000000714c00000|  0%| F|  |TAMS 0x0000000714a00000, 0x0000000714a00000| Untracked 
| 127|0x0000000714c00000, 0x0000000714c00000, 0x0000000714e00000|  0%| F|  |TAMS 0x0000000714c00000, 0x0000000714c00000| Untracked 
| 128|0x0000000714e00000, 0x0000000714e00000, 0x0000000715000000|  0%| F|  |TAMS 0x0000000714e00000, 0x0000000714e00000| Untracked 
| 129|0x0000000715000000, 0x0000000715000000, 0x0000000715200000|  0%| F|  |TAMS 0x0000000715000000, 0x0000000715000000| Untracked 
| 130|0x0000000715200000, 0x0000000715200000, 0x0000000715400000|  0%| F|  |TAMS 0x0000000715200000, 0x0000000715200000| Untracked 
| 131|0x0000000715400000, 0x0000000715400000, 0x0000000715600000|  0%| F|  |TAMS 0x0000000715400000, 0x0000000715400000| Untracked 
| 132|0x0000000715600000, 0x0000000715600000, 0x0000000715800000|  0%| F|  |TAMS 0x0000000715600000, 0x0000000715600000| Untracked 
| 133|0x0000000715800000, 0x0000000715800000, 0x0000000715a00000|  0%| F|  |TAMS 0x0000000715800000, 0x0000000715800000| Untracked 
| 134|0x0000000715a00000, 0x0000000715a00000, 0x0000000715c00000|  0%| F|  |TAMS 0x0000000715a00000, 0x0000000715a00000| Untracked 
| 135|0x0000000715c00000, 0x0000000715c00000, 0x0000000715e00000|  0%| F|  |TAMS 0x0000000715c00000, 0x0000000715c00000| Untracked 
| 136|0x0000000715e00000, 0x0000000715e00000, 0x0000000716000000|  0%| F|  |TAMS 0x0000000715e00000, 0x0000000715e00000| Untracked 
| 137|0x0000000716000000, 0x0000000716000000, 0x0000000716200000|  0%| F|  |TAMS 0x0000000716000000, 0x0000000716000000| Untracked 
| 138|0x0000000716200000, 0x0000000716200000, 0x0000000716400000|  0%| F|  |TAMS 0x0000000716200000, 0x0000000716200000| Untracked 
| 139|0x0000000716400000, 0x0000000716400000, 0x0000000716600000|  0%| F|  |TAMS 0x0000000716400000, 0x0000000716400000| Untracked 
| 140|0x0000000716600000, 0x0000000716600000, 0x0000000716800000|  0%| F|  |TAMS 0x0000000716600000, 0x0000000716600000| Untracked 
| 141|0x0000000716800000, 0x0000000716800000, 0x0000000716a00000|  0%| F|  |TAMS 0x0000000716800000, 0x0000000716800000| Untracked 
| 142|0x0000000716a00000, 0x0000000716a00000, 0x0000000716c00000|  0%| F|  |TAMS 0x0000000716a00000, 0x0000000716a00000| Untracked 
| 143|0x0000000716c00000, 0x0000000716c00000, 0x0000000716e00000|  0%| F|  |TAMS 0x0000000716c00000, 0x0000000716c00000| Untracked 
| 144|0x0000000716e00000, 0x0000000716e00000, 0x0000000717000000|  0%| F|  |TAMS 0x0000000716e00000, 0x0000000716e00000| Untracked 
| 145|0x0000000717000000, 0x0000000717000000, 0x0000000717200000|  0%| F|  |TAMS 0x0000000717000000, 0x0000000717000000| Untracked 
| 146|0x0000000717200000, 0x0000000717200000, 0x0000000717400000|  0%| F|  |TAMS 0x0000000717200000, 0x0000000717200000| Untracked 
| 147|0x0000000717400000, 0x0000000717400000, 0x0000000717600000|  0%| F|  |TAMS 0x0000000717400000, 0x0000000717400000| Untracked 
| 148|0x0000000717600000, 0x0000000717600000, 0x0000000717800000|  0%| F|  |TAMS 0x0000000717600000, 0x0000000717600000| Untracked 
| 149|0x0000000717800000, 0x0000000717800000, 0x0000000717a00000|  0%| F|  |TAMS 0x0000000717800000, 0x0000000717800000| Untracked 
| 150|0x0000000717a00000, 0x0000000717a00000, 0x0000000717c00000|  0%| F|  |TAMS 0x0000000717a00000, 0x0000000717a00000| Untracked 
| 151|0x0000000717c00000, 0x0000000717c00000, 0x0000000717e00000|  0%| F|  |TAMS 0x0000000717c00000, 0x0000000717c00000| Untracked 
| 152|0x0000000717e00000, 0x0000000717e00000, 0x0000000718000000|  0%| F|  |TAMS 0x0000000717e00000, 0x0000000717e00000| Untracked 
| 153|0x0000000718000000, 0x0000000718000000, 0x0000000718200000|  0%| F|  |TAMS 0x0000000718000000, 0x0000000718000000| Untracked 
| 154|0x0000000718200000, 0x0000000718200000, 0x0000000718400000|  0%| F|  |TAMS 0x0000000718200000, 0x0000000718200000| Untracked 
| 155|0x0000000718400000, 0x0000000718400000, 0x0000000718600000|  0%| F|  |TAMS 0x0000000718400000, 0x0000000718400000| Untracked 
| 156|0x0000000718600000, 0x0000000718600000, 0x0000000718800000|  0%| F|  |TAMS 0x0000000718600000, 0x0000000718600000| Untracked 
| 157|0x0000000718800000, 0x0000000718800000, 0x0000000718a00000|  0%| F|  |TAMS 0x0000000718800000, 0x0000000718800000| Untracked 
| 158|0x0000000718a00000, 0x0000000718a00000, 0x0000000718c00000|  0%| F|  |TAMS 0x0000000718a00000, 0x0000000718a00000| Untracked 
| 159|0x0000000718c00000, 0x0000000718c00000, 0x0000000718e00000|  0%| F|  |TAMS 0x0000000718c00000, 0x0000000718c00000| Untracked 
| 160|0x0000000718e00000, 0x0000000718e00000, 0x0000000719000000|  0%| F|  |TAMS 0x0000000718e00000, 0x0000000718e00000| Untracked 
| 161|0x0000000719000000, 0x0000000719000000, 0x0000000719200000|  0%| F|  |TAMS 0x0000000719000000, 0x0000000719000000| Untracked 
| 162|0x0000000719200000, 0x0000000719200000, 0x0000000719400000|  0%| F|  |TAMS 0x0000000719200000, 0x0000000719200000| Untracked 
| 163|0x0000000719400000, 0x0000000719400000, 0x0000000719600000|  0%| F|  |TAMS 0x0000000719400000, 0x0000000719400000| Untracked 
| 164|0x0000000719600000, 0x0000000719600000, 0x0000000719800000|  0%| F|  |TAMS 0x0000000719600000, 0x0000000719600000| Untracked 
| 165|0x0000000719800000, 0x0000000719800000, 0x0000000719a00000|  0%| F|  |TAMS 0x0000000719800000, 0x0000000719800000| Untracked 
| 166|0x0000000719a00000, 0x0000000719a00000, 0x0000000719c00000|  0%| F|  |TAMS 0x0000000719a00000, 0x0000000719a00000| Untracked 
| 167|0x0000000719c00000, 0x0000000719c00000, 0x0000000719e00000|  0%| F|  |TAMS 0x0000000719c00000, 0x0000000719c00000| Untracked 
| 168|0x0000000719e00000, 0x0000000719e00000, 0x000000071a000000|  0%| F|  |TAMS 0x0000000719e00000, 0x0000000719e00000| Untracked 
| 169|0x000000071a000000, 0x000000071a000000, 0x000000071a200000|  0%| F|  |TAMS 0x000000071a000000, 0x000000071a000000| Untracked 
| 170|0x000000071a200000, 0x000000071a200000, 0x000000071a400000|  0%| F|  |TAMS 0x000000071a200000, 0x000000071a200000| Untracked 
| 171|0x000000071a400000, 0x000000071a400000, 0x000000071a600000|  0%| F|  |TAMS 0x000000071a400000, 0x000000071a400000| Untracked 

Card table byte_map: [0x000002307b530000,0x000002307bd10000] _byte_map_base: 0x0000023077d09000

Marking Bits (Prev, Next): (CMBitMap*) 0x0000023076c66620, (CMBitMap*) 0x0000023076c66660
 Prev Bits: [0x000002300f000000, 0x0000023012ec8000)
 Next Bits: [0x0000023012ed0000, 0x0000023016d98000)

Polling page: 0x00000230748a0000

Metaspace:

Usage:
  Non-class:     38.38 MB used.
      Class:      4.93 MB used.
       Both:     43.31 MB used.

Virtual space:
  Non-class space:       64.00 MB reserved,      38.62 MB ( 60%) committed,  1 nodes.
      Class space:        1.00 GB reserved,       5.19 MB ( <1%) committed,  1 nodes.
             Both:        1.06 GB reserved,      43.81 MB (  4%) committed. 

Chunk freelists:
   Non-Class:  9.02 MB
       Class:  10.75 MB
        Both:  19.76 MB

MaxMetaspaceSize: unlimited
CompressedClassSpaceSize: 1.00 GB
Initial GC threshold: 21.00 MB
Current GC threshold: 59.00 MB
CDS: off
MetaspaceReclaimPolicy: balanced
 - commit_granule_bytes: 65536.
 - commit_granule_words: 8192.
 - virtual_space_node_default_size: 8388608.
 - enlarge_chunks_in_place: 1.
 - new_chunks_are_fully_committed: 0.
 - uncommit_free_chunks: 1.
 - use_allocation_guard: 0.
 - handle_deallocations: 1.


Internal statistics:

num_allocs_failed_limit: 6.
num_arena_births: 754.
num_arena_deaths: 0.
num_vsnodes_births: 2.
num_vsnodes_deaths: 0.
num_space_committed: 701.
num_space_uncommitted: 0.
num_chunks_returned_to_freelist: 6.
num_chunks_taken_from_freelist: 2051.
num_chunk_merges: 6.
num_chunk_splits: 1358.
num_chunks_enlarged: 944.
num_inconsistent_stats: 0.

CodeHeap 'non-profiled nmethods': size=119168Kb used=5681Kb max_used=5681Kb free=113487Kb
 bounds [0x0000023007ba0000, 0x0000023008130000, 0x000002300f000000]
CodeHeap 'profiled nmethods': size=119104Kb used=9388Kb max_used=12194Kb free=109715Kb
 bounds [0x0000023000000000, 0x0000023000bf0000, 0x0000023007450000]
CodeHeap 'non-nmethods': size=7488Kb used=1251Kb max_used=3023Kb free=6236Kb
 bounds [0x0000023007450000, 0x0000023007750000, 0x0000023007ba0000]
 total_blobs=6140 nmethods=5576 adapters=476
 compilation: enabled
              stopped_count=0, restarted_count=0
 full_count=0

Compilation events (20 events):
Event: 83.081 Thread 0x000002301b0fc020 6977       1       org.apache.tomcat.util.net.SocketWrapperBase::reset (6 bytes)
Event: 83.081 Thread 0x000002301b0fc020 nmethod 6977 0x0000023008129990 code [0x0000023008129b20, 0x0000023008129c38]
Event: 83.113 Thread 0x000002301b0fc020 6979       1       sun.nio.ch.NativeThread::current (2 bytes)
Event: 83.113 Thread 0x000002301b0fc020 nmethod 6979 0x0000023008129c90 code [0x0000023008129e20, 0x0000023008129ed8]
Event: 83.114 Thread 0x000002301b0fc020 6980   !   3       sun.nio.ch.SocketChannelImpl::socket (54 bytes)
Event: 83.114 Thread 0x000002301b0fc020 nmethod 6980 0x00000230000b7d10 code [0x00000230000b7f00, 0x00000230000b8418]
Event: 83.202 Thread 0x000002301b0fc020 6981       3       java.lang.invoke.VarHandleGuards::guard_LII_Z (86 bytes)
Event: 83.203 Thread 0x000002301b0fc020 nmethod 6981 0x00000230002e6510 code [0x00000230002e6860, 0x00000230002e8608]
Event: 83.381 Thread 0x000002301b0fc020 6983       3       java.util.concurrent.ConcurrentHashMap$KeySetView::add (36 bytes)
Event: 83.381 Thread 0x000002301b0fc020 nmethod 6983 0x000002300057da90 code [0x000002300057dc40, 0x000002300057def8]
Event: 83.557 Thread 0x000002301b0fc020 6984       3       java.io.BufferedOutputStream::flushBuffer (29 bytes)
Event: 83.557 Thread 0x000002301b0fc020 nmethod 6984 0x00000230000baa10 code [0x00000230000babc0, 0x00000230000bae08]
Event: 84.251 Thread 0x000002301b0fc020 6985       3       java.io.PrintStream::ensureOpen (18 bytes)
Event: 84.251 Thread 0x000002301b0fc020 nmethod 6985 0x0000023000403190 code [0x0000023000403340, 0x0000023000403548]
Event: 84.252 Thread 0x000002301b0fc020 6986  s    3       java.io.BufferedOutputStream::flush (12 bytes)
Event: 84.252 Thread 0x000002301b0fc020 nmethod 6986 0x000002300008d610 code [0x000002300008d7e0, 0x000002300008dbf8]
Event: 85.075 Thread 0x000002301b0fc020 6987 % !   3       com.example.demo.Machine::run @ 3 (196 bytes)
Event: 85.081 Thread 0x000002301b0fc020 nmethod 6987% 0x0000023000798b90 code [0x0000023000799400, 0x000002300079df88]
Event: 85.084 Thread 0x000002301b0de3b0 6988 % !   4       com.example.demo.Machine::run @ 3 (196 bytes)
Event: 85.098 Thread 0x000002301b0de3b0 nmethod 6988% 0x000002300812a290 code [0x000002300812a5a0, 0x000002300812b4e8]

GC Heap History (20 events):
Event: 77.364 GC heap after
{Heap after GC invocations=24 (full 0):
 garbage-first heap   total 292864K, used 15979K [0x0000000704e00000, 0x0000000800000000)
  region size 2048K, 1 young (2048K), 1 survivors (2048K)
 Metaspace       used 44158K, committed 44736K, reserved 1114112K
  class space    used 5042K, committed 5312K, reserved 1048576K
}
Event: 77.419 GC heap before
{Heap before GC invocations=24 (full 0):
 garbage-first heap   total 292864K, used 188011K [0x0000000704e00000, 0x0000000800000000)
  region size 2048K, 85 young (174080K), 1 survivors (2048K)
 Metaspace       used 44287K, committed 44864K, reserved 1114112K
  class space    used 5042K, committed 5312K, reserved 1048576K
}
Event: 77.421 GC heap after
{Heap after GC invocations=25 (full 0):
 garbage-first heap   total 292864K, used 16094K [0x0000000704e00000, 0x0000000800000000)
  region size 2048K, 1 young (2048K), 1 survivors (2048K)
 Metaspace       used 44287K, committed 44864K, reserved 1114112K
  class space    used 5042K, committed 5312K, reserved 1048576K
}
Event: 77.473 GC heap before
{Heap before GC invocations=25 (full 0):
 garbage-first heap   total 292864K, used 188126K [0x0000000704e00000, 0x0000000800000000)
  region size 2048K, 85 young (174080K), 1 survivors (2048K)
 Metaspace       used 44301K, committed 44864K, reserved 1114112K
  class space    used 5042K, committed 5312K, reserved 1048576K
}
Event: 77.475 GC heap after
{Heap after GC invocations=26 (full 0):
 garbage-first heap   total 292864K, used 16098K [0x0000000704e00000, 0x0000000800000000)
  region size 2048K, 1 young (2048K), 1 survivors (2048K)
 Metaspace       used 44301K, committed 44864K, reserved 1114112K
  class space    used 5042K, committed 5312K, reserved 1048576K
}
Event: 77.531 GC heap before
{Heap before GC invocations=26 (full 0):
 garbage-first heap   total 292864K, used 188130K [0x0000000704e00000, 0x0000000800000000)
  region size 2048K, 85 young (174080K), 1 survivors (2048K)
 Metaspace       used 44307K, committed 44864K, reserved 1114112K
  class space    used 5042K, committed 5312K, reserved 1048576K
}
Event: 77.533 GC heap after
{Heap after GC invocations=27 (full 0):
 garbage-first heap   total 352256K, used 16112K [0x0000000704e00000, 0x0000000800000000)
  region size 2048K, 1 young (2048K), 1 survivors (2048K)
 Metaspace       used 44307K, committed 44864K, reserved 1114112K
  class space    used 5042K, committed 5312K, reserved 1048576K
}
Event: 77.619 GC heap before
{Heap before GC invocations=27 (full 0):
 garbage-first heap   total 352256K, used 225008K [0x0000000704e00000, 0x0000000800000000)
  region size 2048K, 103 young (210944K), 1 survivors (2048K)
 Metaspace       used 44308K, committed 44864K, reserved 1114112K
  class space    used 5042K, committed 5312K, reserved 1048576K
}
Event: 77.620 GC heap after
{Heap after GC invocations=28 (full 0):
 garbage-first heap   total 352256K, used 16108K [0x0000000704e00000, 0x0000000800000000)
  region size 2048K, 1 young (2048K), 1 survivors (2048K)
 Metaspace       used 44308K, committed 44864K, reserved 1114112K
  class space    used 5042K, committed 5312K, reserved 1048576K
}
Event: 79.987 GC heap before
{Heap before GC invocations=28 (full 0):
 garbage-first heap   total 352256K, used 225004K [0x0000000704e00000, 0x0000000800000000)
  region size 2048K, 103 young (210944K), 1 survivors (2048K)
 Metaspace       used 44323K, committed 44864K, reserved 1114112K
  class space    used 5043K, committed 5312K, reserved 1048576K
}
Event: 79.988 GC heap after
{Heap after GC invocations=29 (full 0):
 garbage-first heap   total 352256K, used 16331K [0x0000000704e00000, 0x0000000800000000)
  region size 2048K, 1 young (2048K), 1 survivors (2048K)
 Metaspace       used 44323K, committed 44864K, reserved 1114112K
  class space    used 5043K, committed 5312K, reserved 1048576K
}
Event: 85.076 GC heap before
{Heap before GC invocations=29 (full 0):
 garbage-first heap   total 352256K, used 225227K [0x0000000704e00000, 0x0000000800000000)
  region size 2048K, 103 young (210944K), 1 survivors (2048K)
 Metaspace       used 44346K, committed 44864K, reserved 1114112K
  class space    used 5045K, committed 5312K, reserved 1048576K
}
Event: 85.078 GC heap after
{Heap after GC invocations=30 (full 0):
 garbage-first heap   total 352256K, used 16619K [0x0000000704e00000, 0x0000000800000000)
  region size 2048K, 1 young (2048K), 1 survivors (2048K)
 Metaspace       used 44346K, committed 44864K, reserved 1114112K
  class space    used 5045K, committed 5312K, reserved 1048576K
}
Event: 85.134 GC heap before
{Heap before GC invocations=30 (full 0):
 garbage-first heap   total 352256K, used 225515K [0x0000000704e00000, 0x0000000800000000)
  region size 2048K, 103 young (210944K), 1 survivors (2048K)
 Metaspace       used 44346K, committed 44864K, reserved 1114112K
  class space    used 5045K, committed 5312K, reserved 1048576K
}
Event: 85.136 GC heap after
{Heap after GC invocations=31 (full 0):
 garbage-first heap   total 352256K, used 16648K [0x0000000704e00000, 0x0000000800000000)
  region size 2048K, 1 young (2048K), 1 survivors (2048K)
 Metaspace       used 44346K, committed 44864K, reserved 1114112K
  class space    used 5045K, committed 5312K, reserved 1048576K
}
Event: 85.187 GC heap before
{Heap before GC invocations=31 (full 0):
 garbage-first heap   total 352256K, used 225544K [0x0000000704e00000, 0x0000000800000000)
  region size 2048K, 103 young (210944K), 1 survivors (2048K)
 Metaspace       used 44346K, committed 44864K, reserved 1114112K
  class space    used 5045K, committed 5312K, reserved 1048576K
}
Event: 85.188 GC heap after
{Heap after GC invocations=32 (full 0):
 garbage-first heap   total 352256K, used 16658K [0x0000000704e00000, 0x0000000800000000)
  region size 2048K, 1 young (2048K), 1 survivors (2048K)
 Metaspace       used 44346K, committed 44864K, reserved 1114112K
  class space    used 5045K, committed 5312K, reserved 1048576K
}
Event: 85.239 GC heap before
{Heap before GC invocations=32 (full 0):
 garbage-first heap   total 352256K, used 225554K [0x0000000704e00000, 0x0000000800000000)
  region size 2048K, 103 young (210944K), 1 survivors (2048K)
 Metaspace       used 44346K, committed 44864K, reserved 1114112K
  class space    used 5045K, committed 5312K, reserved 1048576K
}
Event: 85.241 GC heap after
{Heap after GC invocations=33 (full 0):
 garbage-first heap   total 352256K, used 16669K [0x0000000704e00000, 0x0000000800000000)
  region size 2048K, 1 young (2048K), 1 survivors (2048K)
 Metaspace       used 44346K, committed 44864K, reserved 1114112K
  class space    used 5045K, committed 5312K, reserved 1048576K
}
Event: 85.292 GC heap before
{Heap before GC invocations=33 (full 0):
 garbage-first heap   total 352256K, used 225565K [0x0000000704e00000, 0x0000000800000000)
  region size 2048K, 103 young (210944K), 1 survivors (2048K)
 Metaspace       used 44346K, committed 44864K, reserved 1114112K
  class space    used 5045K, committed 5312K, reserved 1048576K
}

Dll operation events (8 events):
Event: 0.005 Loaded shared library C:\Users\User\Downloads\sts-4.20.1.RELEASE\plugins\org.eclipse.justj.openjdk.hotspot.jre.full.win32.x86_64_17.0.8.v20230831-1047\jre\bin\java.dll
Event: 0.087 Loaded shared library C:\Users\User\Downloads\sts-4.20.1.RELEASE\plugins\org.eclipse.justj.openjdk.hotspot.jre.full.win32.x86_64_17.0.8.v20230831-1047\jre\bin\net.dll
Event: 0.089 Loaded shared library C:\Users\User\Downloads\sts-4.20.1.RELEASE\plugins\org.eclipse.justj.openjdk.hotspot.jre.full.win32.x86_64_17.0.8.v20230831-1047\jre\bin\nio.dll
Event: 0.092 Loaded shared library C:\Users\User\Downloads\sts-4.20.1.RELEASE\plugins\org.eclipse.justj.openjdk.hotspot.jre.full.win32.x86_64_17.0.8.v20230831-1047\jre\bin\zip.dll
Event: 0.164 Loaded shared library C:\Users\User\Downloads\sts-4.20.1.RELEASE\plugins\org.eclipse.justj.openjdk.hotspot.jre.full.win32.x86_64_17.0.8.v20230831-1047\jre\bin\jimage.dll
Event: 0.798 Loaded shared library C:\Users\User\Downloads\sts-4.20.1.RELEASE\plugins\org.eclipse.justj.openjdk.hotspot.jre.full.win32.x86_64_17.0.8.v20230831-1047\jre\bin\sunmscapi.dll
Event: 1.573 Loaded shared library C:\Users\User\Downloads\sts-4.20.1.RELEASE\plugins\org.eclipse.justj.openjdk.hotspot.jre.full.win32.x86_64_17.0.8.v20230831-1047\jre\bin\management.dll
Event: 1.575 Loaded shared library C:\Users\User\Downloads\sts-4.20.1.RELEASE\plugins\org.eclipse.justj.openjdk.hotspot.jre.full.win32.x86_64_17.0.8.v20230831-1047\jre\bin\management_ext.dll

Deoptimization events (20 events):
Event: 81.670 Thread 0x000002301de28640 DEOPT PACKING pc=0x000002300810970c sp=0x000000f3d36fe2d0
Event: 81.670 Thread 0x000002301de28640 DEOPT UNPACKING pc=0x00000230074a69a3 sp=0x000000f3d36fdf88 mode 2
Event: 81.679 Thread 0x000002301de2bdf0 Uncommon trap: trap_request=0xffffffbe fr.pc=0x000002300810dae0 relative=0x0000000000000440
Event: 81.679 Thread 0x000002301de2bdf0 Uncommon trap: reason=profile_predicate action=maybe_recompile pc=0x000002300810dae0 method=java.util.concurrent.ConcurrentHashMap$Traverser.advance()Ljava/util/concurrent/ConcurrentHashMap$Node; @ 15 c2
Event: 81.679 Thread 0x000002301de2bdf0 DEOPT PACKING pc=0x000002300810dae0 sp=0x000000f3d3ffe240
Event: 81.679 Thread 0x000002301de2bdf0 DEOPT UNPACKING pc=0x00000230074a69a3 sp=0x000000f3d3ffdf90 mode 2
Event: 81.732 Thread 0x000002301da878c0 Uncommon trap: trap_request=0xffffff45 fr.pc=0x000002300805ec04 relative=0x00000000000007e4
Event: 81.732 Thread 0x000002301da878c0 Uncommon trap: reason=unstable_if action=reinterpret pc=0x000002300805ec04 method=org.apache.catalina.core.StandardContext.bind(ZLjava/lang/ClassLoader;)Ljava/lang/ClassLoader; @ 26 c2
Event: 81.732 Thread 0x000002301da878c0 DEOPT PACKING pc=0x000002300805ec04 sp=0x000000f3d32fee40
Event: 81.732 Thread 0x000002301da878c0 DEOPT UNPACKING pc=0x00000230074a69a3 sp=0x000000f3d32fee28 mode 2
Event: 81.732 Thread 0x000002301da878c0 Uncommon trap: trap_request=0xffffff45 fr.pc=0x0000023007f995d8 relative=0x00000000000007b8
Event: 81.732 Thread 0x000002301da878c0 Uncommon trap: reason=unstable_if action=reinterpret pc=0x0000023007f995d8 method=java.util.TreeMap.compare(Ljava/lang/Object;Ljava/lang/Object;)I @ 4 c2
Event: 81.732 Thread 0x000002301da878c0 DEOPT PACKING pc=0x0000023007f995d8 sp=0x000000f3d32fea90
Event: 81.732 Thread 0x000002301da878c0 DEOPT UNPACKING pc=0x00000230074a69a3 sp=0x000000f3d32fea18 mode 2
Event: 81.732 Thread 0x000002301da878c0 Uncommon trap: trap_request=0xffffffbe fr.pc=0x0000023007fe2e9c relative=0x0000000000002edc
Event: 81.732 Thread 0x000002301da878c0 Uncommon trap: reason=profile_predicate action=maybe_recompile pc=0x0000023007fe2e9c method=java.util.TreeMap.put(Ljava/lang/Object;Ljava/lang/Object;Z)Ljava/lang/Object; @ 27 c2
Event: 81.732 Thread 0x000002301da878c0 DEOPT PACKING pc=0x0000023007fe2e9c sp=0x000000f3d32feb30
Event: 81.732 Thread 0x000002301da878c0 DEOPT UNPACKING pc=0x00000230074a69a3 sp=0x000000f3d32feac8 mode 2
Event: 85.099 Thread 0x000002301e486d30 DEOPT PACKING pc=0x000002300079d0fe sp=0x000000f3d05ff4e0
Event: 85.099 Thread 0x000002301e486d30 DEOPT UNPACKING pc=0x00000230074a7143 sp=0x000000f3d05feb20 mode 0

Classes unloaded (0 events):
No events

Classes redefined (0 events):
No events

Internal exceptions (20 events):
Event: 2.036 Thread 0x00000230749ce020 Exception <a 'java/lang/NoSuchMethodError'{0x0000000706d5bf60}: 'java.lang.Object java.lang.invoke.DirectMethodHandle$Holder.newInvokeSpecial(java.lang.Object, java.lang.Object, int, java.lang.Object, java.lang.Object)'> (0x0000000706d5bf60) 
thrown [s\src\hotspot\share\interpreter\linkResolver.cpp, line 759]
Event: 2.036 Thread 0x00000230749ce020 Exception <a 'java/lang/NoSuchMethodError'{0x0000000706d675d8}: 'java.lang.Object java.lang.invoke.DirectMethodHandle$Holder.invokeSpecial(java.lang.Object, java.lang.Object, int, java.lang.Object, int, java.lang.Object)'> (0x0000000706d675d8) 
thrown [s\src\hotspot\share\interpreter\linkResolver.cpp, line 759]
Event: 2.037 Thread 0x00000230749ce020 Exception <a 'java/lang/NoSuchMethodError'{0x0000000706d6f3e0}: 'java.lang.Object java.lang.invoke.DirectMethodHandle$Holder.newInvokeSpecial(java.lang.Object, java.lang.Object, int, java.lang.Object, int)'> (0x0000000706d6f3e0) 
thrown [s\src\hotspot\share\interpreter\linkResolver.cpp, line 759]
Event: 2.037 Thread 0x00000230749ce020 Exception <a 'java/lang/NoSuchMethodError'{0x0000000706d734e0}: 'java.lang.Object java.lang.invoke.DirectMethodHandle$Holder.invokeSpecial(java.lang.Object, java.lang.Object, java.lang.Object, int, java.lang.Object, int)'> (0x0000000706d734e0) 
thrown [s\src\hotspot\share\interpreter\linkResolver.cpp, line 759]
Event: 10.071 Thread 0x000002301de28640 Exception <a 'java/lang/NoSuchMethodError'{0x000000070694da80}: 'java.lang.Object java.lang.invoke.DirectMethodHandle$Holder.invokeSpecial(java.lang.Object, java.lang.Object, java.lang.Object, java.lang.Object, java.lang.Object, long)'> (0x000000070694da80) 
thrown [s\src\hotspot\share\interpreter\linkResolver.cpp, line 759]
Event: 10.071 Thread 0x000002301de28640 Exception <a 'java/lang/NoSuchMethodError'{0x00000007069514c0}: 'java.lang.Object java.lang.invoke.Invokers$Holder.linkToTargetMethod(java.lang.Object, java.lang.Object, java.lang.Object, long, java.lang.Object)'> (0x00000007069514c0) 
thrown [s\src\hotspot\share\interpreter\linkResolver.cpp, line 759]
Event: 10.180 Thread 0x000002301de28640 Implicit null exception at 0x0000023007dce762 to 0x0000023007dcec94
Event: 10.180 Thread 0x000002301de28640 Implicit null exception at 0x0000023007e0508b to 0x0000023007e0ee68
Event: 12.029 Thread 0x000002301de29060 Implicit null exception at 0x0000023007dd1f74 to 0x0000023007dd25ec
Event: 14.224 Thread 0x000002301de28b50 Implicit null exception at 0x0000023007dd0be7 to 0x0000023007dd1160
Event: 16.362 Thread 0x000002301de2b8e0 Implicit null exception at 0x0000023007dd3734 to 0x0000023007dd3b84
Event: 62.049 Thread 0x000002301de2a9b0 Exception <a 'java/lang/NoSuchMethodError'{0x000000071490ee08}: 'java.lang.Object java.lang.invoke.DirectMethodHandle$Holder.invokeSpecial(java.lang.Object, java.lang.Object, long, int, int, int, int, int, int, int, int, int)'> (0x000000071490ee08) 
thrown [s\src\hotspot\share\interpreter\linkResolver.cpp, line 759]
Event: 62.049 Thread 0x000002301de2a9b0 Exception <a 'java/lang/NoSuchMethodError'{0x0000000714912e28}: 'java.lang.Object java.lang.invoke.DelegatingMethodHandle$Holder.reinvoke_L(java.lang.Object, long, int, int, int, int, int, int, int, int, int)'> (0x0000000714912e28) 
thrown [s\src\hotspot\share\interpreter\linkResolver.cpp, line 759]
Event: 76.814 Thread 0x000002301de2b8e0 Exception <a 'java/lang/NoSuchMethodError'{0x000000070ca3a538}: 'java.lang.Object java.lang.invoke.DirectMethodHandle$Holder.invokeSpecial(java.lang.Object, java.lang.Object, long, java.lang.Object, java.lang.Object, java.lang.Object, int, java.lang.Object, java.lang.Object, java.lang.Object, int)'> (0x000000070ca3a538) 
thrown [s\src\hotspot\share\interpreter\linkResolver.cpp, line 759]
Event: 76.814 Thread 0x000002301de2b8e0 Exception <a 'java/lang/NoSuchMethodError'{0x000000070ca3f3e0}: 'java.lang.Object java.lang.invoke.DelegatingMethodHandle$Holder.reinvoke_L(java.lang.Object, long, java.lang.Object, java.lang.Object, java.lang.Object, int, java.lang.Object, java.lang.Object, java.lang.Object, int)'> (0x000000070ca3f3e0) 
thrown [s\src\hotspot\share\interpreter\linkResolver.cpp, line 759]
Event: 81.668 Thread 0x000002301de2b8e0 Implicit null exception at 0x0000023008109255 to 0x00000230081096d8
Event: 81.668 Thread 0x000002301de28b50 Implicit null exception at 0x0000023008109255 to 0x00000230081096d8
Event: 81.669 Thread 0x000002301de29f90 Implicit null exception at 0x0000023008109255 to 0x00000230081096d8
Event: 81.670 Thread 0x000002301de28640 Implicit null exception at 0x0000023008109255 to 0x00000230081096d8
Event: 81.679 Thread 0x000002301de2bdf0 Implicit null exception at 0x000002300810d775 to 0x000002300810dab4

VM Operations (20 events):
Event: 79.988 Executing VM operation: G1CollectForAllocation done
Event: 80.736 Executing VM operation: HandshakeAllThreads
Event: 80.736 Executing VM operation: HandshakeAllThreads done
Event: 80.744 Executing VM operation: HandshakeAllThreads
Event: 80.744 Executing VM operation: HandshakeAllThreads done
Event: 80.756 Executing VM operation: HandshakeAllThreads
Event: 80.756 Executing VM operation: HandshakeAllThreads done
Event: 81.756 Executing VM operation: Cleanup
Event: 81.756 Executing VM operation: Cleanup done
Event: 83.756 Executing VM operation: Cleanup
Event: 83.757 Executing VM operation: Cleanup done
Event: 85.076 Executing VM operation: G1CollectForAllocation
Event: 85.078 Executing VM operation: G1CollectForAllocation done
Event: 85.134 Executing VM operation: G1CollectForAllocation
Event: 85.136 Executing VM operation: G1CollectForAllocation done
Event: 85.187 Executing VM operation: G1CollectForAllocation
Event: 85.188 Executing VM operation: G1CollectForAllocation done
Event: 85.239 Executing VM operation: G1CollectForAllocation
Event: 85.241 Executing VM operation: G1CollectForAllocation done
Event: 85.292 Executing VM operation: G1CollectForAllocation

Events (20 events):
Event: 80.762 Thread 0x000002301b0fe940 flushing nmethod 0x0000023000be6c10
Event: 80.762 Thread 0x000002301b0fe940 flushing nmethod 0x0000023000be7190
Event: 81.196 Thread 0x000002301e998300 Thread added: 0x000002301e998300
Event: 81.198 Thread 0x000002301e998850 Thread added: 0x000002301e998850
Event: 81.198 Thread 0x000002301e9992f0 Thread added: 0x000002301e9992f0
Event: 81.431 Thread 0x000002301e9992f0 Thread exited: 0x000002301e9992f0
Event: 81.431 Thread 0x000002301e998850 Thread exited: 0x000002301e998850
Event: 81.505 Thread 0x000002301e998300 Thread exited: 0x000002301e998300
Event: 81.649 Thread 0x000002301e999d90 Thread exited: 0x000002301e999d90
Event: 81.662 Thread 0x000002301e998300 Thread added: 0x000002301e998300
Event: 81.662 Thread 0x000002301e99a2e0 Thread added: 0x000002301e99a2e0
Event: 81.662 Thread 0x000002301e998850 Thread added: 0x000002301e998850
Event: 81.662 Thread 0x000002301e9992f0 Thread added: 0x000002301e9992f0
Event: 82.078 Thread 0x000002301e9992f0 Thread exited: 0x000002301e9992f0
Event: 82.094 Thread 0x000002301e998850 Thread exited: 0x000002301e998850
Event: 82.094 Thread 0x000002301e99a2e0 Thread exited: 0x000002301e99a2e0
Event: 82.094 Thread 0x000002301e998300 Thread exited: 0x000002301e998300
Event: 82.094 Thread 0x000002301e997db0 Thread exited: 0x000002301e997db0
Event: 82.563 Thread 0x000002301e997860 Thread exited: 0x000002301e997860
Event: 82.563 Thread 0x000002301e997310 Thread exited: 0x000002301e997310


Dynamic libraries:
0x00007ff636db0000 - 0x00007ff636dbe000 	C:\Users\User\Downloads\sts-4.20.1.RELEASE\plugins\org.eclipse.justj.openjdk.hotspot.jre.full.win32.x86_64_17.0.8.v20230831-1047\jre\bin\javaw.exe
0x00007fffc3b10000 - 0x00007fffc3d05000 	C:\Windows\SYSTEM32\ntdll.dll
0x00007fff89220000 - 0x00007fff89239000 	C:\Program Files\Avast Software\Avast\aswhook.dll
0x00007fffc2eb0000 - 0x00007fffc2f6d000 	C:\Windows\System32\KERNEL32.DLL
0x00007fffc14d0000 - 0x00007fffc179d000 	C:\Windows\System32\KERNELBASE.dll
0x00007fffc17a0000 - 0x00007fffc18a0000 	C:\Windows\System32\ucrtbase.dll
0x00007fffa53d0000 - 0x00007fffa53e9000 	C:\Users\User\Downloads\sts-4.20.1.RELEASE\plugins\org.eclipse.justj.openjdk.hotspot.jre.full.win32.x86_64_17.0.8.v20230831-1047\jre\bin\VCRUNTIME140.dll
0x00007fffa53f0000 - 0x00007fffa5407000 	C:\Users\User\Downloads\sts-4.20.1.RELEASE\plugins\org.eclipse.justj.openjdk.hotspot.jre.full.win32.x86_64_17.0.8.v20230831-1047\jre\bin\jli.dll
0x00007fffc2f70000 - 0x00007fffc3110000 	C:\Windows\System32\USER32.dll
0x00007fffc1270000 - 0x00007fffc1292000 	C:\Windows\System32\win32u.dll
0x00007fffc2410000 - 0x00007fffc243a000 	C:\Windows\System32\GDI32.dll
0x00007fffc18a0000 - 0x00007fffc19ab000 	C:\Windows\System32\gdi32full.dll
0x00007fffc12a0000 - 0x00007fffc133d000 	C:\Windows\System32\msvcp_win.dll
0x00007fffaef40000 - 0x00007fffaf1da000 	C:\Windows\WinSxS\amd64_microsoft.windows.common-controls_6595b64144ccf1df_6.0.19041.1110_none_60b5254171f9507e\COMCTL32.dll
0x00007fffc38d0000 - 0x00007fffc396e000 	C:\Windows\System32\msvcrt.dll
0x00007fffc3380000 - 0x00007fffc33b0000 	C:\Windows\System32\IMM32.DLL
0x00007fffb89f0000 - 0x00007fffb89fc000 	C:\Users\User\Downloads\sts-4.20.1.RELEASE\plugins\org.eclipse.justj.openjdk.hotspot.jre.full.win32.x86_64_17.0.8.v20230831-1047\jre\bin\vcruntime140_1.dll
0x00007fff5fef0000 - 0x00007fff5ff81000 	C:\Users\User\Downloads\sts-4.20.1.RELEASE\plugins\org.eclipse.justj.openjdk.hotspot.jre.full.win32.x86_64_17.0.8.v20230831-1047\jre\bin\msvcp140.dll
0x00007fff50c00000 - 0x00007fff5184c000 	C:\Users\User\Downloads\sts-4.20.1.RELEASE\plugins\org.eclipse.justj.openjdk.hotspot.jre.full.win32.x86_64_17.0.8.v20230831-1047\jre\bin\server\jvm.dll
0x00007fffc25a0000 - 0x00007fffc264e000 	C:\Windows\System32\ADVAPI32.dll
0x00007fffc2360000 - 0x00007fffc23fc000 	C:\Windows\System32\sechost.dll
0x00007fffc3990000 - 0x00007fffc3ab5000 	C:\Windows\System32\RPCRT4.dll
0x00007fffc0790000 - 0x00007fffc07db000 	C:\Windows\SYSTEM32\POWRPROF.dll
0x00007fffb66f0000 - 0x00007fffb66fa000 	C:\Windows\SYSTEM32\VERSION.dll
0x00007fffacce0000 - 0x00007fffacce9000 	C:\Windows\SYSTEM32\WSOCK32.dll
0x00007fffb2880000 - 0x00007fffb28a7000 	C:\Windows\SYSTEM32\WINMM.dll
0x00007fffc3710000 - 0x00007fffc377b000 	C:\Windows\System32\WS2_32.dll
0x00007fffc0660000 - 0x00007fffc0672000 	C:\Windows\SYSTEM32\UMPDC.dll
0x00007fffbfab0000 - 0x00007fffbfac2000 	C:\Windows\SYSTEM32\kernel.appcore.dll
0x00007fff8e6d0000 - 0x00007fff8e6da000 	C:\Users\User\Downloads\sts-4.20.1.RELEASE\plugins\org.eclipse.justj.openjdk.hotspot.jre.full.win32.x86_64_17.0.8.v20230831-1047\jre\bin\jimage.dll
0x00007fffbf7d0000 - 0x00007fffbf9b4000 	C:\Windows\SYSTEM32\DBGHELP.DLL
0x00007fffb5110000 - 0x00007fffb513c000 	C:\Windows\SYSTEM32\dbgcore.DLL
0x00007fffc19b0000 - 0x00007fffc1a32000 	C:\Windows\System32\bcryptPrimitives.dll
0x00007fff8e6a0000 - 0x00007fff8e6c5000 	C:\Users\User\Downloads\sts-4.20.1.RELEASE\plugins\org.eclipse.justj.openjdk.hotspot.jre.full.win32.x86_64_17.0.8.v20230831-1047\jre\bin\java.dll
0x00007fff8e680000 - 0x00007fff8e698000 	C:\Users\User\Downloads\sts-4.20.1.RELEASE\plugins\org.eclipse.justj.openjdk.hotspot.jre.full.win32.x86_64_17.0.8.v20230831-1047\jre\bin\zip.dll
0x00007fffc1c10000 - 0x00007fffc2354000 	C:\Windows\System32\SHELL32.dll
0x00007fffbef70000 - 0x00007fffbf704000 	C:\Windows\SYSTEM32\windows.storage.dll
0x00007fffc33b0000 - 0x00007fffc3704000 	C:\Windows\System32\combase.dll
0x00007fffc0c80000 - 0x00007fffc0cac000 	C:\Windows\SYSTEM32\Wldp.dll
0x00007fffc2e00000 - 0x00007fffc2ead000 	C:\Windows\System32\SHCORE.dll
0x00007fffc2da0000 - 0x00007fffc2df5000 	C:\Windows\System32\shlwapi.dll
0x00007fffc1160000 - 0x00007fffc117f000 	C:\Windows\SYSTEM32\profapi.dll
0x00007fffb2580000 - 0x00007fffb2599000 	C:\Users\User\Downloads\sts-4.20.1.RELEASE\plugins\org.eclipse.justj.openjdk.hotspot.jre.full.win32.x86_64_17.0.8.v20230831-1047\jre\bin\net.dll
0x00007fffb9630000 - 0x00007fffb973a000 	C:\Windows\SYSTEM32\WINHTTP.dll
0x00007fffc09e0000 - 0x00007fffc0a4a000 	C:\Windows\system32\mswsock.dll
0x00007fff9c130000 - 0x00007fff9c145000 	C:\Users\User\Downloads\sts-4.20.1.RELEASE\plugins\org.eclipse.justj.openjdk.hotspot.jre.full.win32.x86_64_17.0.8.v20230831-1047\jre\bin\nio.dll
0x00007fffb8a00000 - 0x00007fffb8a0e000 	C:\Users\User\Downloads\sts-4.20.1.RELEASE\plugins\org.eclipse.justj.openjdk.hotspot.jre.full.win32.x86_64_17.0.8.v20230831-1047\jre\bin\sunmscapi.dll
0x00007fffc1370000 - 0x00007fffc14c6000 	C:\Windows\System32\CRYPT32.dll
0x00007fffc0cf0000 - 0x00007fffc0d17000 	C:\Windows\SYSTEM32\ncrypt.dll
0x00007fffc0cb0000 - 0x00007fffc0ceb000 	C:\Windows\SYSTEM32\NTASN1.dll
0x00007fffc0be0000 - 0x00007fffc0bf8000 	C:\Windows\SYSTEM32\CRYPTSP.dll
0x00007fffc02f0000 - 0x00007fffc0324000 	C:\Windows\system32\rsaenh.dll
0x00007fffc1340000 - 0x00007fffc1367000 	C:\Windows\System32\bcrypt.dll
0x00007fffc1120000 - 0x00007fffc114e000 	C:\Windows\SYSTEM32\USERENV.dll
0x00007fffc0bd0000 - 0x00007fffc0bdc000 	C:\Windows\SYSTEM32\CRYPTBASE.dll
0x00007fffc0680000 - 0x00007fffc06bb000 	C:\Windows\SYSTEM32\IPHLPAPI.DLL
0x00007fffc3ac0000 - 0x00007fffc3ac8000 	C:\Windows\System32\NSI.dll
0x00007fffb7a90000 - 0x00007fffb7aa7000 	C:\Windows\SYSTEM32\dhcpcsvc6.DLL
0x00007fffb7c50000 - 0x00007fffb7c6d000 	C:\Windows\SYSTEM32\dhcpcsvc.DLL
0x00007fffc06c0000 - 0x00007fffc078b000 	C:\Windows\SYSTEM32\DNSAPI.dll
0x00007fffb87a0000 - 0x00007fffb87a9000 	C:\Users\User\Downloads\sts-4.20.1.RELEASE\plugins\org.eclipse.justj.openjdk.hotspot.jre.full.win32.x86_64_17.0.8.v20230831-1047\jre\bin\management.dll
0x00007fff85bf0000 - 0x00007fff85bfb000 	C:\Users\User\Downloads\sts-4.20.1.RELEASE\plugins\org.eclipse.justj.openjdk.hotspot.jre.full.win32.x86_64_17.0.8.v20230831-1047\jre\bin\management_ext.dll
0x00007fffc2400000 - 0x00007fffc2408000 	C:\Windows\System32\PSAPI.DLL
0x00007fff92b60000 - 0x00007fff92b67000 	C:\Windows\system32\wshunix.dll

dbghelp: loaded successfully - version: 4.0.5 - missing functions: none
symbol engine: initialized successfully - sym options: 0x614 - pdb path: .;C:\Users\User\Downloads\sts-4.20.1.RELEASE\plugins\org.eclipse.justj.openjdk.hotspot.jre.full.win32.x86_64_17.0.8.v20230831-1047\jre\bin;C:\Windows\SYSTEM32;C:\Program Files\Avast Software\Avast;C:\Windows\WinSxS\amd64_microsoft.windows.common-controls_6595b64144ccf1df_6.0.19041.1110_none_60b5254171f9507e;C:\Users\User\Downloads\sts-4.20.1.RELEASE\plugins\org.eclipse.justj.openjdk.hotspot.jre.full.win32.x86_64_17.0.8.v20230831-1047\jre\bin\server

VM Arguments:
jvm_args: -Dfile.encoding=UTF-8 -Dstdout.encoding=UTF-8 -Dstderr.encoding=UTF-8 -XX:+ShowCodeDetailsInExceptionMessages 
java_command: com.example.demo.ProducerConsumerBackendApplication
java_class_path (initial): C:\Users\User\Documents\workspace-spring-tool-suite-4-4.20.1.RELEASE\ProducerConsumerBackend\target\classes;C:\Users\User\.m2\repository\org\springframework\boot\spring-boot-starter-web\3.2.1\spring-boot-starter-web-3.2.1.jar;C:\Users\User\.m2\repository\org\springframework\boot\spring-boot-starter\3.2.1\spring-boot-starter-3.2.1.jar;C:\Users\User\.m2\repository\org\springframework\boot\spring-boot\3.2.1\spring-boot-3.2.1.jar;C:\Users\User\.m2\repository\org\springframework\boot\spring-boot-autoconfigure\3.2.1\spring-boot-autoconfigure-3.2.1.jar;C:\Users\User\.m2\repository\org\springframework\boot\spring-boot-starter-logging\3.2.1\spring-boot-starter-logging-3.2.1.jar;C:\Users\User\.m2\repository\ch\qos\logback\logback-classic\1.4.14\logback-classic-1.4.14.jar;C:\Users\User\.m2\repository\ch\qos\logback\logback-core\1.4.14\logback-core-1.4.14.jar;C:\Users\User\.m2\repository\org\apache\logging\log4j\log4j-to-slf4j\2.21.1\log4j-to-slf4j-2.21.1.jar;C:\Users\User\.m2\repository\org\apache\logging\log4j\log4j-api\2.21.1\log4j-api-2.21.1.jar;C:\Users\User\.m2\repository\org\slf4j\jul-to-slf4j\2.0.9\jul-to-slf4j-2.0.9.jar;C:\Users\User\.m2\repository\jakarta\annotation\jakarta.annotation-api\2.1.1\jakarta.annotation-api-2.1.1.jar;C:\Users\User\.m2\repository\org\yaml\snakeyaml\2.2\snakeyaml-2.2.jar;C:\Users\User\.m2\repository\org\springframework\boot\spring-boot-starter-json\3.2.1\spring-boot-starter-json-3.2.1.jar;C:\Users\User\.m2\repository\com\fasterxml\jackson\core\jackson-databind\2.15.3\jackson-databind-2.15.3.jar;C:\Users\User\.m2\repository\com\fasterxml\jackson\core\jackson-annotations\2.15.3\jackson-annotations-2.15.3.jar;C:\Users\User\.m2\repository\com\fasterxml\jackson\core\jackson-core\2.15.3\jackson-core-2.15.3.jar;C:\Users\User\.m2\repository\com\fasterxml\jackson\datatype\jackson-datatype-jdk8\2.15.3\jackson-datatype-jdk8-2.15.3.jar;C:\Users\User\.m2\repository\com\fasterxml\jackson\datatype\jackson-datatype-jsr310\2.15.3\j
Launcher Type: SUN_STANDARD

[Global flags]
     intx CICompilerCount                          = 12                                        {product} {ergonomic}
     uint ConcGCThreads                            = 4                                         {product} {ergonomic}
     uint G1ConcRefinementThreads                  = 15                                        {product} {ergonomic}
   size_t G1HeapRegionSize                         = 2097152                                   {product} {ergonomic}
    uintx GCDrainStackTargetSize                   = 64                                        {product} {ergonomic}
   size_t InitialHeapSize                          = 264241152                                 {product} {ergonomic}
   size_t MarkStackSize                            = 4194304                                   {product} {ergonomic}
   size_t MaxHeapSize                              = 4213178368                                {product} {ergonomic}
   size_t MaxNewSize                               = 2527068160                                {product} {ergonomic}
   size_t MinHeapDeltaBytes                        = 2097152                                   {product} {ergonomic}
   size_t MinHeapSize                              = 8388608                                   {product} {ergonomic}
    uintx NonNMethodCodeHeapSize                   = 7602480                                {pd product} {ergonomic}
    uintx NonProfiledCodeHeapSize                  = 122027880                              {pd product} {ergonomic}
    uintx ProfiledCodeHeapSize                     = 122027880                              {pd product} {ergonomic}
    uintx ReservedCodeCacheSize                    = 251658240                              {pd product} {ergonomic}
     bool SegmentedCodeCache                       = true                                      {product} {ergonomic}
     bool ShowCodeDetailsInExceptionMessages       = true                                   {manageable} {command line}
   size_t SoftMaxHeapSize                          = 4213178368                             {manageable} {ergonomic}
     bool UseCompressedClassPointers               = true                           {product lp64_product} {ergonomic}
     bool UseCompressedOops                        = true                           {product lp64_product} {ergonomic}
     bool UseG1GC                                  = true                                      {product} {ergonomic}
     bool UseLargePagesIndividualAllocation        = false                                  {pd product} {ergonomic}

Logging:
Log output configuration:
 #0: stdout all=warning uptime,level,tags
 #1: stderr all=off uptime,level,tags

Environment Variables:
JAVA_HOME=C:\Program Files\Java\jdk-21
PATH=C:/Users/User/Downloads/sts-4.20.1.RELEASE//plugins/org.eclipse.justj.openjdk.hotspot.jre.full.win32.x86_64_17.0.8.v20230831-1047/jre/bin/server;C:/Users/User/Downloads/sts-4.20.1.RELEASE//plugins/org.eclipse.justj.openjdk.hotspot.jre.full.win32.x86_64_17.0.8.v20230831-1047/jre/bin;C:\Program Files\Common Files\Oracle\Java\javapath;C:\user\gcc\bin;C:\user\gcc\libexec\gcc\x86_64-w64-mingw32\13.1.0;c:\program files\codeblocks\mingw\bin;c:\program files\codeblocks\mingw\libexec\gcc\x86_64-w64-mingw32\13.1.0;C:\Program Files (x86)\Common Files\Oracle\Java\javapath;C:\Windows\system32;C:\Windows;C:\Windows\System32\Wbem;C:\Windows\System32\WindowsPowerShell\v1.0\;C:\Windows\System32\OpenSSH\;C:\Program Files (x86)\dotnet\;C:\Program Files\dotnet\;C:\Program Files (x86)\NVIDIA Corporation\PhysX\Common;C:\Program Files\NVIDIA Corporation\NVIDIA NvDLISR;C:\Program Files\nodejs\;C:\Program Files\Java\apache-maven-3.9.5\bin;C:\ProgramData\chocolatey\bin;C:\ProgramData\chocolatey\lib\maven\apache-maven-3.9.5\bin;C:\Program Files\gradle-8.4\bin;C:\Program Files\Java\apache-maven-3.9.5;C:\Program Files\curl-8.4.0_6-win64-mingw\bin;C:\Program Files\spring-3.1.5\bin;C:\Program Files\Java\jdk-21;C:\Program Files\Java\jre1.8.0_251\bin;C:\Users\User\AppData\Local\Programs\Python\Python312\Scripts\;C:\Users\User\AppData\Local\Programs\Python\Python312\;C:\Users\User\AppData\Local\Microsoft\WindowsApps;C:\Users\User\.dotnet\tools;C:\Program Files\CodeBlocks\MinGW\bin;C:\Users\User\AppData\Local\GitHubDesktop\bin;D:\modelsim_ase\win32aloem;C:\Users\User\AppData\Local\Programs\Microsoft VS Code\bin;C:\Users\User\AppData\Local\atom\bin;C:\Program Files\nodejs;C:\Users\User\AppData\Roaming\npm;C:\Program Files (x86)\Java\jre1.8.0_251;C:\Program Files\Java\jdk-21;;C:\Users\User\Downloads\sts-4.20.1.RELEASE;
USERNAME=User
OS=Windows_NT
PROCESSOR_IDENTIFIER=Intel64 Family 6 Model 154 Stepping 3, GenuineIntel
TMP=C:\Users\User\AppData\Local\Temp
TEMP=C:\Users\User\AppData\Local\Temp



---------------  S Y S T E M  ---------------

OS:
 Windows 10 , 64 bit Build 19041 (10.0.19041.1679)
OS uptime: 0 days 0:19 hours

CPU: total 20 (initial active 20) (10 cores per cpu, 2 threads per core) family 6 model 154 stepping 3 microcode 0x413, cx8, cmov, fxsr, ht, mmx, 3dnowpref, sse, sse2, sse3, ssse3, sse4.1, sse4.2, popcnt, lzcnt, tsc, tscinvbit, avx, avx2, aes, erms, clmul, bmi1, bmi2, adx, sha, fma, vzeroupper, clflush, clflushopt, clwb
Processor Information for processor 0
  Max Mhz: 2688, Current Mhz: 2688, Mhz Limit: 1666
Processor Information for processor 1
  Max Mhz: 2688, Current Mhz: 2688, Mhz Limit: 2688
Processor Information for processor 2
  Max Mhz: 2688, Current Mhz: 2688, Mhz Limit: 2688
Processor Information for processor 3
  Max Mhz: 2688, Current Mhz: 2688, Mhz Limit: 2688
Processor Information for processor 4
  Max Mhz: 2688, Current Mhz: 2688, Mhz Limit: 2688
Processor Information for processor 5
  Max Mhz: 2688, Current Mhz: 2688, Mhz Limit: 2688
Processor Information for processor 6
  Max Mhz: 2688, Current Mhz: 2688, Mhz Limit: 2688
Processor Information for processor 7
  Max Mhz: 2688, Current Mhz: 2688, Mhz Limit: 2688
Processor Information for processor 8
  Max Mhz: 2688, Current Mhz: 2688, Mhz Limit: 2688
Processor Information for processor 9
  Max Mhz: 2688, Current Mhz: 2688, Mhz Limit: 2688
Processor Information for processor 10
  Max Mhz: 2688, Current Mhz: 2688, Mhz Limit: 2688
Processor Information for processor 11
  Max Mhz: 2688, Current Mhz: 2688, Mhz Limit: 2688
Processor Information for processor 12
  Max Mhz: 2688, Current Mhz: 1692, Mhz Limit: 1666
Processor Information for processor 13
  Max Mhz: 2688, Current Mhz: 1692, Mhz Limit: 1666
Processor Information for processor 14
  Max Mhz: 2688, Current Mhz: 1692, Mhz Limit: 1666
Processor Information for processor 15
  Max Mhz: 2688, Current Mhz: 1692, Mhz Limit: 1666
Processor Information for processor 16
  Max Mhz: 2688, Current Mhz: 1692, Mhz Limit: 1666
Processor Information for processor 17
  Max Mhz: 2688, Current Mhz: 1692, Mhz Limit: 1666
Processor Information for processor 18
  Max Mhz: 2688, Current Mhz: 1692, Mhz Limit: 1666
Processor Information for processor 19
  Max Mhz: 2688, Current Mhz: 1692, Mhz Limit: 1666

Memory: 4k page, system-wide physical 16068M (3696M free)
TotalPageFile size 41694M (AvailPageFile size 22M)
current process WorkingSet (physical memory assigned to process): 481M, peak: 498M
current process commit charge ("private bytes"): 551M, peak: 621M

vm_info: OpenJDK 64-Bit Server VM (17.0.8.1+1) for windows-amd64 JRE (17.0.8.1+1), built on Aug 23 2023 15:29:17 by "admin" with MS VC++ 16.7 (VS2019)

END.
