#
# There is insufficient memory for the Java Runtime Environment to continue.
# Native memory allocation (mmap) failed to map 90177536 bytes for G1 virtual space
# Possible reasons:
#   The system is out of physical RAM or swap space
#   The process is running with CompressedOops enabled, and the Java Heap may be blocking the growth of the native heap
# Possible solutions:
#   Reduce memory load on the system
#   Increase physical memory or swap space
#   Check if swap backing store is full
#   Decrease Java heap size (-Xmx/-Xms)
#   Decrease number of Java threads
#   Decrease Java thread stack sizes (-Xss)
#   Set larger code cache with -XX:ReservedCodeCacheSize=
#   JVM is running with Zero Based Compressed Oops mode in which the Java heap is
#     placed in the first 32GB address space. The Java Heap base address is the
#     maximum limit for the native heap growth. Please use -XX:HeapBaseMinAddress
#     to set the Java Heap base and to place the Java Heap above 32GB virtual address.
# This output file may be truncated or incomplete.
#
#  Out of Memory Error (os_windows.cpp:3617), pid=17952, tid=16400
#
# JRE version: OpenJDK Runtime Environment Temurin-17.0.8.1+1 (17.0.8.1+1) (build 17.0.8.1+1)
# Java VM: OpenJDK 64-Bit Server VM Temurin-17.0.8.1+1 (17.0.8.1+1, mixed mode, tiered, compressed oops, compressed class ptrs, g1 gc, windows-amd64)
# No core dump will be written. Minidumps are not enabled by default on client versions of Windows
#

---------------  S U M M A R Y ------------

Command Line: -Dfile.encoding=UTF-8 -Dstdout.encoding=UTF-8 -Dstderr.encoding=UTF-8 -XX:+ShowCodeDetailsInExceptionMessages com.example.demo.ProducerConsumerBackendApplication

Host: 12th Gen Intel(R) Core(TM) i7-12700H, 20 cores, 15G,  Windows 10 , 64 bit Build 19041 (10.0.19041.1679)
Time: Sun Jan 21 12:09:09 2024 Egypt Standard Time elapsed time: 147.882535 seconds (0d 0h 2m 27s)

---------------  T H R E A D  ---------------

Current thread (0x000002a65f4a6600):  VMThread "VM Thread" [stack: 0x000000e39c500000,0x000000e39c600000] [id=16400]

Stack: [0x000000e39c500000,0x000000e39c600000]
Native frames: (J=compiled Java code, j=interpreted, Vv=VM code, C=native code)
V  [jvm.dll+0x678b0a]
V  [jvm.dll+0x835e84]
V  [jvm.dll+0x83762e]
V  [jvm.dll+0x837c93]
V  [jvm.dll+0x24746f]
V  [jvm.dll+0x675859]
V  [jvm.dll+0x66a0ea]
V  [jvm.dll+0x306c7b]
V  [jvm.dll+0x30e166]
V  [jvm.dll+0x35dd3e]
V  [jvm.dll+0x35df6f]
V  [jvm.dll+0x2ddb48]
V  [jvm.dll+0x2dbd0c]
V  [jvm.dll+0x2db2dc]
V  [jvm.dll+0x31f18b]
V  [jvm.dll+0x83c15b]
V  [jvm.dll+0x83ce94]
V  [jvm.dll+0x83d3ac]
V  [jvm.dll+0x83d784]
V  [jvm.dll+0x83d850]
V  [jvm.dll+0x7e64ca]
V  [jvm.dll+0x677955]
C  [ucrtbase.dll+0x21bb2]
C  [KERNEL32.DLL+0x17034]
C  [ntdll.dll+0x52651]

VM_Operation (0x000000e39beff180): G1CollectForAllocation, mode: safepoint, requested by thread 0x000002a666236700


---------------  P R O C E S S  ---------------

Threads class SMR info:
_java_thread_list=0x000002a664012d80, length=31, elements={
0x000002a65f4f4c80, 0x000002a65f52c9f0, 0x000002a65f558ff0, 0x000002a65f55b5e0,
0x000002a65f55bfa0, 0x000002a65f55c960, 0x000002a65f55d650, 0x000002a65f5608c0,
0x000002a65f57dd70, 0x000002a65f6e59b0, 0x000002a65f7118b0, 0x000002a6670a5e20,
0x000002a666ebfb00, 0x000002a667763010, 0x000002a666f40190, 0x000002a666f3f770,
0x000002a666f406a0, 0x000002a666f3d400, 0x000002a666f3f260, 0x000002a666f3d910,
0x000002a666f3cef0, 0x000002a666f3e330, 0x000002a666f3ed50, 0x000002a666f3e840,
0x000002a666f3fc80, 0x000002a6662348a0, 0x000002a666238a70, 0x000002a666232020,
0x000002a666238050, 0x000002a666236700, 0x000002a6662352c0
}

Java Threads: ( => current thread )
  0x000002a65f4f4c80 JavaThread "Reference Handler" daemon [_thread_blocked, id=1684, stack(0x000000e39c600000,0x000000e39c700000)]
  0x000002a65f52c9f0 JavaThread "Finalizer" daemon [_thread_blocked, id=21820, stack(0x000000e39c700000,0x000000e39c800000)]
  0x000002a65f558ff0 JavaThread "Signal Dispatcher" daemon [_thread_blocked, id=3416, stack(0x000000e39c800000,0x000000e39c900000)]
  0x000002a65f55b5e0 JavaThread "Attach Listener" daemon [_thread_blocked, id=6484, stack(0x000000e39c900000,0x000000e39ca00000)]
  0x000002a65f55bfa0 JavaThread "Service Thread" daemon [_thread_blocked, id=8140, stack(0x000000e39ca00000,0x000000e39cb00000)]
  0x000002a65f55c960 JavaThread "Monitor Deflation Thread" daemon [_thread_blocked, id=4864, stack(0x000000e39cb00000,0x000000e39cc00000)]
  0x000002a65f55d650 JavaThread "C2 CompilerThread0" daemon [_thread_blocked, id=5408, stack(0x000000e39cc00000,0x000000e39cd00000)]
  0x000002a65f5608c0 JavaThread "C1 CompilerThread0" daemon [_thread_blocked, id=1864, stack(0x000000e39cd00000,0x000000e39ce00000)]
  0x000002a65f57dd70 JavaThread "Sweeper thread" daemon [_thread_blocked, id=9516, stack(0x000000e39ce00000,0x000000e39cf00000)]
  0x000002a65f6e59b0 JavaThread "Notification Thread" daemon [_thread_blocked, id=18812, stack(0x000000e39d200000,0x000000e39d300000)]
  0x000002a65f7118b0 JavaThread "Common-Cleaner" daemon [_thread_blocked, id=18088, stack(0x000000e39d400000,0x000000e39d500000)]
  0x000002a6670a5e20 JavaThread "Catalina-utility-1" [_thread_blocked, id=22136, stack(0x000000e39ea00000,0x000000e39eb00000)]
  0x000002a666ebfb00 JavaThread "Catalina-utility-2" [_thread_blocked, id=7228, stack(0x000000e39eb00000,0x000000e39ec00000)]
  0x000002a667763010 JavaThread "container-0" [_thread_blocked, id=6612, stack(0x000000e39ec00000,0x000000e39ed00000)]
  0x000002a666f40190 JavaThread "MessageBroker-1" [_thread_blocked, id=14200, stack(0x000000e39ed00000,0x000000e39ee00000)]
  0x000002a666f3f770 JavaThread "http-nio-8085-exec-1" daemon [_thread_blocked, id=9624, stack(0x000000e39ee00000,0x000000e39ef00000)]
  0x000002a666f406a0 JavaThread "http-nio-8085-exec-2" daemon [_thread_blocked, id=15612, stack(0x000000e39ef00000,0x000000e39f000000)]
  0x000002a666f3d400 JavaThread "http-nio-8085-exec-3" daemon [_thread_blocked, id=18612, stack(0x000000e39f000000,0x000000e39f100000)]
  0x000002a666f3f260 JavaThread "http-nio-8085-exec-4" daemon [_thread_blocked, id=11320, stack(0x000000e39f100000,0x000000e39f200000)]
  0x000002a666f3d910 JavaThread "http-nio-8085-exec-5" daemon [_thread_blocked, id=16448, stack(0x000000e39f200000,0x000000e39f300000)]
  0x000002a666f3cef0 JavaThread "http-nio-8085-exec-6" daemon [_thread_blocked, id=3696, stack(0x000000e39f300000,0x000000e39f400000)]
  0x000002a666f3e330 JavaThread "http-nio-8085-exec-7" daemon [_thread_blocked, id=10148, stack(0x000000e39f400000,0x000000e39f500000)]
  0x000002a666f3ed50 JavaThread "http-nio-8085-exec-8" daemon [_thread_blocked, id=3724, stack(0x000000e39f500000,0x000000e39f600000)]
  0x000002a666f3e840 JavaThread "http-nio-8085-exec-9" daemon [_thread_blocked, id=19800, stack(0x000000e39f600000,0x000000e39f700000)]
  0x000002a666f3fc80 JavaThread "http-nio-8085-exec-10" daemon [_thread_blocked, id=10004, stack(0x000000e39f700000,0x000000e39f800000)]
  0x000002a6662348a0 JavaThread "http-nio-8085-Poller" daemon [_thread_in_native, id=12948, stack(0x000000e39f800000,0x000000e39f900000)]
  0x000002a666238a70 JavaThread "http-nio-8085-Acceptor" daemon [_thread_in_native, id=16248, stack(0x000000e39f900000,0x000000e39fa00000)]
  0x000002a666232020 JavaThread "DestroyJavaVM" [_thread_blocked, id=15368, stack(0x000000e39bf00000,0x000000e39c000000)]
  0x000002a666238050 JavaThread "MessageBroker-2" [_thread_blocked, id=16844, stack(0x000000e39bc00000,0x000000e39bd00000)]
  0x000002a666236700 JavaThread "Thread-1" daemon [_thread_blocked, id=5032, stack(0x000000e39be00000,0x000000e39bf00000)]
  0x000002a6662352c0 JavaThread "Thread-2" daemon [_thread_blocked, id=12124, stack(0x000000e39cf00000,0x000000e39d000000)]

Other Threads:
=>0x000002a65f4a6600 VMThread "VM Thread" [stack: 0x000000e39c500000,0x000000e39c600000] [id=16400]
  0x000002a65f06ca00 WatcherThread [stack: 0x000000e39d300000,0x000000e39d400000] [id=12340]
  0x000002a63fb65f90 GCTaskThread "GC Thread#0" [stack: 0x000000e39c000000,0x000000e39c100000] [id=19804]
  0x000002a664860d00 GCTaskThread "GC Thread#1" [stack: 0x000000e39d700000,0x000000e39d800000] [id=18360]
  0x000002a6658be3c0 GCTaskThread "GC Thread#2" [stack: 0x000000e39d800000,0x000000e39d900000] [id=10400]
  0x000002a6658be680 GCTaskThread "GC Thread#3" [stack: 0x000000e39d900000,0x000000e39da00000] [id=14808]
  0x000002a664e8d250 GCTaskThread "GC Thread#4" [stack: 0x000000e39da00000,0x000000e39db00000] [id=11872]
  0x000002a664e8d510 GCTaskThread "GC Thread#5" [stack: 0x000000e39db00000,0x000000e39dc00000] [id=19972]
  0x000002a665e2f320 GCTaskThread "GC Thread#6" [stack: 0x000000e39dd00000,0x000000e39de00000] [id=14236]
  0x000002a665f093c0 GCTaskThread "GC Thread#7" [stack: 0x000000e39de00000,0x000000e39df00000] [id=21524]
  0x000002a6651c0ce0 GCTaskThread "GC Thread#8" [stack: 0x000000e39df00000,0x000000e39e000000] [id=12844]
  0x000002a6653b1ed0 GCTaskThread "GC Thread#9" [stack: 0x000000e39e000000,0x000000e39e100000] [id=22512]
  0x000002a666158160 GCTaskThread "GC Thread#10" [stack: 0x000000e39dc00000,0x000000e39dd00000] [id=19392]
  0x000002a665df0f70 GCTaskThread "GC Thread#11" [stack: 0x000000e39e600000,0x000000e39e700000] [id=3800]
  0x000002a66629cb20 GCTaskThread "GC Thread#12" [stack: 0x000000e39e700000,0x000000e39e800000] [id=16984]
  0x000002a6663ad210 GCTaskThread "GC Thread#13" [stack: 0x000000e39e800000,0x000000e39e900000] [id=16972]
  0x000002a6663ada50 GCTaskThread "GC Thread#14" [stack: 0x000000e39e900000,0x000000e39ea00000] [id=18148]
  0x000002a63fb77260 ConcurrentGCThread "G1 Main Marker" [stack: 0x000000e39c100000,0x000000e39c200000] [id=2828]
  0x000002a63fb77c70 ConcurrentGCThread "G1 Conc#0" [stack: 0x000000e39c200000,0x000000e39c300000] [id=18624]
  0x000002a665632c60 ConcurrentGCThread "G1 Conc#1" [stack: 0x000000e39e100000,0x000000e39e200000] [id=2180]
  0x000002a665e5a9e0 ConcurrentGCThread "G1 Conc#2" [stack: 0x000000e39e200000,0x000000e39e300000] [id=12380]
  0x000002a664e02bf0 ConcurrentGCThread "G1 Conc#3" [stack: 0x000000e39e300000,0x000000e39e400000] [id=15080]
  0x000002a63fbae8e0 ConcurrentGCThread "G1 Refine#0" [stack: 0x000000e39c300000,0x000000e39c400000] [id=14312]
  0x000002a65f123b30 ConcurrentGCThread "G1 Service" [stack: 0x000000e39c400000,0x000000e39c500000] [id=3616]

Threads with active compile tasks:

VM state: at safepoint (normal execution)

VM Mutex/Monitor currently owned by a thread:  ([mutex/lock_event])
[0x000002a63d87a900] Threads_lock - owner thread: 0x000002a65f4a6600
[0x000002a63d87a360] Heap_lock - owner thread: 0x000002a666236700

Heap address: 0x0000000704e00000, size: 4018 MB, Compressed Oops mode: Zero based, Oop shift amount: 3

CDS archive(s) not mapped
Compressed class space mapped at: 0x0000000800000000-0x0000000840000000, reserved size: 1073741824
Narrow klass base: 0x0000000800000000, Narrow klass shift: 0, Narrow klass range: 0x40000000

GC Precious Log:
 CPUs: 20 total, 20 available
 Memory: 16068M
 Large Page Support: Disabled
 NUMA Support: Disabled
 Compressed Oops: Enabled (Zero based)
 Heap Region Size: 2M
 Heap Min Capacity: 8M
 Heap Initial Capacity: 252M
 Heap Max Capacity: 4018M
 Pre-touch: Disabled
 Parallel Workers: 15
 Concurrent Workers: 4
 Concurrent Refinement Workers: 15
 Periodic GC: Disabled

Heap:
 garbage-first heap   total 438272K, used 16863K [0x0000000704e00000, 0x0000000800000000)
  region size 2048K, 1 young (2048K), 1 survivors (2048K)
 Metaspace       used 44612K, committed 45120K, reserved 1114112K
  class space    used 5084K, committed 5312K, reserved 1048576K

Heap Regions: E=young(eden), S=young(survivor), O=old, HS=humongous(starts), HC=humongous(continues), CS=collection set, F=free, OA=open archive, CA=closed archive, TAMS=top-at-mark-start (previous, next)
|   0|0x0000000704e00000, 0x0000000705000000, 0x0000000705000000|100%| O|  |TAMS 0x0000000705000000, 0x0000000704e00000| Untracked 
|   1|0x0000000705000000, 0x0000000705200000, 0x0000000705200000|100%| O|  |TAMS 0x0000000705200000, 0x0000000705000000| Untracked 
|   2|0x0000000705200000, 0x0000000705400000, 0x0000000705400000|100%| O|  |TAMS 0x0000000705200000, 0x0000000705200000| Untracked 
|   3|0x0000000705400000, 0x0000000705600000, 0x0000000705600000|100%| O|  |TAMS 0x0000000705600000, 0x0000000705400000| Untracked 
|   4|0x0000000705600000, 0x0000000705800000, 0x0000000705800000|100%| O|  |TAMS 0x0000000705800000, 0x0000000705600000| Untracked 
|   5|0x0000000705800000, 0x0000000705858c00, 0x0000000705a00000| 17%| O|  |TAMS 0x0000000705800000, 0x0000000705800000| Untracked 
|   6|0x0000000705a00000, 0x0000000705c00000, 0x0000000705c00000|100%| O|  |TAMS 0x0000000705a00000, 0x0000000705a00000| Untracked 
|   7|0x0000000705c00000, 0x0000000705e00000, 0x0000000705e00000|100%| O|  |TAMS 0x0000000705c00000, 0x0000000705c00000| Untracked 
|   8|0x0000000705e00000, 0x0000000706000000, 0x0000000706000000|100%| O|  |TAMS 0x0000000705e00000, 0x0000000705e00000| Untracked 
|   9|0x0000000706000000, 0x0000000706000000, 0x0000000706200000|  0%| F|  |TAMS 0x0000000706000000, 0x0000000706000000| Untracked 
|  10|0x0000000706200000, 0x0000000706200000, 0x0000000706400000|  0%| F|  |TAMS 0x0000000706200000, 0x0000000706200000| Untracked 
|  11|0x0000000706400000, 0x0000000706400000, 0x0000000706600000|  0%| F|  |TAMS 0x0000000706400000, 0x0000000706400000| Untracked 
|  12|0x0000000706600000, 0x0000000706600000, 0x0000000706800000|  0%| F|  |TAMS 0x0000000706600000, 0x0000000706600000| Untracked 
|  13|0x0000000706800000, 0x0000000706800000, 0x0000000706a00000|  0%| F|  |TAMS 0x0000000706800000, 0x0000000706800000| Untracked 
|  14|0x0000000706a00000, 0x0000000706a00000, 0x0000000706c00000|  0%| F|  |TAMS 0x0000000706a00000, 0x0000000706a00000| Untracked 
|  15|0x0000000706c00000, 0x0000000706c00000, 0x0000000706e00000|  0%| F|  |TAMS 0x0000000706c00000, 0x0000000706c00000| Untracked 
|  16|0x0000000706e00000, 0x0000000706e00000, 0x0000000707000000|  0%| F|  |TAMS 0x0000000706e00000, 0x0000000706e00000| Untracked 
|  17|0x0000000707000000, 0x0000000707000000, 0x0000000707200000|  0%| F|  |TAMS 0x0000000707000000, 0x0000000707000000| Untracked 
|  18|0x0000000707200000, 0x0000000707200000, 0x0000000707400000|  0%| F|  |TAMS 0x0000000707200000, 0x0000000707200000| Untracked 
|  19|0x0000000707400000, 0x0000000707400000, 0x0000000707600000|  0%| F|  |TAMS 0x0000000707400000, 0x0000000707400000| Untracked 
|  20|0x0000000707600000, 0x0000000707600000, 0x0000000707800000|  0%| F|  |TAMS 0x0000000707600000, 0x0000000707600000| Untracked 
|  21|0x0000000707800000, 0x0000000707800000, 0x0000000707a00000|  0%| F|  |TAMS 0x0000000707800000, 0x0000000707800000| Untracked 
|  22|0x0000000707a00000, 0x0000000707a00000, 0x0000000707c00000|  0%| F|  |TAMS 0x0000000707a00000, 0x0000000707a00000| Untracked 
|  23|0x0000000707c00000, 0x0000000707c00000, 0x0000000707e00000|  0%| F|  |TAMS 0x0000000707c00000, 0x0000000707c00000| Untracked 
|  24|0x0000000707e00000, 0x0000000707e00000, 0x0000000708000000|  0%| F|  |TAMS 0x0000000707e00000, 0x0000000707e00000| Untracked 
|  25|0x0000000708000000, 0x0000000708000000, 0x0000000708200000|  0%| F|  |TAMS 0x0000000708000000, 0x0000000708000000| Untracked 
|  26|0x0000000708200000, 0x0000000708200000, 0x0000000708400000|  0%| F|  |TAMS 0x0000000708200000, 0x0000000708200000| Untracked 
|  27|0x0000000708400000, 0x0000000708400000, 0x0000000708600000|  0%| F|  |TAMS 0x0000000708400000, 0x0000000708400000| Untracked 
|  28|0x0000000708600000, 0x0000000708600000, 0x0000000708800000|  0%| F|  |TAMS 0x0000000708600000, 0x0000000708600000| Untracked 
|  29|0x0000000708800000, 0x0000000708800000, 0x0000000708a00000|  0%| F|  |TAMS 0x0000000708800000, 0x0000000708800000| Untracked 
|  30|0x0000000708a00000, 0x0000000708a00000, 0x0000000708c00000|  0%| F|  |TAMS 0x0000000708a00000, 0x0000000708a00000| Untracked 
|  31|0x0000000708c00000, 0x0000000708c00000, 0x0000000708e00000|  0%| F|  |TAMS 0x0000000708c00000, 0x0000000708c00000| Untracked 
|  32|0x0000000708e00000, 0x0000000708e00000, 0x0000000709000000|  0%| F|  |TAMS 0x0000000708e00000, 0x0000000708e00000| Untracked 
|  33|0x0000000709000000, 0x0000000709000000, 0x0000000709200000|  0%| F|  |TAMS 0x0000000709000000, 0x0000000709000000| Untracked 
|  34|0x0000000709200000, 0x0000000709200000, 0x0000000709400000|  0%| F|  |TAMS 0x0000000709200000, 0x0000000709200000| Untracked 
|  35|0x0000000709400000, 0x0000000709400000, 0x0000000709600000|  0%| F|  |TAMS 0x0000000709400000, 0x0000000709400000| Untracked 
|  36|0x0000000709600000, 0x0000000709600000, 0x0000000709800000|  0%| F|  |TAMS 0x0000000709600000, 0x0000000709600000| Untracked 
|  37|0x0000000709800000, 0x0000000709800000, 0x0000000709a00000|  0%| F|  |TAMS 0x0000000709800000, 0x0000000709800000| Untracked 
|  38|0x0000000709a00000, 0x0000000709a00000, 0x0000000709c00000|  0%| F|  |TAMS 0x0000000709a00000, 0x0000000709a00000| Untracked 
|  39|0x0000000709c00000, 0x0000000709c00000, 0x0000000709e00000|  0%| F|  |TAMS 0x0000000709c00000, 0x0000000709c00000| Untracked 
|  40|0x0000000709e00000, 0x0000000709e00000, 0x000000070a000000|  0%| F|  |TAMS 0x0000000709e00000, 0x0000000709e00000| Untracked 
|  41|0x000000070a000000, 0x000000070a000000, 0x000000070a200000|  0%| F|  |TAMS 0x000000070a000000, 0x000000070a000000| Untracked 
|  42|0x000000070a200000, 0x000000070a200000, 0x000000070a400000|  0%| F|  |TAMS 0x000000070a200000, 0x000000070a200000| Untracked 
|  43|0x000000070a400000, 0x000000070a400000, 0x000000070a600000|  0%| F|  |TAMS 0x000000070a400000, 0x000000070a400000| Untracked 
|  44|0x000000070a600000, 0x000000070a600000, 0x000000070a800000|  0%| F|  |TAMS 0x000000070a600000, 0x000000070a600000| Untracked 
|  45|0x000000070a800000, 0x000000070a800000, 0x000000070aa00000|  0%| F|  |TAMS 0x000000070a800000, 0x000000070a800000| Untracked 
|  46|0x000000070aa00000, 0x000000070aa00000, 0x000000070ac00000|  0%| F|  |TAMS 0x000000070aa00000, 0x000000070aa00000| Untracked 
|  47|0x000000070ac00000, 0x000000070ac00000, 0x000000070ae00000|  0%| F|  |TAMS 0x000000070ac00000, 0x000000070ac00000| Untracked 
|  48|0x000000070ae00000, 0x000000070ae00000, 0x000000070b000000|  0%| F|  |TAMS 0x000000070ae00000, 0x000000070ae00000| Untracked 
|  49|0x000000070b000000, 0x000000070b000000, 0x000000070b200000|  0%| F|  |TAMS 0x000000070b000000, 0x000000070b000000| Untracked 
|  50|0x000000070b200000, 0x000000070b200000, 0x000000070b400000|  0%| F|  |TAMS 0x000000070b200000, 0x000000070b200000| Untracked 
|  51|0x000000070b400000, 0x000000070b400000, 0x000000070b600000|  0%| F|  |TAMS 0x000000070b400000, 0x000000070b400000| Untracked 
|  52|0x000000070b600000, 0x000000070b600000, 0x000000070b800000|  0%| F|  |TAMS 0x000000070b600000, 0x000000070b600000| Untracked 
|  53|0x000000070b800000, 0x000000070b800000, 0x000000070ba00000|  0%| F|  |TAMS 0x000000070b800000, 0x000000070b800000| Untracked 
|  54|0x000000070ba00000, 0x000000070ba00000, 0x000000070bc00000|  0%| F|  |TAMS 0x000000070ba00000, 0x000000070ba00000| Untracked 
|  55|0x000000070bc00000, 0x000000070bc00000, 0x000000070be00000|  0%| F|  |TAMS 0x000000070bc00000, 0x000000070bc00000| Untracked 
|  56|0x000000070be00000, 0x000000070be00000, 0x000000070c000000|  0%| F|  |TAMS 0x000000070be00000, 0x000000070be00000| Untracked 
|  57|0x000000070c000000, 0x000000070c000000, 0x000000070c200000|  0%| F|  |TAMS 0x000000070c000000, 0x000000070c000000| Untracked 
|  58|0x000000070c200000, 0x000000070c200000, 0x000000070c400000|  0%| F|  |TAMS 0x000000070c200000, 0x000000070c200000| Untracked 
|  59|0x000000070c400000, 0x000000070c400000, 0x000000070c600000|  0%| F|  |TAMS 0x000000070c400000, 0x000000070c400000| Untracked 
|  60|0x000000070c600000, 0x000000070c600000, 0x000000070c800000|  0%| F|  |TAMS 0x000000070c600000, 0x000000070c600000| Untracked 
|  61|0x000000070c800000, 0x000000070c800000, 0x000000070ca00000|  0%| F|  |TAMS 0x000000070c800000, 0x000000070c800000| Untracked 
|  62|0x000000070ca00000, 0x000000070ca00000, 0x000000070cc00000|  0%| F|  |TAMS 0x000000070ca00000, 0x000000070ca00000| Untracked 
|  63|0x000000070cc00000, 0x000000070cc00000, 0x000000070ce00000|  0%| F|  |TAMS 0x000000070cc00000, 0x000000070cc00000| Untracked 
|  64|0x000000070ce00000, 0x000000070ce00000, 0x000000070d000000|  0%| F|  |TAMS 0x000000070ce00000, 0x000000070ce00000| Untracked 
|  65|0x000000070d000000, 0x000000070d000000, 0x000000070d200000|  0%| F|  |TAMS 0x000000070d000000, 0x000000070d000000| Untracked 
|  66|0x000000070d200000, 0x000000070d200000, 0x000000070d400000|  0%| F|  |TAMS 0x000000070d200000, 0x000000070d200000| Untracked 
|  67|0x000000070d400000, 0x000000070d400000, 0x000000070d600000|  0%| F|  |TAMS 0x000000070d400000, 0x000000070d400000| Untracked 
|  68|0x000000070d600000, 0x000000070d600000, 0x000000070d800000|  0%| F|  |TAMS 0x000000070d600000, 0x000000070d600000| Untracked 
|  69|0x000000070d800000, 0x000000070d800000, 0x000000070da00000|  0%| F|  |TAMS 0x000000070d800000, 0x000000070d800000| Untracked 
|  70|0x000000070da00000, 0x000000070da00000, 0x000000070dc00000|  0%| F|  |TAMS 0x000000070da00000, 0x000000070da00000| Untracked 
|  71|0x000000070dc00000, 0x000000070dc00000, 0x000000070de00000|  0%| F|  |TAMS 0x000000070dc00000, 0x000000070dc00000| Untracked 
|  72|0x000000070de00000, 0x000000070de00000, 0x000000070e000000|  0%| F|  |TAMS 0x000000070de00000, 0x000000070de00000| Untracked 
|  73|0x000000070e000000, 0x000000070e000000, 0x000000070e200000|  0%| F|  |TAMS 0x000000070e000000, 0x000000070e000000| Untracked 
|  74|0x000000070e200000, 0x000000070e200000, 0x000000070e400000|  0%| F|  |TAMS 0x000000070e200000, 0x000000070e200000| Untracked 
|  75|0x000000070e400000, 0x000000070e400000, 0x000000070e600000|  0%| F|  |TAMS 0x000000070e400000, 0x000000070e400000| Untracked 
|  76|0x000000070e600000, 0x000000070e600000, 0x000000070e800000|  0%| F|  |TAMS 0x000000070e600000, 0x000000070e600000| Untracked 
|  77|0x000000070e800000, 0x000000070e800000, 0x000000070ea00000|  0%| F|  |TAMS 0x000000070e800000, 0x000000070e800000| Untracked 
|  78|0x000000070ea00000, 0x000000070ea00000, 0x000000070ec00000|  0%| F|  |TAMS 0x000000070ea00000, 0x000000070ea00000| Untracked 
|  79|0x000000070ec00000, 0x000000070ec00000, 0x000000070ee00000|  0%| F|  |TAMS 0x000000070ec00000, 0x000000070ec00000| Untracked 
|  80|0x000000070ee00000, 0x000000070ee00000, 0x000000070f000000|  0%| F|  |TAMS 0x000000070ee00000, 0x000000070ee00000| Untracked 
|  81|0x000000070f000000, 0x000000070f000000, 0x000000070f200000|  0%| F|  |TAMS 0x000000070f000000, 0x000000070f000000| Untracked 
|  82|0x000000070f200000, 0x000000070f200000, 0x000000070f400000|  0%| F|  |TAMS 0x000000070f200000, 0x000000070f200000| Untracked 
|  83|0x000000070f400000, 0x000000070f400000, 0x000000070f600000|  0%| F|  |TAMS 0x000000070f400000, 0x000000070f400000| Untracked 
|  84|0x000000070f600000, 0x000000070f600000, 0x000000070f800000|  0%| F|  |TAMS 0x000000070f600000, 0x000000070f600000| Untracked 
|  85|0x000000070f800000, 0x000000070f81f3e0, 0x000000070fa00000|  6%| S|CS|TAMS 0x000000070f800000, 0x000000070f800000| Complete 
|  86|0x000000070fa00000, 0x000000070fa00000, 0x000000070fc00000|  0%| F|  |TAMS 0x000000070fa00000, 0x000000070fa00000| Untracked 
|  87|0x000000070fc00000, 0x000000070fc00000, 0x000000070fe00000|  0%| F|  |TAMS 0x000000070fc00000, 0x000000070fc00000| Untracked 
|  88|0x000000070fe00000, 0x000000070fe00000, 0x0000000710000000|  0%| F|  |TAMS 0x000000070fe00000, 0x000000070fe00000| Untracked 
|  89|0x0000000710000000, 0x0000000710000000, 0x0000000710200000|  0%| F|  |TAMS 0x0000000710000000, 0x0000000710000000| Untracked 
|  90|0x0000000710200000, 0x0000000710200000, 0x0000000710400000|  0%| F|  |TAMS 0x0000000710200000, 0x0000000710200000| Untracked 
|  91|0x0000000710400000, 0x0000000710400000, 0x0000000710600000|  0%| F|  |TAMS 0x0000000710400000, 0x0000000710400000| Untracked 
|  92|0x0000000710600000, 0x0000000710600000, 0x0000000710800000|  0%| F|  |TAMS 0x0000000710600000, 0x0000000710600000| Untracked 
|  93|0x0000000710800000, 0x0000000710800000, 0x0000000710a00000|  0%| F|  |TAMS 0x0000000710800000, 0x0000000710800000| Untracked 
|  94|0x0000000710a00000, 0x0000000710a00000, 0x0000000710c00000|  0%| F|  |TAMS 0x0000000710a00000, 0x0000000710a00000| Untracked 
|  95|0x0000000710c00000, 0x0000000710c00000, 0x0000000710e00000|  0%| F|  |TAMS 0x0000000710c00000, 0x0000000710c00000| Untracked 
|  96|0x0000000710e00000, 0x0000000710e00000, 0x0000000711000000|  0%| F|  |TAMS 0x0000000710e00000, 0x0000000710e00000| Untracked 
|  97|0x0000000711000000, 0x0000000711000000, 0x0000000711200000|  0%| F|  |TAMS 0x0000000711000000, 0x0000000711000000| Untracked 
|  98|0x0000000711200000, 0x0000000711200000, 0x0000000711400000|  0%| F|  |TAMS 0x0000000711200000, 0x0000000711200000| Untracked 
|  99|0x0000000711400000, 0x0000000711400000, 0x0000000711600000|  0%| F|  |TAMS 0x0000000711400000, 0x0000000711400000| Untracked 
| 100|0x0000000711600000, 0x0000000711600000, 0x0000000711800000|  0%| F|  |TAMS 0x0000000711600000, 0x0000000711600000| Untracked 
| 101|0x0000000711800000, 0x0000000711800000, 0x0000000711a00000|  0%| F|  |TAMS 0x0000000711800000, 0x0000000711800000| Untracked 
| 102|0x0000000711a00000, 0x0000000711a00000, 0x0000000711c00000|  0%| F|  |TAMS 0x0000000711a00000, 0x0000000711a00000| Untracked 
| 103|0x0000000711c00000, 0x0000000711c00000, 0x0000000711e00000|  0%| F|  |TAMS 0x0000000711c00000, 0x0000000711c00000| Untracked 
| 104|0x0000000711e00000, 0x0000000711e00000, 0x0000000712000000|  0%| F|  |TAMS 0x0000000711e00000, 0x0000000711e00000| Untracked 
| 105|0x0000000712000000, 0x0000000712000000, 0x0000000712200000|  0%| F|  |TAMS 0x0000000712000000, 0x0000000712000000| Untracked 
| 106|0x0000000712200000, 0x0000000712200000, 0x0000000712400000|  0%| F|  |TAMS 0x0000000712200000, 0x0000000712200000| Untracked 
| 107|0x0000000712400000, 0x0000000712400000, 0x0000000712600000|  0%| F|  |TAMS 0x0000000712400000, 0x0000000712400000| Untracked 
| 108|0x0000000712600000, 0x0000000712600000, 0x0000000712800000|  0%| F|  |TAMS 0x0000000712600000, 0x0000000712600000| Untracked 
| 109|0x0000000712800000, 0x0000000712800000, 0x0000000712a00000|  0%| F|  |TAMS 0x0000000712800000, 0x0000000712800000| Untracked 
| 110|0x0000000712a00000, 0x0000000712a00000, 0x0000000712c00000|  0%| F|  |TAMS 0x0000000712a00000, 0x0000000712a00000| Untracked 
| 111|0x0000000712c00000, 0x0000000712c00000, 0x0000000712e00000|  0%| F|  |TAMS 0x0000000712c00000, 0x0000000712c00000| Untracked 
| 112|0x0000000712e00000, 0x0000000712e00000, 0x0000000713000000|  0%| F|  |TAMS 0x0000000712e00000, 0x0000000712e00000| Untracked 
| 113|0x0000000713000000, 0x0000000713000000, 0x0000000713200000|  0%| F|  |TAMS 0x0000000713000000, 0x0000000713000000| Untracked 
| 114|0x0000000713200000, 0x0000000713200000, 0x0000000713400000|  0%| F|  |TAMS 0x0000000713200000, 0x0000000713200000| Untracked 
| 115|0x0000000713400000, 0x0000000713400000, 0x0000000713600000|  0%| F|  |TAMS 0x0000000713400000, 0x0000000713400000| Untracked 
| 116|0x0000000713600000, 0x0000000713600000, 0x0000000713800000|  0%| F|  |TAMS 0x0000000713600000, 0x0000000713600000| Untracked 
| 117|0x0000000713800000, 0x0000000713800000, 0x0000000713a00000|  0%| F|  |TAMS 0x0000000713800000, 0x0000000713800000| Untracked 
| 118|0x0000000713a00000, 0x0000000713a00000, 0x0000000713c00000|  0%| F|  |TAMS 0x0000000713a00000, 0x0000000713a00000| Untracked 
| 119|0x0000000713c00000, 0x0000000713c00000, 0x0000000713e00000|  0%| F|  |TAMS 0x0000000713c00000, 0x0000000713c00000| Untracked 
| 120|0x0000000713e00000, 0x0000000713e00000, 0x0000000714000000|  0%| F|  |TAMS 0x0000000713e00000, 0x0000000713e00000| Untracked 
| 121|0x0000000714000000, 0x0000000714000000, 0x0000000714200000|  0%| F|  |TAMS 0x0000000714000000, 0x0000000714000000| Untracked 
| 122|0x0000000714200000, 0x0000000714200000, 0x0000000714400000|  0%| F|  |TAMS 0x0000000714200000, 0x0000000714200000| Untracked 
| 123|0x0000000714400000, 0x0000000714400000, 0x0000000714600000|  0%| F|  |TAMS 0x0000000714400000, 0x0000000714400000| Untracked 
| 124|0x0000000714600000, 0x0000000714600000, 0x0000000714800000|  0%| F|  |TAMS 0x0000000714600000, 0x0000000714600000| Untracked 
| 125|0x0000000714800000, 0x0000000714800000, 0x0000000714a00000|  0%| F|  |TAMS 0x0000000714800000, 0x0000000714800000| Untracked 
| 126|0x0000000714a00000, 0x0000000714a00000, 0x0000000714c00000|  0%| F|  |TAMS 0x0000000714a00000, 0x0000000714a00000| Untracked 
| 127|0x0000000714c00000, 0x0000000714c00000, 0x0000000714e00000|  0%| F|  |TAMS 0x0000000714c00000, 0x0000000714c00000| Untracked 
| 128|0x0000000714e00000, 0x0000000714e00000, 0x0000000715000000|  0%| F|  |TAMS 0x0000000714e00000, 0x0000000714e00000| Untracked 
| 129|0x0000000715000000, 0x0000000715000000, 0x0000000715200000|  0%| F|  |TAMS 0x0000000715000000, 0x0000000715000000| Untracked 
| 130|0x0000000715200000, 0x0000000715200000, 0x0000000715400000|  0%| F|  |TAMS 0x0000000715200000, 0x0000000715200000| Untracked 
| 131|0x0000000715400000, 0x0000000715400000, 0x0000000715600000|  0%| F|  |TAMS 0x0000000715400000, 0x0000000715400000| Untracked 
| 132|0x0000000715600000, 0x0000000715600000, 0x0000000715800000|  0%| F|  |TAMS 0x0000000715600000, 0x0000000715600000| Untracked 
| 133|0x0000000715800000, 0x0000000715800000, 0x0000000715a00000|  0%| F|  |TAMS 0x0000000715800000, 0x0000000715800000| Untracked 
| 134|0x0000000715a00000, 0x0000000715a00000, 0x0000000715c00000|  0%| F|  |TAMS 0x0000000715a00000, 0x0000000715a00000| Untracked 
| 135|0x0000000715c00000, 0x0000000715c00000, 0x0000000715e00000|  0%| F|  |TAMS 0x0000000715c00000, 0x0000000715c00000| Untracked 
| 136|0x0000000715e00000, 0x0000000715e00000, 0x0000000716000000|  0%| F|  |TAMS 0x0000000715e00000, 0x0000000715e00000| Untracked 
| 137|0x0000000716000000, 0x0000000716000000, 0x0000000716200000|  0%| F|  |TAMS 0x0000000716000000, 0x0000000716000000| Untracked 
| 138|0x0000000716200000, 0x0000000716200000, 0x0000000716400000|  0%| F|  |TAMS 0x0000000716200000, 0x0000000716200000| Untracked 
| 139|0x0000000716400000, 0x0000000716400000, 0x0000000716600000|  0%| F|  |TAMS 0x0000000716400000, 0x0000000716400000| Untracked 
| 140|0x0000000716600000, 0x0000000716600000, 0x0000000716800000|  0%| F|  |TAMS 0x0000000716600000, 0x0000000716600000| Untracked 
| 141|0x0000000716800000, 0x0000000716800000, 0x0000000716a00000|  0%| F|  |TAMS 0x0000000716800000, 0x0000000716800000| Untracked 
| 142|0x0000000716a00000, 0x0000000716a00000, 0x0000000716c00000|  0%| F|  |TAMS 0x0000000716a00000, 0x0000000716a00000| Untracked 
| 143|0x0000000716c00000, 0x0000000716c00000, 0x0000000716e00000|  0%| F|  |TAMS 0x0000000716c00000, 0x0000000716c00000| Untracked 
| 144|0x0000000716e00000, 0x0000000716e00000, 0x0000000717000000|  0%| F|  |TAMS 0x0000000716e00000, 0x0000000716e00000| Untracked 
| 145|0x0000000717000000, 0x0000000717000000, 0x0000000717200000|  0%| F|  |TAMS 0x0000000717000000, 0x0000000717000000| Untracked 
| 146|0x0000000717200000, 0x0000000717200000, 0x0000000717400000|  0%| F|  |TAMS 0x0000000717200000, 0x0000000717200000| Untracked 
| 147|0x0000000717400000, 0x0000000717400000, 0x0000000717600000|  0%| F|  |TAMS 0x0000000717400000, 0x0000000717400000| Untracked 
| 148|0x0000000717600000, 0x0000000717600000, 0x0000000717800000|  0%| F|  |TAMS 0x0000000717600000, 0x0000000717600000| Untracked 
| 149|0x0000000717800000, 0x0000000717800000, 0x0000000717a00000|  0%| F|  |TAMS 0x0000000717800000, 0x0000000717800000| Untracked 
| 150|0x0000000717a00000, 0x0000000717a00000, 0x0000000717c00000|  0%| F|  |TAMS 0x0000000717a00000, 0x0000000717a00000| Untracked 
| 151|0x0000000717c00000, 0x0000000717c00000, 0x0000000717e00000|  0%| F|  |TAMS 0x0000000717c00000, 0x0000000717c00000| Untracked 
| 152|0x0000000717e00000, 0x0000000717e00000, 0x0000000718000000|  0%| F|  |TAMS 0x0000000717e00000, 0x0000000717e00000| Untracked 
| 153|0x0000000718000000, 0x0000000718000000, 0x0000000718200000|  0%| F|  |TAMS 0x0000000718000000, 0x0000000718000000| Untracked 
| 154|0x0000000718200000, 0x0000000718200000, 0x0000000718400000|  0%| F|  |TAMS 0x0000000718200000, 0x0000000718200000| Untracked 
| 155|0x0000000718400000, 0x0000000718400000, 0x0000000718600000|  0%| F|  |TAMS 0x0000000718400000, 0x0000000718400000| Untracked 
| 156|0x0000000718600000, 0x0000000718600000, 0x0000000718800000|  0%| F|  |TAMS 0x0000000718600000, 0x0000000718600000| Untracked 
| 157|0x0000000718800000, 0x0000000718800000, 0x0000000718a00000|  0%| F|  |TAMS 0x0000000718800000, 0x0000000718800000| Untracked 
| 158|0x0000000718a00000, 0x0000000718a00000, 0x0000000718c00000|  0%| F|  |TAMS 0x0000000718a00000, 0x0000000718a00000| Untracked 
| 159|0x0000000718c00000, 0x0000000718c00000, 0x0000000718e00000|  0%| F|  |TAMS 0x0000000718c00000, 0x0000000718c00000| Untracked 
| 160|0x0000000718e00000, 0x0000000718e00000, 0x0000000719000000|  0%| F|  |TAMS 0x0000000718e00000, 0x0000000718e00000| Untracked 
| 161|0x0000000719000000, 0x0000000719000000, 0x0000000719200000|  0%| F|  |TAMS 0x0000000719000000, 0x0000000719000000| Untracked 
| 162|0x0000000719200000, 0x0000000719200000, 0x0000000719400000|  0%| F|  |TAMS 0x0000000719200000, 0x0000000719200000| Untracked 
| 163|0x0000000719400000, 0x0000000719400000, 0x0000000719600000|  0%| F|  |TAMS 0x0000000719400000, 0x0000000719400000| Untracked 
| 164|0x0000000719600000, 0x0000000719600000, 0x0000000719800000|  0%| F|  |TAMS 0x0000000719600000, 0x0000000719600000| Untracked 
| 165|0x0000000719800000, 0x0000000719800000, 0x0000000719a00000|  0%| F|  |TAMS 0x0000000719800000, 0x0000000719800000| Untracked 
| 166|0x0000000719a00000, 0x0000000719a00000, 0x0000000719c00000|  0%| F|  |TAMS 0x0000000719a00000, 0x0000000719a00000| Untracked 
| 167|0x0000000719c00000, 0x0000000719c00000, 0x0000000719e00000|  0%| F|  |TAMS 0x0000000719c00000, 0x0000000719c00000| Untracked 
| 168|0x0000000719e00000, 0x0000000719e00000, 0x000000071a000000|  0%| F|  |TAMS 0x0000000719e00000, 0x0000000719e00000| Untracked 
| 169|0x000000071a000000, 0x000000071a000000, 0x000000071a200000|  0%| F|  |TAMS 0x000000071a000000, 0x000000071a000000| Untracked 
| 170|0x000000071a200000, 0x000000071a200000, 0x000000071a400000|  0%| F|  |TAMS 0x000000071a200000, 0x000000071a200000| Untracked 
| 171|0x000000071a400000, 0x000000071a400000, 0x000000071a600000|  0%| F|  |TAMS 0x000000071a400000, 0x000000071a400000| Untracked 
| 172|0x000000071a600000, 0x000000071a600000, 0x000000071a800000|  0%| F|  |TAMS 0x000000071a600000, 0x000000071a600000| Untracked 
| 173|0x000000071a800000, 0x000000071a800000, 0x000000071aa00000|  0%| F|  |TAMS 0x000000071a800000, 0x000000071a800000| Untracked 
| 174|0x000000071aa00000, 0x000000071aa00000, 0x000000071ac00000|  0%| F|  |TAMS 0x000000071aa00000, 0x000000071aa00000| Untracked 
| 175|0x000000071ac00000, 0x000000071ac00000, 0x000000071ae00000|  0%| F|  |TAMS 0x000000071ac00000, 0x000000071ac00000| Untracked 
| 176|0x000000071ae00000, 0x000000071ae00000, 0x000000071b000000|  0%| F|  |TAMS 0x000000071ae00000, 0x000000071ae00000| Untracked 
| 177|0x000000071b000000, 0x000000071b000000, 0x000000071b200000|  0%| F|  |TAMS 0x000000071b000000, 0x000000071b000000| Untracked 
| 178|0x000000071b200000, 0x000000071b200000, 0x000000071b400000|  0%| F|  |TAMS 0x000000071b200000, 0x000000071b200000| Untracked 
| 179|0x000000071b400000, 0x000000071b400000, 0x000000071b600000|  0%| F|  |TAMS 0x000000071b400000, 0x000000071b400000| Untracked 
| 180|0x000000071b600000, 0x000000071b600000, 0x000000071b800000|  0%| F|  |TAMS 0x000000071b600000, 0x000000071b600000| Untracked 
| 181|0x000000071b800000, 0x000000071b800000, 0x000000071ba00000|  0%| F|  |TAMS 0x000000071b800000, 0x000000071b800000| Untracked 
| 182|0x000000071ba00000, 0x000000071ba00000, 0x000000071bc00000|  0%| F|  |TAMS 0x000000071ba00000, 0x000000071ba00000| Untracked 
| 183|0x000000071bc00000, 0x000000071bc00000, 0x000000071be00000|  0%| F|  |TAMS 0x000000071bc00000, 0x000000071bc00000| Untracked 
| 184|0x000000071be00000, 0x000000071be00000, 0x000000071c000000|  0%| F|  |TAMS 0x000000071be00000, 0x000000071be00000| Untracked 
| 185|0x000000071c000000, 0x000000071c000000, 0x000000071c200000|  0%| F|  |TAMS 0x000000071c000000, 0x000000071c000000| Untracked 
| 186|0x000000071c200000, 0x000000071c200000, 0x000000071c400000|  0%| F|  |TAMS 0x000000071c200000, 0x000000071c200000| Untracked 
| 187|0x000000071c400000, 0x000000071c400000, 0x000000071c600000|  0%| F|  |TAMS 0x000000071c400000, 0x000000071c400000| Untracked 
| 188|0x000000071c600000, 0x000000071c600000, 0x000000071c800000|  0%| F|  |TAMS 0x000000071c600000, 0x000000071c600000| Untracked 
| 189|0x000000071c800000, 0x000000071c800000, 0x000000071ca00000|  0%| F|  |TAMS 0x000000071c800000, 0x000000071c800000| Untracked 
| 190|0x000000071ca00000, 0x000000071ca00000, 0x000000071cc00000|  0%| F|  |TAMS 0x000000071ca00000, 0x000000071ca00000| Untracked 
| 191|0x000000071cc00000, 0x000000071cc00000, 0x000000071ce00000|  0%| F|  |TAMS 0x000000071cc00000, 0x000000071cc00000| Untracked 
| 192|0x000000071ce00000, 0x000000071ce00000, 0x000000071d000000|  0%| F|  |TAMS 0x000000071ce00000, 0x000000071ce00000| Untracked 
| 193|0x000000071d000000, 0x000000071d000000, 0x000000071d200000|  0%| F|  |TAMS 0x000000071d000000, 0x000000071d000000| Untracked 
| 194|0x000000071d200000, 0x000000071d200000, 0x000000071d400000|  0%| F|  |TAMS 0x000000071d200000, 0x000000071d200000| Untracked 
| 195|0x000000071d400000, 0x000000071d400000, 0x000000071d600000|  0%| F|  |TAMS 0x000000071d400000, 0x000000071d400000| Untracked 
| 196|0x000000071d600000, 0x000000071d600000, 0x000000071d800000|  0%| F|  |TAMS 0x000000071d600000, 0x000000071d600000| Untracked 
| 197|0x000000071d800000, 0x000000071d800000, 0x000000071da00000|  0%| F|  |TAMS 0x000000071d800000, 0x000000071d800000| Untracked 
| 198|0x000000071da00000, 0x000000071da00000, 0x000000071dc00000|  0%| F|  |TAMS 0x000000071da00000, 0x000000071da00000| Untracked 
| 199|0x000000071dc00000, 0x000000071dc00000, 0x000000071de00000|  0%| F|  |TAMS 0x000000071dc00000, 0x000000071dc00000| Untracked 
| 200|0x000000071de00000, 0x000000071de00000, 0x000000071e000000|  0%| F|  |TAMS 0x000000071de00000, 0x000000071de00000| Untracked 
| 201|0x000000071e000000, 0x000000071e000000, 0x000000071e200000|  0%| F|  |TAMS 0x000000071e000000, 0x000000071e000000| Untracked 
| 202|0x000000071e200000, 0x000000071e200000, 0x000000071e400000|  0%| F|  |TAMS 0x000000071e200000, 0x000000071e200000| Untracked 
| 203|0x000000071e400000, 0x000000071e400000, 0x000000071e600000|  0%| F|  |TAMS 0x000000071e400000, 0x000000071e400000| Untracked 
| 204|0x000000071e600000, 0x000000071e600000, 0x000000071e800000|  0%| F|  |TAMS 0x000000071e600000, 0x000000071e600000| Untracked 
| 205|0x000000071e800000, 0x000000071e800000, 0x000000071ea00000|  0%| F|  |TAMS 0x000000071e800000, 0x000000071e800000| Untracked 
| 206|0x000000071ea00000, 0x000000071ea00000, 0x000000071ec00000|  0%| F|  |TAMS 0x000000071ea00000, 0x000000071ea00000| Untracked 
| 207|0x000000071ec00000, 0x000000071ec00000, 0x000000071ee00000|  0%| F|  |TAMS 0x000000071ec00000, 0x000000071ec00000| Untracked 
| 208|0x000000071ee00000, 0x000000071ee00000, 0x000000071f000000|  0%| F|  |TAMS 0x000000071ee00000, 0x000000071ee00000| Untracked 
| 209|0x000000071f000000, 0x000000071f000000, 0x000000071f200000|  0%| F|  |TAMS 0x000000071f000000, 0x000000071f000000| Untracked 
| 210|0x000000071f200000, 0x000000071f200000, 0x000000071f400000|  0%| F|  |TAMS 0x000000071f200000, 0x000000071f200000| Untracked 
| 211|0x000000071f400000, 0x000000071f400000, 0x000000071f600000|  0%| F|  |TAMS 0x000000071f400000, 0x000000071f400000| Untracked 
| 212|0x000000071f600000, 0x000000071f600000, 0x000000071f800000|  0%| F|  |TAMS 0x000000071f600000, 0x000000071f600000| Untracked 
| 213|0x000000071f800000, 0x000000071f800000, 0x000000071fa00000|  0%| F|  |TAMS 0x000000071f800000, 0x000000071f800000| Untracked 

Card table byte_map: [0x000002a653430000,0x000002a653c10000] _byte_map_base: 0x000002a64fc09000

Marking Bits (Prev, Next): (CMBitMap*) 0x000002a63fb665b0, (CMBitMap*) 0x000002a63fb665f0
 Prev Bits: [0x000002a6543f0000, 0x000002a6582b8000)
 Next Bits: [0x000002a6582c0000, 0x000002a65c188000)

Polling page: 0x000002a63d6f0000

Metaspace:

Usage:
  Non-class:     38.60 MB used.
      Class:      4.97 MB used.
       Both:     43.57 MB used.

Virtual space:
  Non-class space:       64.00 MB reserved,      38.88 MB ( 61%) committed,  1 nodes.
      Class space:        1.00 GB reserved,       5.19 MB ( <1%) committed,  1 nodes.
             Both:        1.06 GB reserved,      44.06 MB (  4%) committed. 

Chunk freelists:
   Non-Class:  8.83 MB
       Class:  10.71 MB
        Both:  19.54 MB

MaxMetaspaceSize: unlimited
CompressedClassSpaceSize: 1.00 GB
Initial GC threshold: 21.00 MB
Current GC threshold: 58.88 MB
CDS: off
MetaspaceReclaimPolicy: balanced
 - commit_granule_bytes: 65536.
 - commit_granule_words: 8192.
 - virtual_space_node_default_size: 8388608.
 - enlarge_chunks_in_place: 1.
 - new_chunks_are_fully_committed: 0.
 - uncommit_free_chunks: 1.
 - use_allocation_guard: 0.
 - handle_deallocations: 1.


Internal statistics:

num_allocs_failed_limit: 6.
num_arena_births: 756.
num_arena_deaths: 0.
num_vsnodes_births: 2.
num_vsnodes_deaths: 0.
num_space_committed: 705.
num_space_uncommitted: 0.
num_chunks_returned_to_freelist: 6.
num_chunks_taken_from_freelist: 2067.
num_chunk_merges: 6.
num_chunk_splits: 1363.
num_chunks_enlarged: 943.
num_inconsistent_stats: 0.

CodeHeap 'non-profiled nmethods': size=119168Kb used=6038Kb max_used=6038Kb free=113129Kb
 bounds [0x000002a64ad50000, 0x000002a64b340000, 0x000002a6521b0000]
CodeHeap 'profiled nmethods': size=119104Kb used=9569Kb max_used=12368Kb free=109534Kb
 bounds [0x000002a6431b0000, 0x000002a643dd0000, 0x000002a64a600000]
CodeHeap 'non-nmethods': size=7488Kb used=1252Kb max_used=3021Kb free=6235Kb
 bounds [0x000002a64a600000, 0x000002a64a900000, 0x000002a64ad50000]
 total_blobs=6137 nmethods=5572 adapters=477
 compilation: enabled
              stopped_count=0, restarted_count=0
 full_count=0

Compilation events (20 events):
Event: 146.885 Thread 0x000002a65f5608c0 6980       1       org.apache.tomcat.util.net.NioChannel::getBufHandler (5 bytes)
Event: 146.885 Thread 0x000002a65f5608c0 nmethod 6980 0x000002a64b334510 code [0x000002a64b3346a0, 0x000002a64b334778]
Event: 146.885 Thread 0x000002a65f5608c0 6981       1       org.apache.tomcat.util.net.SocketWrapperBase::setKeepAliveLeft (6 bytes)
Event: 146.885 Thread 0x000002a65f5608c0 nmethod 6981 0x000002a64b334810 code [0x000002a64b3349a0, 0x000002a64b334a78]
Event: 146.970 Thread 0x000002a65f5608c0 6982       3       org.apache.tomcat.util.net.NioChannel::isOpen (8 bytes)
Event: 146.971 Thread 0x000002a65f5608c0 nmethod 6982 0x000002a6433a2d90 code [0x000002a6433a2f20, 0x000002a6433a30f8]
Event: 146.971 Thread 0x000002a65f5608c0 6984       3       sun.nio.ch.SocketChannelImpl::tryClose (76 bytes)
Event: 146.971 Thread 0x000002a65f5608c0 nmethod 6984 0x000002a6432d5c10 code [0x000002a6432d5de0, 0x000002a6432d6228]
Event: 146.971 Thread 0x000002a65f5608c0 6983       1       org.apache.tomcat.util.net.SocketWrapperBase::reset (6 bytes)
Event: 146.971 Thread 0x000002a65f5608c0 nmethod 6983 0x000002a64b334b10 code [0x000002a64b334ca0, 0x000002a64b334db8]
Event: 147.029 Thread 0x000002a65f5608c0 6985       1       sun.nio.ch.NativeThread::current (2 bytes)
Event: 147.029 Thread 0x000002a65f5608c0 nmethod 6985 0x000002a64b334e10 code [0x000002a64b334fa0, 0x000002a64b335058]
Event: 147.029 Thread 0x000002a65f5608c0 6986   !   3       sun.nio.ch.SocketChannelImpl::socket (54 bytes)
Event: 147.030 Thread 0x000002a65f5608c0 nmethod 6986 0x000002a6432a8690 code [0x000002a6432a8880, 0x000002a6432a8d98]
Event: 147.056 Thread 0x000002a65f5608c0 6987       3       java.lang.invoke.VarHandleGuards::guard_LII_Z (86 bytes)
Event: 147.057 Thread 0x000002a65f55d650 6989   !   4       sun.nio.ch.WEPollSelectorImpl::wakeup (53 bytes)
Event: 147.058 Thread 0x000002a65f5608c0 nmethod 6987 0x000002a64328be90 code [0x000002a64328c1e0, 0x000002a64328df88]
Event: 147.059 Thread 0x000002a65f55d650 nmethod 6989 0x000002a64b335410 code [0x000002a64b3355a0, 0x000002a64b335908]
Event: 147.347 Thread 0x000002a65f5608c0 6990   !   3       org.apache.catalina.core.StandardContext::getManager (38 bytes)
Event: 147.347 Thread 0x000002a65f5608c0 nmethod 6990 0x000002a6431e2810 code [0x000002a6431e2a20, 0x000002a6431e3148]

GC Heap History (20 events):
Event: 147.195 GC heap after
{Heap after GC invocations=63 (full 0):
 garbage-first heap   total 438272K, used 16819K [0x0000000704e00000, 0x0000000800000000)
  region size 2048K, 1 young (2048K), 1 survivors (2048K)
 Metaspace       used 44612K, committed 45120K, reserved 1114112K
  class space    used 5084K, committed 5312K, reserved 1048576K
}
Event: 147.265 GC heap before
{Heap before GC invocations=63 (full 0):
 garbage-first heap   total 438272K, used 276915K [0x0000000704e00000, 0x0000000800000000)
  region size 2048K, 128 young (262144K), 1 survivors (2048K)
 Metaspace       used 44612K, committed 45120K, reserved 1114112K
  class space    used 5084K, committed 5312K, reserved 1048576K
}
Event: 147.266 GC heap after
{Heap after GC invocations=64 (full 0):
 garbage-first heap   total 438272K, used 16809K [0x0000000704e00000, 0x0000000800000000)
  region size 2048K, 1 young (2048K), 1 survivors (2048K)
 Metaspace       used 44612K, committed 45120K, reserved 1114112K
  class space    used 5084K, committed 5312K, reserved 1048576K
}
Event: 147.337 GC heap before
{Heap before GC invocations=64 (full 0):
 garbage-first heap   total 438272K, used 276905K [0x0000000704e00000, 0x0000000800000000)
  region size 2048K, 128 young (262144K), 1 survivors (2048K)
 Metaspace       used 44612K, committed 45120K, reserved 1114112K
  class space    used 5084K, committed 5312K, reserved 1048576K
}
Event: 147.338 GC heap after
{Heap after GC invocations=65 (full 0):
 garbage-first heap   total 438272K, used 16827K [0x0000000704e00000, 0x0000000800000000)
  region size 2048K, 1 young (2048K), 1 survivors (2048K)
 Metaspace       used 44612K, committed 45120K, reserved 1114112K
  class space    used 5084K, committed 5312K, reserved 1048576K
}
Event: 147.410 GC heap before
{Heap before GC invocations=65 (full 0):
 garbage-first heap   total 438272K, used 276923K [0x0000000704e00000, 0x0000000800000000)
  region size 2048K, 128 young (262144K), 1 survivors (2048K)
 Metaspace       used 44612K, committed 45120K, reserved 1114112K
  class space    used 5084K, committed 5312K, reserved 1048576K
}
Event: 147.411 GC heap after
{Heap after GC invocations=66 (full 0):
 garbage-first heap   total 438272K, used 16836K [0x0000000704e00000, 0x0000000800000000)
  region size 2048K, 1 young (2048K), 1 survivors (2048K)
 Metaspace       used 44612K, committed 45120K, reserved 1114112K
  class space    used 5084K, committed 5312K, reserved 1048576K
}
Event: 147.481 GC heap before
{Heap before GC invocations=66 (full 0):
 garbage-first heap   total 438272K, used 276932K [0x0000000704e00000, 0x0000000800000000)
  region size 2048K, 128 young (262144K), 1 survivors (2048K)
 Metaspace       used 44612K, committed 45120K, reserved 1114112K
  class space    used 5084K, committed 5312K, reserved 1048576K
}
Event: 147.482 GC heap after
{Heap after GC invocations=67 (full 0):
 garbage-first heap   total 438272K, used 16848K [0x0000000704e00000, 0x0000000800000000)
  region size 2048K, 1 young (2048K), 1 survivors (2048K)
 Metaspace       used 44612K, committed 45120K, reserved 1114112K
  class space    used 5084K, committed 5312K, reserved 1048576K
}
Event: 147.555 GC heap before
{Heap before GC invocations=67 (full 0):
 garbage-first heap   total 438272K, used 276944K [0x0000000704e00000, 0x0000000800000000)
  region size 2048K, 128 young (262144K), 1 survivors (2048K)
 Metaspace       used 44612K, committed 45120K, reserved 1114112K
  class space    used 5084K, committed 5312K, reserved 1048576K
}
Event: 147.556 GC heap after
{Heap after GC invocations=68 (full 0):
 garbage-first heap   total 438272K, used 16852K [0x0000000704e00000, 0x0000000800000000)
  region size 2048K, 1 young (2048K), 1 survivors (2048K)
 Metaspace       used 44612K, committed 45120K, reserved 1114112K
  class space    used 5084K, committed 5312K, reserved 1048576K
}
Event: 147.619 GC heap before
{Heap before GC invocations=68 (full 0):
 garbage-first heap   total 438272K, used 276948K [0x0000000704e00000, 0x0000000800000000)
  region size 2048K, 128 young (262144K), 1 survivors (2048K)
 Metaspace       used 44612K, committed 45120K, reserved 1114112K
  class space    used 5084K, committed 5312K, reserved 1048576K
}
Event: 147.620 GC heap after
{Heap after GC invocations=69 (full 0):
 garbage-first heap   total 438272K, used 16863K [0x0000000704e00000, 0x0000000800000000)
  region size 2048K, 1 young (2048K), 1 survivors (2048K)
 Metaspace       used 44612K, committed 45120K, reserved 1114112K
  class space    used 5084K, committed 5312K, reserved 1048576K
}
Event: 147.682 GC heap before
{Heap before GC invocations=69 (full 0):
 garbage-first heap   total 438272K, used 276959K [0x0000000704e00000, 0x0000000800000000)
  region size 2048K, 128 young (262144K), 1 survivors (2048K)
 Metaspace       used 44612K, committed 45120K, reserved 1114112K
  class space    used 5084K, committed 5312K, reserved 1048576K
}
Event: 147.683 GC heap after
{Heap after GC invocations=70 (full 0):
 garbage-first heap   total 438272K, used 16859K [0x0000000704e00000, 0x0000000800000000)
  region size 2048K, 1 young (2048K), 1 survivors (2048K)
 Metaspace       used 44612K, committed 45120K, reserved 1114112K
  class space    used 5084K, committed 5312K, reserved 1048576K
}
Event: 147.751 GC heap before
{Heap before GC invocations=70 (full 0):
 garbage-first heap   total 438272K, used 276955K [0x0000000704e00000, 0x0000000800000000)
  region size 2048K, 128 young (262144K), 1 survivors (2048K)
 Metaspace       used 44612K, committed 45120K, reserved 1114112K
  class space    used 5084K, committed 5312K, reserved 1048576K
}
Event: 147.752 GC heap after
{Heap after GC invocations=71 (full 0):
 garbage-first heap   total 438272K, used 16856K [0x0000000704e00000, 0x0000000800000000)
  region size 2048K, 1 young (2048K), 1 survivors (2048K)
 Metaspace       used 44612K, committed 45120K, reserved 1114112K
  class space    used 5084K, committed 5312K, reserved 1048576K
}
Event: 147.815 GC heap before
{Heap before GC invocations=71 (full 0):
 garbage-first heap   total 438272K, used 276952K [0x0000000704e00000, 0x0000000800000000)
  region size 2048K, 128 young (262144K), 1 survivors (2048K)
 Metaspace       used 44612K, committed 45120K, reserved 1114112K
  class space    used 5084K, committed 5312K, reserved 1048576K
}
Event: 147.816 GC heap after
{Heap after GC invocations=72 (full 0):
 garbage-first heap   total 438272K, used 16861K [0x0000000704e00000, 0x0000000800000000)
  region size 2048K, 1 young (2048K), 1 survivors (2048K)
 Metaspace       used 44612K, committed 45120K, reserved 1114112K
  class space    used 5084K, committed 5312K, reserved 1048576K
}
Event: 147.879 GC heap before
{Heap before GC invocations=72 (full 0):
 garbage-first heap   total 438272K, used 276957K [0x0000000704e00000, 0x0000000800000000)
  region size 2048K, 128 young (262144K), 1 survivors (2048K)
 Metaspace       used 44612K, committed 45120K, reserved 1114112K
  class space    used 5084K, committed 5312K, reserved 1048576K
}

Dll operation events (8 events):
Event: 0.007 Loaded shared library C:\Users\User\Downloads\sts-4.20.1.RELEASE\plugins\org.eclipse.justj.openjdk.hotspot.jre.full.win32.x86_64_17.0.8.v20230831-1047\jre\bin\java.dll
Event: 0.090 Loaded shared library C:\Users\User\Downloads\sts-4.20.1.RELEASE\plugins\org.eclipse.justj.openjdk.hotspot.jre.full.win32.x86_64_17.0.8.v20230831-1047\jre\bin\net.dll
Event: 0.091 Loaded shared library C:\Users\User\Downloads\sts-4.20.1.RELEASE\plugins\org.eclipse.justj.openjdk.hotspot.jre.full.win32.x86_64_17.0.8.v20230831-1047\jre\bin\nio.dll
Event: 0.094 Loaded shared library C:\Users\User\Downloads\sts-4.20.1.RELEASE\plugins\org.eclipse.justj.openjdk.hotspot.jre.full.win32.x86_64_17.0.8.v20230831-1047\jre\bin\zip.dll
Event: 0.156 Loaded shared library C:\Users\User\Downloads\sts-4.20.1.RELEASE\plugins\org.eclipse.justj.openjdk.hotspot.jre.full.win32.x86_64_17.0.8.v20230831-1047\jre\bin\jimage.dll
Event: 0.790 Loaded shared library C:\Users\User\Downloads\sts-4.20.1.RELEASE\plugins\org.eclipse.justj.openjdk.hotspot.jre.full.win32.x86_64_17.0.8.v20230831-1047\jre\bin\sunmscapi.dll
Event: 1.427 Loaded shared library C:\Users\User\Downloads\sts-4.20.1.RELEASE\plugins\org.eclipse.justj.openjdk.hotspot.jre.full.win32.x86_64_17.0.8.v20230831-1047\jre\bin\management.dll
Event: 1.428 Loaded shared library C:\Users\User\Downloads\sts-4.20.1.RELEASE\plugins\org.eclipse.justj.openjdk.hotspot.jre.full.win32.x86_64_17.0.8.v20230831-1047\jre\bin\management_ext.dll

Deoptimization events (20 events):
Event: 143.936 Thread 0x000002a666f3ed50 Uncommon trap: trap_request=0xffffffbe fr.pc=0x000002a64b261d10 relative=0x0000000000006550
Event: 143.936 Thread 0x000002a666f3ed50 Uncommon trap: reason=profile_predicate action=maybe_recompile pc=0x000002a64b261d10 method=java.util.concurrent.ConcurrentHashMap$Traverser.advance()Ljava/util/concurrent/ConcurrentHashMap$Node; @ 15 c2
Event: 143.936 Thread 0x000002a666f3ed50 DEOPT PACKING pc=0x000002a64b261d10 sp=0x000000e39f5fdfc0
Event: 143.936 Thread 0x000002a666f3ed50 DEOPT UNPACKING pc=0x000002a64a6569a3 sp=0x000000e39f5fdb28 mode 2
Event: 145.779 Thread 0x000002a666f3fc80 Uncommon trap: trap_request=0xffffff45 fr.pc=0x000002a64b210eb4 relative=0x00000000000006b4
Event: 145.779 Thread 0x000002a666f3fc80 Uncommon trap: reason=unstable_if action=reinterpret pc=0x000002a64b210eb4 method=java.util.concurrent.locks.ReentrantReadWriteLock$Sync.tryReleaseShared(I)Z @ 129 c2
Event: 145.779 Thread 0x000002a666f3fc80 DEOPT PACKING pc=0x000002a64b210eb4 sp=0x000000e39f7feba0
Event: 145.779 Thread 0x000002a666f3fc80 DEOPT UNPACKING pc=0x000002a64a6569a3 sp=0x000000e39f7fea38 mode 2
Event: 145.926 Thread 0x000002a666f3f770 Uncommon trap: trap_request=0xffffff45 fr.pc=0x000002a64adb342c relative=0x000000000000056c
Event: 145.926 Thread 0x000002a666f3f770 Uncommon trap: reason=unstable_if action=reinterpret pc=0x000002a64adb342c method=java.util.concurrent.locks.ReentrantReadWriteLock$Sync.tryReleaseShared(I)Z @ 129 c2
Event: 145.926 Thread 0x000002a666f3f770 DEOPT PACKING pc=0x000002a64adb342c sp=0x000000e39eeff190
Event: 145.926 Thread 0x000002a666f3f770 DEOPT UNPACKING pc=0x000002a64a6569a3 sp=0x000000e39eeff158 mode 2
Event: 146.240 Thread 0x000002a6662348a0 Uncommon trap: trap_request=0xffffffde fr.pc=0x000002a64b1e933c relative=0x000000000000065c
Event: 146.240 Thread 0x000002a6662348a0 Uncommon trap: reason=class_check action=maybe_recompile pc=0x000002a64b1e933c method=java.util.HashMap.removeNode(ILjava/lang/Object;Ljava/lang/Object;ZZ)Ljava/util/HashMap$Node; @ 143 c2
Event: 146.240 Thread 0x000002a6662348a0 DEOPT PACKING pc=0x000002a64b1e933c sp=0x000000e39f8fedf0
Event: 146.240 Thread 0x000002a6662348a0 DEOPT UNPACKING pc=0x000002a64a6569a3 sp=0x000000e39f8fed88 mode 2
Event: 147.338 Thread 0x000002a666f3cef0 Uncommon trap: trap_request=0xffffff45 fr.pc=0x000002a64b116eb4 relative=0x00000000000006b4
Event: 147.338 Thread 0x000002a666f3cef0 Uncommon trap: reason=unstable_if action=reinterpret pc=0x000002a64b116eb4 method=java.util.concurrent.locks.ReentrantReadWriteLock$Sync.tryReleaseShared(I)Z @ 129 c2
Event: 147.338 Thread 0x000002a666f3cef0 DEOPT PACKING pc=0x000002a64b116eb4 sp=0x000000e39f3fe380
Event: 147.338 Thread 0x000002a666f3cef0 DEOPT UNPACKING pc=0x000002a64a6569a3 sp=0x000000e39f3fe218 mode 2

Classes unloaded (0 events):
No events

Classes redefined (0 events):
No events

Internal exceptions (20 events):
Event: 1.811 Thread 0x000002a63fafa940 Exception <a 'java/lang/NoSuchMethodError'{0x0000000706da7518}: 'java.lang.Object java.lang.invoke.DirectMethodHandle$Holder.invokeSpecial(java.lang.Object, java.lang.Object, int, java.lang.Object, int, java.lang.Object)'> (0x0000000706da7518) 
thrown [s\src\hotspot\share\interpreter\linkResolver.cpp, line 759]
Event: 1.811 Thread 0x000002a63fafa940 Exception <a 'java/lang/NoSuchMethodError'{0x0000000706daf320}: 'java.lang.Object java.lang.invoke.DirectMethodHandle$Holder.newInvokeSpecial(java.lang.Object, java.lang.Object, int, java.lang.Object, int)'> (0x0000000706daf320) 
thrown [s\src\hotspot\share\interpreter\linkResolver.cpp, line 759]
Event: 1.811 Thread 0x000002a63fafa940 Exception <a 'java/lang/NoSuchMethodError'{0x0000000706db3420}: 'java.lang.Object java.lang.invoke.DirectMethodHandle$Holder.invokeSpecial(java.lang.Object, java.lang.Object, java.lang.Object, int, java.lang.Object, int)'> (0x0000000706db3420) 
thrown [s\src\hotspot\share\interpreter\linkResolver.cpp, line 759]
Event: 15.699 Thread 0x000002a666f3f770 Exception <a 'java/lang/NoSuchMethodError'{0x00000007069a9f08}: 'java.lang.Object java.lang.invoke.DirectMethodHandle$Holder.invokeSpecial(java.lang.Object, java.lang.Object, java.lang.Object, java.lang.Object, java.lang.Object, long)'> (0x00000007069a9f08) 
thrown [s\src\hotspot\share\interpreter\linkResolver.cpp, line 759]
Event: 15.699 Thread 0x000002a666f3f770 Exception <a 'java/lang/NoSuchMethodError'{0x00000007069ad948}: 'java.lang.Object java.lang.invoke.Invokers$Holder.linkToTargetMethod(java.lang.Object, java.lang.Object, java.lang.Object, long, java.lang.Object)'> (0x00000007069ad948) 
thrown [s\src\hotspot\share\interpreter\linkResolver.cpp, line 759]
Event: 15.786 Thread 0x000002a666f3f770 Implicit null exception at 0x000002a64af7eba7 to 0x000002a64af82da4
Event: 15.786 Thread 0x000002a666f3f770 Implicit null exception at 0x000002a64afb950b to 0x000002a64afc3098
Event: 19.139 Thread 0x000002a666f406a0 Implicit null exception at 0x000002a64af88785 to 0x000002a64af8ccc4
Event: 61.826 Thread 0x000002a666f40190 Exception <a 'java/lang/NoSuchMethodError'{0x000000071486dd20}: 'java.lang.Object java.lang.invoke.DirectMethodHandle$Holder.invokeSpecial(java.lang.Object, java.lang.Object, long, int, int, int, int, int, int, int, int, int)'> (0x000000071486dd20) 
thrown [s\src\hotspot\share\interpreter\linkResolver.cpp, line 759]
Event: 61.826 Thread 0x000002a666f40190 Exception <a 'java/lang/NoSuchMethodError'{0x0000000714871d40}: 'java.lang.Object java.lang.invoke.DelegatingMethodHandle$Holder.reinvoke_L(java.lang.Object, long, int, int, int, int, int, int, int, int, int)'> (0x0000000714871d40) 
thrown [s\src\hotspot\share\interpreter\linkResolver.cpp, line 759]
Event: 64.056 Thread 0x000002a666f3d400 Implicit null exception at 0x000002a64af75967 to 0x000002a64af75ee0
Event: 65.916 Thread 0x000002a666f3f260 Implicit null exception at 0x000002a64af79f34 to 0x000002a64af7a384
Event: 120.306 Thread 0x000002a666f3d400 Exception <a 'java/lang/NoSuchMethodError'{0x000000070cc09318}: 'java.lang.Object java.lang.invoke.DirectMethodHandle$Holder.invokeStatic(java.lang.Object, int, int)'> (0x000000070cc09318) 
thrown [s\src\hotspot\share\interpreter\linkResolver.cpp, line 759]
Event: 120.307 Thread 0x000002a666f406a0 Exception <a 'java/lang/NoSuchMethodError'{0x0000000714808d18}: 'java.lang.Object java.lang.invoke.DirectMethodHandle$Holder.invokeStatic(java.lang.Object, int, int)'> (0x0000000714808d18) 
thrown [s\src\hotspot\share\interpreter\linkResolver.cpp, line 759]
Event: 140.234 Thread 0x000002a666f3e330 Exception <a 'java/lang/NoSuchMethodError'{0x000000070cb23e48}: 'java.lang.Object java.lang.invoke.DirectMethodHandle$Holder.invokeSpecial(java.lang.Object, java.lang.Object, long, java.lang.Object, java.lang.Object, java.lang.Object, int, java.lang.Object, java.lang.Object, java.lang.Object, int)'> (0x000000070cb23e48) 
thrown [s\src\hotspot\share\interpreter\linkResolver.cpp, line 759]
Event: 140.234 Thread 0x000002a666f3e330 Exception <a 'java/lang/NoSuchMethodError'{0x000000070cb28ab0}: 'java.lang.Object java.lang.invoke.DelegatingMethodHandle$Holder.reinvoke_L(java.lang.Object, long, java.lang.Object, java.lang.Object, java.lang.Object, int, java.lang.Object, java.lang.Object, java.lang.Object, int)'> (0x000000070cb28ab0) 
thrown [s\src\hotspot\share\interpreter\linkResolver.cpp, line 759]
Event: 143.933 Thread 0x000002a666f3f260 Implicit null exception at 0x000002a64b25d3ea to 0x000002a64b261c90
Event: 143.934 Thread 0x000002a666f3d910 Implicit null exception at 0x000002a64b25d3ea to 0x000002a64b261c90
Event: 143.935 Thread 0x000002a666f3f770 Implicit null exception at 0x000002a64b25d3ea to 0x000002a64b261c90
Event: 143.936 Thread 0x000002a666f3ed50 Implicit null exception at 0x000002a64b25d3ea to 0x000002a64b261c90

VM Operations (20 events):
Event: 147.195 Executing VM operation: G1CollectForAllocation done
Event: 147.265 Executing VM operation: G1CollectForAllocation
Event: 147.266 Executing VM operation: G1CollectForAllocation done
Event: 147.337 Executing VM operation: G1CollectForAllocation
Event: 147.338 Executing VM operation: G1CollectForAllocation done
Event: 147.410 Executing VM operation: G1CollectForAllocation
Event: 147.411 Executing VM operation: G1CollectForAllocation done
Event: 147.481 Executing VM operation: G1CollectForAllocation
Event: 147.482 Executing VM operation: G1CollectForAllocation done
Event: 147.555 Executing VM operation: G1CollectForAllocation
Event: 147.556 Executing VM operation: G1CollectForAllocation done
Event: 147.619 Executing VM operation: G1CollectForAllocation
Event: 147.620 Executing VM operation: G1CollectForAllocation done
Event: 147.682 Executing VM operation: G1CollectForAllocation
Event: 147.683 Executing VM operation: G1CollectForAllocation done
Event: 147.750 Executing VM operation: G1CollectForAllocation
Event: 147.752 Executing VM operation: G1CollectForAllocation done
Event: 147.815 Executing VM operation: G1CollectForAllocation
Event: 147.816 Executing VM operation: G1CollectForAllocation done
Event: 147.878 Executing VM operation: G1CollectForAllocation

Events (20 events):
Event: 144.089 Thread 0x000002a65f57dd70 flushing nmethod 0x000002a643db2e90
Event: 144.089 Thread 0x000002a65f57dd70 flushing nmethod 0x000002a643db3390
Event: 144.089 Thread 0x000002a65f57dd70 flushing nmethod 0x000002a643db4310
Event: 144.089 Thread 0x000002a65f57dd70 flushing nmethod 0x000002a643db5890
Event: 144.089 Thread 0x000002a65f57dd70 flushing nmethod 0x000002a643db9f90
Event: 144.089 Thread 0x000002a65f57dd70 flushing nmethod 0x000002a643dbe210
Event: 144.219 Thread 0x000002a6645e2d20 Thread exited: 0x000002a6645e2d20
Event: 144.417 Thread 0x000002a666c30260 Thread added: 0x000002a666c30260
Event: 144.419 Thread 0x000002a666c32240 Thread added: 0x000002a666c32240
Event: 144.421 Thread 0x000002a666c2f270 Thread added: 0x000002a666c2f270
Event: 144.965 Thread 0x000002a666c32790 Thread added: 0x000002a666c32790
Event: 144.966 Thread 0x000002a666c30d00 Thread added: 0x000002a666c30d00
Event: 144.966 Thread 0x000002a666c31250 Thread added: 0x000002a666c31250
Event: 145.268 Thread 0x000002a666c31250 Thread exited: 0x000002a666c31250
Event: 145.455 Thread 0x000002a666c30d00 Thread exited: 0x000002a666c30d00
Event: 145.662 Thread 0x000002a666c32790 Thread exited: 0x000002a666c32790
Event: 145.823 Thread 0x000002a666c2f270 Thread exited: 0x000002a666c2f270
Event: 145.823 Thread 0x000002a666c32240 Thread exited: 0x000002a666c32240
Event: 145.985 Thread 0x000002a666c30260 Thread exited: 0x000002a666c30260
Event: 145.985 Thread 0x000002a6645e07f0 Thread exited: 0x000002a6645e07f0


Dynamic libraries:
0x00007ff636db0000 - 0x00007ff636dbe000 	C:\Users\User\Downloads\sts-4.20.1.RELEASE\plugins\org.eclipse.justj.openjdk.hotspot.jre.full.win32.x86_64_17.0.8.v20230831-1047\jre\bin\javaw.exe
0x00007fffc3b10000 - 0x00007fffc3d05000 	C:\Windows\SYSTEM32\ntdll.dll
0x00007fff89220000 - 0x00007fff89239000 	C:\Program Files\Avast Software\Avast\aswhook.dll
0x00007fffc2eb0000 - 0x00007fffc2f6d000 	C:\Windows\System32\KERNEL32.DLL
0x00007fffc14d0000 - 0x00007fffc179d000 	C:\Windows\System32\KERNELBASE.dll
0x00007fffc17a0000 - 0x00007fffc18a0000 	C:\Windows\System32\ucrtbase.dll
0x00007fffa53f0000 - 0x00007fffa5407000 	C:\Users\User\Downloads\sts-4.20.1.RELEASE\plugins\org.eclipse.justj.openjdk.hotspot.jre.full.win32.x86_64_17.0.8.v20230831-1047\jre\bin\jli.dll
0x00007fffc2f70000 - 0x00007fffc3110000 	C:\Windows\System32\USER32.dll
0x00007fffc1270000 - 0x00007fffc1292000 	C:\Windows\System32\win32u.dll
0x00007fffc2410000 - 0x00007fffc243a000 	C:\Windows\System32\GDI32.dll
0x00007fffc18a0000 - 0x00007fffc19ab000 	C:\Windows\System32\gdi32full.dll
0x00007fffc12a0000 - 0x00007fffc133d000 	C:\Windows\System32\msvcp_win.dll
0x00007fffaef40000 - 0x00007fffaf1da000 	C:\Windows\WinSxS\amd64_microsoft.windows.common-controls_6595b64144ccf1df_6.0.19041.1110_none_60b5254171f9507e\COMCTL32.dll
0x00007fffc38d0000 - 0x00007fffc396e000 	C:\Windows\System32\msvcrt.dll
0x00007fffa53d0000 - 0x00007fffa53e9000 	C:\Users\User\Downloads\sts-4.20.1.RELEASE\plugins\org.eclipse.justj.openjdk.hotspot.jre.full.win32.x86_64_17.0.8.v20230831-1047\jre\bin\VCRUNTIME140.dll
0x00007fffc3380000 - 0x00007fffc33b0000 	C:\Windows\System32\IMM32.DLL
0x00007fffb89f0000 - 0x00007fffb89fc000 	C:\Users\User\Downloads\sts-4.20.1.RELEASE\plugins\org.eclipse.justj.openjdk.hotspot.jre.full.win32.x86_64_17.0.8.v20230831-1047\jre\bin\vcruntime140_1.dll
0x00007fff5fef0000 - 0x00007fff5ff81000 	C:\Users\User\Downloads\sts-4.20.1.RELEASE\plugins\org.eclipse.justj.openjdk.hotspot.jre.full.win32.x86_64_17.0.8.v20230831-1047\jre\bin\msvcp140.dll
0x00007fff50c00000 - 0x00007fff5184c000 	C:\Users\User\Downloads\sts-4.20.1.RELEASE\plugins\org.eclipse.justj.openjdk.hotspot.jre.full.win32.x86_64_17.0.8.v20230831-1047\jre\bin\server\jvm.dll
0x00007fffc25a0000 - 0x00007fffc264e000 	C:\Windows\System32\ADVAPI32.dll
0x00007fffc2360000 - 0x00007fffc23fc000 	C:\Windows\System32\sechost.dll
0x00007fffc3990000 - 0x00007fffc3ab5000 	C:\Windows\System32\RPCRT4.dll
0x00007fffc0790000 - 0x00007fffc07db000 	C:\Windows\SYSTEM32\POWRPROF.dll
0x00007fffacce0000 - 0x00007fffacce9000 	C:\Windows\SYSTEM32\WSOCK32.dll
0x00007fffb2880000 - 0x00007fffb28a7000 	C:\Windows\SYSTEM32\WINMM.dll
0x00007fffb66f0000 - 0x00007fffb66fa000 	C:\Windows\SYSTEM32\VERSION.dll
0x00007fffc3710000 - 0x00007fffc377b000 	C:\Windows\System32\WS2_32.dll
0x00007fffc0660000 - 0x00007fffc0672000 	C:\Windows\SYSTEM32\UMPDC.dll
0x00007fffbfab0000 - 0x00007fffbfac2000 	C:\Windows\SYSTEM32\kernel.appcore.dll
0x00007fff8e6d0000 - 0x00007fff8e6da000 	C:\Users\User\Downloads\sts-4.20.1.RELEASE\plugins\org.eclipse.justj.openjdk.hotspot.jre.full.win32.x86_64_17.0.8.v20230831-1047\jre\bin\jimage.dll
0x00007fffbf7d0000 - 0x00007fffbf9b4000 	C:\Windows\SYSTEM32\DBGHELP.DLL
0x00007fffb5110000 - 0x00007fffb513c000 	C:\Windows\SYSTEM32\dbgcore.DLL
0x00007fffc19b0000 - 0x00007fffc1a32000 	C:\Windows\System32\bcryptPrimitives.dll
0x00007fff8e6a0000 - 0x00007fff8e6c5000 	C:\Users\User\Downloads\sts-4.20.1.RELEASE\plugins\org.eclipse.justj.openjdk.hotspot.jre.full.win32.x86_64_17.0.8.v20230831-1047\jre\bin\java.dll
0x00007fff8e680000 - 0x00007fff8e698000 	C:\Users\User\Downloads\sts-4.20.1.RELEASE\plugins\org.eclipse.justj.openjdk.hotspot.jre.full.win32.x86_64_17.0.8.v20230831-1047\jre\bin\zip.dll
0x00007fffc1c10000 - 0x00007fffc2354000 	C:\Windows\System32\SHELL32.dll
0x00007fffbef70000 - 0x00007fffbf704000 	C:\Windows\SYSTEM32\windows.storage.dll
0x00007fffc33b0000 - 0x00007fffc3704000 	C:\Windows\System32\combase.dll
0x00007fffc0c80000 - 0x00007fffc0cac000 	C:\Windows\SYSTEM32\Wldp.dll
0x00007fffc2e00000 - 0x00007fffc2ead000 	C:\Windows\System32\SHCORE.dll
0x00007fffc2da0000 - 0x00007fffc2df5000 	C:\Windows\System32\shlwapi.dll
0x00007fffc1160000 - 0x00007fffc117f000 	C:\Windows\SYSTEM32\profapi.dll
0x00007fffb2580000 - 0x00007fffb2599000 	C:\Users\User\Downloads\sts-4.20.1.RELEASE\plugins\org.eclipse.justj.openjdk.hotspot.jre.full.win32.x86_64_17.0.8.v20230831-1047\jre\bin\net.dll
0x00007fffb9630000 - 0x00007fffb973a000 	C:\Windows\SYSTEM32\WINHTTP.dll
0x00007fffc09e0000 - 0x00007fffc0a4a000 	C:\Windows\system32\mswsock.dll
0x00007fff9c130000 - 0x00007fff9c145000 	C:\Users\User\Downloads\sts-4.20.1.RELEASE\plugins\org.eclipse.justj.openjdk.hotspot.jre.full.win32.x86_64_17.0.8.v20230831-1047\jre\bin\nio.dll
0x00007fffb8a00000 - 0x00007fffb8a0e000 	C:\Users\User\Downloads\sts-4.20.1.RELEASE\plugins\org.eclipse.justj.openjdk.hotspot.jre.full.win32.x86_64_17.0.8.v20230831-1047\jre\bin\sunmscapi.dll
0x00007fffc1370000 - 0x00007fffc14c6000 	C:\Windows\System32\CRYPT32.dll
0x00007fffc0cf0000 - 0x00007fffc0d17000 	C:\Windows\SYSTEM32\ncrypt.dll
0x00007fffc0cb0000 - 0x00007fffc0ceb000 	C:\Windows\SYSTEM32\NTASN1.dll
0x00007fffc0be0000 - 0x00007fffc0bf8000 	C:\Windows\SYSTEM32\CRYPTSP.dll
0x00007fffc02f0000 - 0x00007fffc0324000 	C:\Windows\system32\rsaenh.dll
0x00007fffc1340000 - 0x00007fffc1367000 	C:\Windows\System32\bcrypt.dll
0x00007fffc1120000 - 0x00007fffc114e000 	C:\Windows\SYSTEM32\USERENV.dll
0x00007fffc0bd0000 - 0x00007fffc0bdc000 	C:\Windows\SYSTEM32\CRYPTBASE.dll
0x00007fffc0680000 - 0x00007fffc06bb000 	C:\Windows\SYSTEM32\IPHLPAPI.DLL
0x00007fffc3ac0000 - 0x00007fffc3ac8000 	C:\Windows\System32\NSI.dll
0x00007fffb7a90000 - 0x00007fffb7aa7000 	C:\Windows\SYSTEM32\dhcpcsvc6.DLL
0x00007fffb7c50000 - 0x00007fffb7c6d000 	C:\Windows\SYSTEM32\dhcpcsvc.DLL
0x00007fffc06c0000 - 0x00007fffc078b000 	C:\Windows\SYSTEM32\DNSAPI.dll
0x00007fffb87a0000 - 0x00007fffb87a9000 	C:\Users\User\Downloads\sts-4.20.1.RELEASE\plugins\org.eclipse.justj.openjdk.hotspot.jre.full.win32.x86_64_17.0.8.v20230831-1047\jre\bin\management.dll
0x00007fff85bf0000 - 0x00007fff85bfb000 	C:\Users\User\Downloads\sts-4.20.1.RELEASE\plugins\org.eclipse.justj.openjdk.hotspot.jre.full.win32.x86_64_17.0.8.v20230831-1047\jre\bin\management_ext.dll
0x00007fffc2400000 - 0x00007fffc2408000 	C:\Windows\System32\PSAPI.DLL
0x00007fff92b60000 - 0x00007fff92b67000 	C:\Windows\system32\wshunix.dll

dbghelp: loaded successfully - version: 4.0.5 - missing functions: none
symbol engine: initialized successfully - sym options: 0x614 - pdb path: .;C:\Users\User\Downloads\sts-4.20.1.RELEASE\plugins\org.eclipse.justj.openjdk.hotspot.jre.full.win32.x86_64_17.0.8.v20230831-1047\jre\bin;C:\Windows\SYSTEM32;C:\Program Files\Avast Software\Avast;C:\Windows\WinSxS\amd64_microsoft.windows.common-controls_6595b64144ccf1df_6.0.19041.1110_none_60b5254171f9507e;C:\Users\User\Downloads\sts-4.20.1.RELEASE\plugins\org.eclipse.justj.openjdk.hotspot.jre.full.win32.x86_64_17.0.8.v20230831-1047\jre\bin\server

VM Arguments:
jvm_args: -Dfile.encoding=UTF-8 -Dstdout.encoding=UTF-8 -Dstderr.encoding=UTF-8 -XX:+ShowCodeDetailsInExceptionMessages 
java_command: com.example.demo.ProducerConsumerBackendApplication
java_class_path (initial): C:\Users\User\Documents\workspace-spring-tool-suite-4-4.20.1.RELEASE\ProducerConsumerBackend\target\classes;C:\Users\User\.m2\repository\org\springframework\boot\spring-boot-starter-web\3.2.1\spring-boot-starter-web-3.2.1.jar;C:\Users\User\.m2\repository\org\springframework\boot\spring-boot-starter\3.2.1\spring-boot-starter-3.2.1.jar;C:\Users\User\.m2\repository\org\springframework\boot\spring-boot\3.2.1\spring-boot-3.2.1.jar;C:\Users\User\.m2\repository\org\springframework\boot\spring-boot-autoconfigure\3.2.1\spring-boot-autoconfigure-3.2.1.jar;C:\Users\User\.m2\repository\org\springframework\boot\spring-boot-starter-logging\3.2.1\spring-boot-starter-logging-3.2.1.jar;C:\Users\User\.m2\repository\ch\qos\logback\logback-classic\1.4.14\logback-classic-1.4.14.jar;C:\Users\User\.m2\repository\ch\qos\logback\logback-core\1.4.14\logback-core-1.4.14.jar;C:\Users\User\.m2\repository\org\apache\logging\log4j\log4j-to-slf4j\2.21.1\log4j-to-slf4j-2.21.1.jar;C:\Users\User\.m2\repository\org\apache\logging\log4j\log4j-api\2.21.1\log4j-api-2.21.1.jar;C:\Users\User\.m2\repository\org\slf4j\jul-to-slf4j\2.0.9\jul-to-slf4j-2.0.9.jar;C:\Users\User\.m2\repository\jakarta\annotation\jakarta.annotation-api\2.1.1\jakarta.annotation-api-2.1.1.jar;C:\Users\User\.m2\repository\org\yaml\snakeyaml\2.2\snakeyaml-2.2.jar;C:\Users\User\.m2\repository\org\springframework\boot\spring-boot-starter-json\3.2.1\spring-boot-starter-json-3.2.1.jar;C:\Users\User\.m2\repository\com\fasterxml\jackson\core\jackson-databind\2.15.3\jackson-databind-2.15.3.jar;C:\Users\User\.m2\repository\com\fasterxml\jackson\core\jackson-annotations\2.15.3\jackson-annotations-2.15.3.jar;C:\Users\User\.m2\repository\com\fasterxml\jackson\core\jackson-core\2.15.3\jackson-core-2.15.3.jar;C:\Users\User\.m2\repository\com\fasterxml\jackson\datatype\jackson-datatype-jdk8\2.15.3\jackson-datatype-jdk8-2.15.3.jar;C:\Users\User\.m2\repository\com\fasterxml\jackson\datatype\jackson-datatype-jsr310\2.15.3\j
Launcher Type: SUN_STANDARD

[Global flags]
     intx CICompilerCount                          = 12                                        {product} {ergonomic}
     uint ConcGCThreads                            = 4                                         {product} {ergonomic}
     uint G1ConcRefinementThreads                  = 15                                        {product} {ergonomic}
   size_t G1HeapRegionSize                         = 2097152                                   {product} {ergonomic}
    uintx GCDrainStackTargetSize                   = 64                                        {product} {ergonomic}
   size_t InitialHeapSize                          = 264241152                                 {product} {ergonomic}
   size_t MarkStackSize                            = 4194304                                   {product} {ergonomic}
   size_t MaxHeapSize                              = 4213178368                                {product} {ergonomic}
   size_t MaxNewSize                               = 2527068160                                {product} {ergonomic}
   size_t MinHeapDeltaBytes                        = 2097152                                   {product} {ergonomic}
   size_t MinHeapSize                              = 8388608                                   {product} {ergonomic}
    uintx NonNMethodCodeHeapSize                   = 7602480                                {pd product} {ergonomic}
    uintx NonProfiledCodeHeapSize                  = 122027880                              {pd product} {ergonomic}
    uintx ProfiledCodeHeapSize                     = 122027880                              {pd product} {ergonomic}
    uintx ReservedCodeCacheSize                    = 251658240                              {pd product} {ergonomic}
     bool SegmentedCodeCache                       = true                                      {product} {ergonomic}
     bool ShowCodeDetailsInExceptionMessages       = true                                   {manageable} {command line}
   size_t SoftMaxHeapSize                          = 4213178368                             {manageable} {ergonomic}
     bool UseCompressedClassPointers               = true                           {product lp64_product} {ergonomic}
     bool UseCompressedOops                        = true                           {product lp64_product} {ergonomic}
     bool UseG1GC                                  = true                                      {product} {ergonomic}
     bool UseLargePagesIndividualAllocation        = false                                  {pd product} {ergonomic}

Logging:
Log output configuration:
 #0: stdout all=warning uptime,level,tags
 #1: stderr all=off uptime,level,tags

Environment Variables:
JAVA_HOME=C:\Program Files\Java\jdk-21
PATH=C:/Users/User/Downloads/sts-4.20.1.RELEASE//plugins/org.eclipse.justj.openjdk.hotspot.jre.full.win32.x86_64_17.0.8.v20230831-1047/jre/bin/server;C:/Users/User/Downloads/sts-4.20.1.RELEASE//plugins/org.eclipse.justj.openjdk.hotspot.jre.full.win32.x86_64_17.0.8.v20230831-1047/jre/bin;C:\Program Files\Common Files\Oracle\Java\javapath;C:\user\gcc\bin;C:\user\gcc\libexec\gcc\x86_64-w64-mingw32\13.1.0;c:\program files\codeblocks\mingw\bin;c:\program files\codeblocks\mingw\libexec\gcc\x86_64-w64-mingw32\13.1.0;C:\Program Files (x86)\Common Files\Oracle\Java\javapath;C:\Windows\system32;C:\Windows;C:\Windows\System32\Wbem;C:\Windows\System32\WindowsPowerShell\v1.0\;C:\Windows\System32\OpenSSH\;C:\Program Files (x86)\dotnet\;C:\Program Files\dotnet\;C:\Program Files (x86)\NVIDIA Corporation\PhysX\Common;C:\Program Files\NVIDIA Corporation\NVIDIA NvDLISR;C:\Program Files\nodejs\;C:\Program Files\Java\apache-maven-3.9.5\bin;C:\ProgramData\chocolatey\bin;C:\ProgramData\chocolatey\lib\maven\apache-maven-3.9.5\bin;C:\Program Files\gradle-8.4\bin;C:\Program Files\Java\apache-maven-3.9.5;C:\Program Files\curl-8.4.0_6-win64-mingw\bin;C:\Program Files\spring-3.1.5\bin;C:\Program Files\Java\jdk-21;C:\Program Files\Java\jre1.8.0_251\bin;C:\Users\User\AppData\Local\Programs\Python\Python312\Scripts\;C:\Users\User\AppData\Local\Programs\Python\Python312\;C:\Users\User\AppData\Local\Microsoft\WindowsApps;C:\Users\User\.dotnet\tools;C:\Program Files\CodeBlocks\MinGW\bin;C:\Users\User\AppData\Local\GitHubDesktop\bin;D:\modelsim_ase\win32aloem;C:\Users\User\AppData\Local\Programs\Microsoft VS Code\bin;C:\Users\User\AppData\Local\atom\bin;C:\Program Files\nodejs;C:\Users\User\AppData\Roaming\npm;C:\Program Files (x86)\Java\jre1.8.0_251;C:\Program Files\Java\jdk-21;;C:\Users\User\Downloads\sts-4.20.1.RELEASE;
USERNAME=User
OS=Windows_NT
PROCESSOR_IDENTIFIER=Intel64 Family 6 Model 154 Stepping 3, GenuineIntel
TMP=C:\Users\User\AppData\Local\Temp
TEMP=C:\Users\User\AppData\Local\Temp



---------------  S Y S T E M  ---------------

OS:
 Windows 10 , 64 bit Build 19041 (10.0.19041.1679)
OS uptime: 0 days 0:27 hours

CPU: total 20 (initial active 20) (10 cores per cpu, 2 threads per core) family 6 model 154 stepping 3 microcode 0x413, cx8, cmov, fxsr, ht, mmx, 3dnowpref, sse, sse2, sse3, ssse3, sse4.1, sse4.2, popcnt, lzcnt, tsc, tscinvbit, avx, avx2, aes, erms, clmul, bmi1, bmi2, adx, sha, fma, vzeroupper, clflush, clflushopt, clwb
Processor Information for processor 0
  Max Mhz: 2688, Current Mhz: 2688, Mhz Limit: 2688
Processor Information for processor 1
  Max Mhz: 2688, Current Mhz: 2688, Mhz Limit: 2688
Processor Information for processor 2
  Max Mhz: 2688, Current Mhz: 2688, Mhz Limit: 2688
Processor Information for processor 3
  Max Mhz: 2688, Current Mhz: 2688, Mhz Limit: 2688
Processor Information for processor 4
  Max Mhz: 2688, Current Mhz: 2688, Mhz Limit: 2688
Processor Information for processor 5
  Max Mhz: 2688, Current Mhz: 2688, Mhz Limit: 2688
Processor Information for processor 6
  Max Mhz: 2688, Current Mhz: 2688, Mhz Limit: 2688
Processor Information for processor 7
  Max Mhz: 2688, Current Mhz: 2688, Mhz Limit: 2688
Processor Information for processor 8
  Max Mhz: 2688, Current Mhz: 2688, Mhz Limit: 2688
Processor Information for processor 9
  Max Mhz: 2688, Current Mhz: 2688, Mhz Limit: 2688
Processor Information for processor 10
  Max Mhz: 2688, Current Mhz: 2688, Mhz Limit: 2688
Processor Information for processor 11
  Max Mhz: 2688, Current Mhz: 2688, Mhz Limit: 2688
Processor Information for processor 12
  Max Mhz: 2688, Current Mhz: 1692, Mhz Limit: 1666
Processor Information for processor 13
  Max Mhz: 2688, Current Mhz: 1692, Mhz Limit: 1666
Processor Information for processor 14
  Max Mhz: 2688, Current Mhz: 1692, Mhz Limit: 1666
Processor Information for processor 15
  Max Mhz: 2688, Current Mhz: 1692, Mhz Limit: 1666
Processor Information for processor 16
  Max Mhz: 2688, Current Mhz: 1692, Mhz Limit: 1666
Processor Information for processor 17
  Max Mhz: 2688, Current Mhz: 1692, Mhz Limit: 1666
Processor Information for processor 18
  Max Mhz: 2688, Current Mhz: 1692, Mhz Limit: 1666
Processor Information for processor 19
  Max Mhz: 2688, Current Mhz: 1692, Mhz Limit: 1666

Memory: 4k page, system-wide physical 16068M (3592M free)
TotalPageFile size 41694M (AvailPageFile size 3M)
current process WorkingSet (physical memory assigned to process): 539M, peak: 623M
current process commit charge ("private bytes"): 621M, peak: 706M

vm_info: OpenJDK 64-Bit Server VM (17.0.8.1+1) for windows-amd64 JRE (17.0.8.1+1), built on Aug 23 2023 15:29:17 by "admin" with MS VC++ 16.7 (VS2019)

END.
