#
# There is insufficient memory for the Java Runtime Environment to continue.
# Native memory allocation (mmap) failed to map 85983232 bytes for G1 virtual space
# Possible reasons:
#   The system is out of physical RAM or swap space
#   The process is running with CompressedOops enabled, and the Java Heap may be blocking the growth of the native heap
# Possible solutions:
#   Reduce memory load on the system
#   Increase physical memory or swap space
#   Check if swap backing store is full
#   Decrease Java heap size (-Xmx/-Xms)
#   Decrease number of Java threads
#   Decrease Java thread stack sizes (-Xss)
#   Set larger code cache with -XX:ReservedCodeCacheSize=
#   JVM is running with Zero Based Compressed Oops mode in which the Java heap is
#     placed in the first 32GB address space. The Java Heap base address is the
#     maximum limit for the native heap growth. Please use -XX:HeapBaseMinAddress
#     to set the Java Heap base and to place the Java Heap above 32GB virtual address.
# This output file may be truncated or incomplete.
#
#  Out of Memory Error (os_windows.cpp:3617), pid=11536, tid=15484
#
# JRE version: OpenJDK Runtime Environment Temurin-17.0.8.1+1 (17.0.8.1+1) (build 17.0.8.1+1)
# Java VM: OpenJDK 64-Bit Server VM Temurin-17.0.8.1+1 (17.0.8.1+1, mixed mode, tiered, compressed oops, compressed class ptrs, g1 gc, windows-amd64)
# No core dump will be written. Minidumps are not enabled by default on client versions of Windows
#

---------------  S U M M A R Y ------------

Command Line: -Dfile.encoding=UTF-8 -Dstdout.encoding=UTF-8 -Dstderr.encoding=UTF-8 -XX:+ShowCodeDetailsInExceptionMessages com.example.demo.ProducerConsumerBackendApplication

Host: 12th Gen Intel(R) Core(TM) i7-12700H, 20 cores, 15G,  Windows 10 , 64 bit Build 19041 (10.0.19041.1679)
Time: Sun Jan 21 12:56:00 2024 Egypt Standard Time elapsed time: 36.402603 seconds (0d 0h 0m 36s)

---------------  T H R E A D  ---------------

Current thread (0x0000019f979ac7c0):  VMThread "VM Thread" [stack: 0x0000006c3f500000,0x0000006c3f600000] [id=15484]

Stack: [0x0000006c3f500000,0x0000006c3f600000]
Native frames: (J=compiled Java code, j=interpreted, Vv=VM code, C=native code)
V  [jvm.dll+0x678b0a]
V  [jvm.dll+0x835e84]
V  [jvm.dll+0x83762e]
V  [jvm.dll+0x837c93]
V  [jvm.dll+0x24746f]
V  [jvm.dll+0x675859]
V  [jvm.dll+0x66a0ea]
V  [jvm.dll+0x306c7b]
V  [jvm.dll+0x30e166]
V  [jvm.dll+0x35dd3e]
V  [jvm.dll+0x35df6f]
V  [jvm.dll+0x2ddb48]
V  [jvm.dll+0x2dbd0c]
V  [jvm.dll+0x2db2dc]
V  [jvm.dll+0x31f18b]
V  [jvm.dll+0x83c15b]
V  [jvm.dll+0x83ce94]
V  [jvm.dll+0x83d3ac]
V  [jvm.dll+0x83d784]
V  [jvm.dll+0x83d850]
V  [jvm.dll+0x7e64ca]
V  [jvm.dll+0x677955]
C  [ucrtbase.dll+0x21bb2]
C  [KERNEL32.DLL+0x17034]
C  [ntdll.dll+0x52651]

VM_Operation (0x0000006c400ff390): G1CollectForAllocation, mode: safepoint, requested by thread 0x0000019f9ec61b70


---------------  P R O C E S S  ---------------

Threads class SMR info:
_java_thread_list=0x0000019f9fd6b150, length=29, elements={
0x0000019f97988c30, 0x0000019f9798bac0, 0x0000019f979db900, 0x0000019f979de2e0,
0x0000019f979deca0, 0x0000019f979df660, 0x0000019f979fa730, 0x0000019f979fb040,
0x0000019f97a00f50, 0x0000019f97b8d940, 0x0000019f97bd5fe0, 0x0000019f9e94fb30,
0x0000019f9e5f7510, 0x0000019f9e464400, 0x0000019f9e5f19e0, 0x0000019f9e5f4c80,
0x0000019f9e5f5190, 0x0000019f9e5f3d50, 0x0000019f9e5f1ef0, 0x0000019f9e5f2400,
0x0000019f9e5f2910, 0x0000019f9e5f2e20, 0x0000019f9e5f3330, 0x0000019f9e5f4260,
0x0000019f9e5f3840, 0x0000019f9ec62fb0, 0x0000019f9ec680b0, 0x0000019f9ec65d40,
0x0000019f9ec61b70
}

Java Threads: ( => current thread )
  0x0000019f97988c30 JavaThread "Reference Handler" daemon [_thread_blocked, id=16252, stack(0x0000006c3f600000,0x0000006c3f700000)]
  0x0000019f9798bac0 JavaThread "Finalizer" daemon [_thread_blocked, id=15608, stack(0x0000006c3f700000,0x0000006c3f800000)]
  0x0000019f979db900 JavaThread "Signal Dispatcher" daemon [_thread_blocked, id=20960, stack(0x0000006c3f800000,0x0000006c3f900000)]
  0x0000019f979de2e0 JavaThread "Attach Listener" daemon [_thread_blocked, id=17952, stack(0x0000006c3f900000,0x0000006c3fa00000)]
  0x0000019f979deca0 JavaThread "Service Thread" daemon [_thread_blocked, id=6560, stack(0x0000006c3fa00000,0x0000006c3fb00000)]
  0x0000019f979df660 JavaThread "Monitor Deflation Thread" daemon [_thread_blocked, id=7280, stack(0x0000006c3fb00000,0x0000006c3fc00000)]
  0x0000019f979fa730 JavaThread "C2 CompilerThread0" daemon [_thread_blocked, id=19472, stack(0x0000006c3fc00000,0x0000006c3fd00000)]
  0x0000019f979fb040 JavaThread "C1 CompilerThread0" daemon [_thread_blocked, id=11316, stack(0x0000006c3fd00000,0x0000006c3fe00000)]
  0x0000019f97a00f50 JavaThread "Sweeper thread" daemon [_thread_blocked, id=22216, stack(0x0000006c3fe00000,0x0000006c3ff00000)]
  0x0000019f97b8d940 JavaThread "Notification Thread" daemon [_thread_blocked, id=15824, stack(0x0000006c40200000,0x0000006c40300000)]
  0x0000019f97bd5fe0 JavaThread "Common-Cleaner" daemon [_thread_blocked, id=11256, stack(0x0000006c40400000,0x0000006c40500000)]
  0x0000019f9e94fb30 JavaThread "Catalina-utility-1" [_thread_blocked, id=3616, stack(0x0000006c41a00000,0x0000006c41b00000)]
  0x0000019f9e5f7510 JavaThread "Catalina-utility-2" [_thread_blocked, id=2268, stack(0x0000006c41b00000,0x0000006c41c00000)]
  0x0000019f9e464400 JavaThread "container-0" [_thread_blocked, id=12972, stack(0x0000006c41c00000,0x0000006c41d00000)]
  0x0000019f9e5f19e0 JavaThread "MessageBroker-1" [_thread_blocked, id=5428, stack(0x0000006c41d00000,0x0000006c41e00000)]
  0x0000019f9e5f4c80 JavaThread "http-nio-8085-exec-1" daemon [_thread_blocked, id=5104, stack(0x0000006c41e00000,0x0000006c41f00000)]
  0x0000019f9e5f5190 JavaThread "http-nio-8085-exec-2" daemon [_thread_blocked, id=21644, stack(0x0000006c41f00000,0x0000006c42000000)]
  0x0000019f9e5f3d50 JavaThread "http-nio-8085-exec-3" daemon [_thread_blocked, id=16652, stack(0x0000006c42000000,0x0000006c42100000)]
  0x0000019f9e5f1ef0 JavaThread "http-nio-8085-exec-4" daemon [_thread_blocked, id=13168, stack(0x0000006c42100000,0x0000006c42200000)]
  0x0000019f9e5f2400 JavaThread "http-nio-8085-exec-5" daemon [_thread_blocked, id=11072, stack(0x0000006c42200000,0x0000006c42300000)]
  0x0000019f9e5f2910 JavaThread "http-nio-8085-exec-6" daemon [_thread_blocked, id=6880, stack(0x0000006c42300000,0x0000006c42400000)]
  0x0000019f9e5f2e20 JavaThread "http-nio-8085-exec-7" daemon [_thread_blocked, id=9400, stack(0x0000006c42400000,0x0000006c42500000)]
  0x0000019f9e5f3330 JavaThread "http-nio-8085-exec-8" daemon [_thread_blocked, id=10652, stack(0x0000006c42500000,0x0000006c42600000)]
  0x0000019f9e5f4260 JavaThread "http-nio-8085-exec-9" daemon [_thread_blocked, id=7344, stack(0x0000006c42600000,0x0000006c42700000)]
  0x0000019f9e5f3840 JavaThread "http-nio-8085-exec-10" daemon [_thread_blocked, id=12844, stack(0x0000006c42700000,0x0000006c42800000)]
  0x0000019f9ec62fb0 JavaThread "http-nio-8085-Poller" daemon [_thread_in_native, id=21156, stack(0x0000006c42800000,0x0000006c42900000)]
  0x0000019f9ec680b0 JavaThread "http-nio-8085-Acceptor" daemon [_thread_in_native, id=4140, stack(0x0000006c42900000,0x0000006c42a00000)]
  0x0000019f9ec65d40 JavaThread "DestroyJavaVM" [_thread_blocked, id=20712, stack(0x0000006c3ef00000,0x0000006c3f000000)]
  0x0000019f9ec61b70 JavaThread "Thread-1" daemon [_thread_blocked, id=11368, stack(0x0000006c40000000,0x0000006c40100000)]

Other Threads:
=>0x0000019f979ac7c0 VMThread "VM Thread" [stack: 0x0000006c3f500000,0x0000006c3f600000] [id=15484]
  0x0000019ff8135610 WatcherThread [stack: 0x0000006c40300000,0x0000006c40400000] [id=4764]
  0x0000019ff80f6180 GCTaskThread "GC Thread#0" [stack: 0x0000006c3f000000,0x0000006c3f100000] [id=4936]
  0x0000019f9cce93d0 GCTaskThread "GC Thread#1" [stack: 0x0000006c40700000,0x0000006c40800000] [id=10176]
  0x0000019f9c999270 GCTaskThread "GC Thread#2" [stack: 0x0000006c40800000,0x0000006c40900000] [id=18924]
  0x0000019f9c999530 GCTaskThread "GC Thread#3" [stack: 0x0000006c40900000,0x0000006c40a00000] [id=15296]
  0x0000019f9c9997f0 GCTaskThread "GC Thread#4" [stack: 0x0000006c40a00000,0x0000006c40b00000] [id=1784]
  0x0000019f9ccb1030 GCTaskThread "GC Thread#5" [stack: 0x0000006c40b00000,0x0000006c40c00000] [id=12660]
  0x0000019f9d437950 GCTaskThread "GC Thread#6" [stack: 0x0000006c40d00000,0x0000006c40e00000] [id=3252]
  0x0000019f9d0f7ef0 GCTaskThread "GC Thread#7" [stack: 0x0000006c40e00000,0x0000006c40f00000] [id=1764]
  0x0000019f9d2513f0 GCTaskThread "GC Thread#8" [stack: 0x0000006c40f00000,0x0000006c41000000] [id=19116]
  0x0000019f9d16a6e0 GCTaskThread "GC Thread#9" [stack: 0x0000006c41000000,0x0000006c41100000] [id=10352]
  0x0000019f9d2a9b40 GCTaskThread "GC Thread#10" [stack: 0x0000006c40c00000,0x0000006c40d00000] [id=1852]
  0x0000019f9d2aae80 GCTaskThread "GC Thread#11" [stack: 0x0000006c41600000,0x0000006c41700000] [id=3088]
  0x0000019f9d2a95c0 GCTaskThread "GC Thread#12" [stack: 0x0000006c41700000,0x0000006c41800000] [id=22460]
  0x0000019f9d2a9880 GCTaskThread "GC Thread#13" [stack: 0x0000006c41800000,0x0000006c41900000] [id=19428]
  0x0000019f9d2aa380 GCTaskThread "GC Thread#14" [stack: 0x0000006c41900000,0x0000006c41a00000] [id=22228]
  0x0000019ff8106be0 ConcurrentGCThread "G1 Main Marker" [stack: 0x0000006c3f100000,0x0000006c3f200000] [id=15188]
  0x0000019ff8107e60 ConcurrentGCThread "G1 Conc#0" [stack: 0x0000006c3f200000,0x0000006c3f300000] [id=17976]
  0x0000019f9d0f3910 ConcurrentGCThread "G1 Conc#1" [stack: 0x0000006c41100000,0x0000006c41200000] [id=15052]
  0x0000019f9d261be0 ConcurrentGCThread "G1 Conc#2" [stack: 0x0000006c41200000,0x0000006c41300000] [id=12120]
  0x0000019f9d2aabc0 ConcurrentGCThread "G1 Conc#3" [stack: 0x0000006c41300000,0x0000006c41400000] [id=21872]
  0x0000019ff813ec40 ConcurrentGCThread "G1 Refine#0" [stack: 0x0000006c3f300000,0x0000006c3f400000] [id=8612]
  0x0000019f974bdda0 ConcurrentGCThread "G1 Service" [stack: 0x0000006c3f400000,0x0000006c3f500000] [id=21768]

Threads with active compile tasks:

VM state: at safepoint (normal execution)

VM Mutex/Monitor currently owned by a thread:  ([mutex/lock_event])
[0x0000019ff5dfbbb0] Threads_lock - owner thread: 0x0000019f979ac7c0
[0x0000019ff5dfada0] Heap_lock - owner thread: 0x0000019f9ec61b70

Heap address: 0x0000000704e00000, size: 4018 MB, Compressed Oops mode: Zero based, Oop shift amount: 3

CDS archive(s) not mapped
Compressed class space mapped at: 0x0000000800000000-0x0000000840000000, reserved size: 1073741824
Narrow klass base: 0x0000000800000000, Narrow klass shift: 0, Narrow klass range: 0x40000000

GC Precious Log:
 CPUs: 20 total, 20 available
 Memory: 16068M
 Large Page Support: Disabled
 NUMA Support: Disabled
 Compressed Oops: Enabled (Zero based)
 Heap Region Size: 2M
 Heap Min Capacity: 8M
 Heap Initial Capacity: 252M
 Heap Max Capacity: 4018M
 Pre-touch: Disabled
 Parallel Workers: 15
 Concurrent Workers: 4
 Concurrent Refinement Workers: 15
 Periodic GC: Disabled

Heap:
 garbage-first heap   total 419840K, used 16970K [0x0000000704e00000, 0x0000000800000000)
  region size 2048K, 1 young (2048K), 1 survivors (2048K)
 Metaspace       used 44241K, committed 44736K, reserved 1114112K
  class space    used 5024K, committed 5248K, reserved 1048576K

Heap Regions: E=young(eden), S=young(survivor), O=old, HS=humongous(starts), HC=humongous(continues), CS=collection set, F=free, OA=open archive, CA=closed archive, TAMS=top-at-mark-start (previous, next)
|   0|0x0000000704e00000, 0x0000000705000000, 0x0000000705000000|100%| O|  |TAMS 0x0000000705000000, 0x0000000704e00000| Untracked 
|   1|0x0000000705000000, 0x0000000705200000, 0x0000000705200000|100%| O|  |TAMS 0x0000000705200000, 0x0000000705000000| Untracked 
|   2|0x0000000705200000, 0x0000000705400000, 0x0000000705400000|100%| O|  |TAMS 0x0000000705200000, 0x0000000705200000| Untracked 
|   3|0x0000000705400000, 0x0000000705600000, 0x0000000705600000|100%| O|  |TAMS 0x0000000705600000, 0x0000000705400000| Untracked 
|   4|0x0000000705600000, 0x0000000705800000, 0x0000000705800000|100%| O|  |TAMS 0x0000000705800000, 0x0000000705600000| Untracked 
|   5|0x0000000705800000, 0x0000000705a00000, 0x0000000705a00000|100%| O|  |TAMS 0x0000000705800000, 0x0000000705800000| Untracked 
|   6|0x0000000705a00000, 0x0000000705c00000, 0x0000000705c00000|100%| O|  |TAMS 0x0000000705a00000, 0x0000000705a00000| Untracked 
|   7|0x0000000705c00000, 0x0000000705e00000, 0x0000000705e00000|100%| O|  |TAMS 0x0000000705c00000, 0x0000000705c00000| Untracked 
|   8|0x0000000705e00000, 0x0000000705e89000, 0x0000000706000000| 26%| O|  |TAMS 0x0000000705e00000, 0x0000000705e00000| Untracked 
|   9|0x0000000706000000, 0x0000000706000000, 0x0000000706200000|  0%| F|  |TAMS 0x0000000706000000, 0x0000000706000000| Untracked 
|  10|0x0000000706200000, 0x0000000706200000, 0x0000000706400000|  0%| F|  |TAMS 0x0000000706200000, 0x0000000706200000| Untracked 
|  11|0x0000000706400000, 0x0000000706400000, 0x0000000706600000|  0%| F|  |TAMS 0x0000000706400000, 0x0000000706400000| Untracked 
|  12|0x0000000706600000, 0x0000000706600000, 0x0000000706800000|  0%| F|  |TAMS 0x0000000706600000, 0x0000000706600000| Untracked 
|  13|0x0000000706800000, 0x0000000706800000, 0x0000000706a00000|  0%| F|  |TAMS 0x0000000706800000, 0x0000000706800000| Untracked 
|  14|0x0000000706a00000, 0x0000000706a00000, 0x0000000706c00000|  0%| F|  |TAMS 0x0000000706a00000, 0x0000000706a00000| Untracked 
|  15|0x0000000706c00000, 0x0000000706c00000, 0x0000000706e00000|  0%| F|  |TAMS 0x0000000706c00000, 0x0000000706c00000| Untracked 
|  16|0x0000000706e00000, 0x0000000706e00000, 0x0000000707000000|  0%| F|  |TAMS 0x0000000706e00000, 0x0000000706e00000| Untracked 
|  17|0x0000000707000000, 0x0000000707000000, 0x0000000707200000|  0%| F|  |TAMS 0x0000000707000000, 0x0000000707000000| Untracked 
|  18|0x0000000707200000, 0x0000000707200000, 0x0000000707400000|  0%| F|  |TAMS 0x0000000707200000, 0x0000000707200000| Untracked 
|  19|0x0000000707400000, 0x0000000707400000, 0x0000000707600000|  0%| F|  |TAMS 0x0000000707400000, 0x0000000707400000| Untracked 
|  20|0x0000000707600000, 0x0000000707600000, 0x0000000707800000|  0%| F|  |TAMS 0x0000000707600000, 0x0000000707600000| Untracked 
|  21|0x0000000707800000, 0x0000000707800000, 0x0000000707a00000|  0%| F|  |TAMS 0x0000000707800000, 0x0000000707800000| Untracked 
|  22|0x0000000707a00000, 0x0000000707a00000, 0x0000000707c00000|  0%| F|  |TAMS 0x0000000707a00000, 0x0000000707a00000| Untracked 
|  23|0x0000000707c00000, 0x0000000707c00000, 0x0000000707e00000|  0%| F|  |TAMS 0x0000000707c00000, 0x0000000707c00000| Untracked 
|  24|0x0000000707e00000, 0x0000000707e00000, 0x0000000708000000|  0%| F|  |TAMS 0x0000000707e00000, 0x0000000707e00000| Untracked 
|  25|0x0000000708000000, 0x0000000708000000, 0x0000000708200000|  0%| F|  |TAMS 0x0000000708000000, 0x0000000708000000| Untracked 
|  26|0x0000000708200000, 0x0000000708200000, 0x0000000708400000|  0%| F|  |TAMS 0x0000000708200000, 0x0000000708200000| Untracked 
|  27|0x0000000708400000, 0x0000000708400000, 0x0000000708600000|  0%| F|  |TAMS 0x0000000708400000, 0x0000000708400000| Untracked 
|  28|0x0000000708600000, 0x0000000708600000, 0x0000000708800000|  0%| F|  |TAMS 0x0000000708600000, 0x0000000708600000| Untracked 
|  29|0x0000000708800000, 0x0000000708800000, 0x0000000708a00000|  0%| F|  |TAMS 0x0000000708800000, 0x0000000708800000| Untracked 
|  30|0x0000000708a00000, 0x0000000708a00000, 0x0000000708c00000|  0%| F|  |TAMS 0x0000000708a00000, 0x0000000708a00000| Untracked 
|  31|0x0000000708c00000, 0x0000000708c00000, 0x0000000708e00000|  0%| F|  |TAMS 0x0000000708c00000, 0x0000000708c00000| Untracked 
|  32|0x0000000708e00000, 0x0000000708e00000, 0x0000000709000000|  0%| F|  |TAMS 0x0000000708e00000, 0x0000000708e00000| Untracked 
|  33|0x0000000709000000, 0x0000000709000000, 0x0000000709200000|  0%| F|  |TAMS 0x0000000709000000, 0x0000000709000000| Untracked 
|  34|0x0000000709200000, 0x0000000709200000, 0x0000000709400000|  0%| F|  |TAMS 0x0000000709200000, 0x0000000709200000| Untracked 
|  35|0x0000000709400000, 0x0000000709400000, 0x0000000709600000|  0%| F|  |TAMS 0x0000000709400000, 0x0000000709400000| Untracked 
|  36|0x0000000709600000, 0x0000000709600000, 0x0000000709800000|  0%| F|  |TAMS 0x0000000709600000, 0x0000000709600000| Untracked 
|  37|0x0000000709800000, 0x0000000709800000, 0x0000000709a00000|  0%| F|  |TAMS 0x0000000709800000, 0x0000000709800000| Untracked 
|  38|0x0000000709a00000, 0x0000000709a00000, 0x0000000709c00000|  0%| F|  |TAMS 0x0000000709a00000, 0x0000000709a00000| Untracked 
|  39|0x0000000709c00000, 0x0000000709c00000, 0x0000000709e00000|  0%| F|  |TAMS 0x0000000709c00000, 0x0000000709c00000| Untracked 
|  40|0x0000000709e00000, 0x0000000709e00000, 0x000000070a000000|  0%| F|  |TAMS 0x0000000709e00000, 0x0000000709e00000| Untracked 
|  41|0x000000070a000000, 0x000000070a000000, 0x000000070a200000|  0%| F|  |TAMS 0x000000070a000000, 0x000000070a000000| Untracked 
|  42|0x000000070a200000, 0x000000070a200000, 0x000000070a400000|  0%| F|  |TAMS 0x000000070a200000, 0x000000070a200000| Untracked 
|  43|0x000000070a400000, 0x000000070a400000, 0x000000070a600000|  0%| F|  |TAMS 0x000000070a400000, 0x000000070a400000| Untracked 
|  44|0x000000070a600000, 0x000000070a600000, 0x000000070a800000|  0%| F|  |TAMS 0x000000070a600000, 0x000000070a600000| Untracked 
|  45|0x000000070a800000, 0x000000070a800000, 0x000000070aa00000|  0%| F|  |TAMS 0x000000070a800000, 0x000000070a800000| Untracked 
|  46|0x000000070aa00000, 0x000000070aa00000, 0x000000070ac00000|  0%| F|  |TAMS 0x000000070aa00000, 0x000000070aa00000| Untracked 
|  47|0x000000070ac00000, 0x000000070ac00000, 0x000000070ae00000|  0%| F|  |TAMS 0x000000070ac00000, 0x000000070ac00000| Untracked 
|  48|0x000000070ae00000, 0x000000070ae00000, 0x000000070b000000|  0%| F|  |TAMS 0x000000070ae00000, 0x000000070ae00000| Untracked 
|  49|0x000000070b000000, 0x000000070b000000, 0x000000070b200000|  0%| F|  |TAMS 0x000000070b000000, 0x000000070b000000| Untracked 
|  50|0x000000070b200000, 0x000000070b200000, 0x000000070b400000|  0%| F|  |TAMS 0x000000070b200000, 0x000000070b200000| Untracked 
|  51|0x000000070b400000, 0x000000070b400000, 0x000000070b600000|  0%| F|  |TAMS 0x000000070b400000, 0x000000070b400000| Untracked 
|  52|0x000000070b600000, 0x000000070b600000, 0x000000070b800000|  0%| F|  |TAMS 0x000000070b600000, 0x000000070b600000| Untracked 
|  53|0x000000070b800000, 0x000000070b800000, 0x000000070ba00000|  0%| F|  |TAMS 0x000000070b800000, 0x000000070b800000| Untracked 
|  54|0x000000070ba00000, 0x000000070ba00000, 0x000000070bc00000|  0%| F|  |TAMS 0x000000070ba00000, 0x000000070ba00000| Untracked 
|  55|0x000000070bc00000, 0x000000070bc00000, 0x000000070be00000|  0%| F|  |TAMS 0x000000070bc00000, 0x000000070bc00000| Untracked 
|  56|0x000000070be00000, 0x000000070be00000, 0x000000070c000000|  0%| F|  |TAMS 0x000000070be00000, 0x000000070be00000| Untracked 
|  57|0x000000070c000000, 0x000000070c000000, 0x000000070c200000|  0%| F|  |TAMS 0x000000070c000000, 0x000000070c000000| Untracked 
|  58|0x000000070c200000, 0x000000070c200000, 0x000000070c400000|  0%| F|  |TAMS 0x000000070c200000, 0x000000070c200000| Untracked 
|  59|0x000000070c400000, 0x000000070c400000, 0x000000070c600000|  0%| F|  |TAMS 0x000000070c400000, 0x000000070c400000| Untracked 
|  60|0x000000070c600000, 0x000000070c600000, 0x000000070c800000|  0%| F|  |TAMS 0x000000070c600000, 0x000000070c600000| Untracked 
|  61|0x000000070c800000, 0x000000070c800000, 0x000000070ca00000|  0%| F|  |TAMS 0x000000070c800000, 0x000000070c800000| Untracked 
|  62|0x000000070ca00000, 0x000000070ca00000, 0x000000070cc00000|  0%| F|  |TAMS 0x000000070ca00000, 0x000000070ca00000| Untracked 
|  63|0x000000070cc00000, 0x000000070cc00000, 0x000000070ce00000|  0%| F|  |TAMS 0x000000070cc00000, 0x000000070cc00000| Untracked 
|  64|0x000000070ce00000, 0x000000070ce00000, 0x000000070d000000|  0%| F|  |TAMS 0x000000070ce00000, 0x000000070ce00000| Untracked 
|  65|0x000000070d000000, 0x000000070d000000, 0x000000070d200000|  0%| F|  |TAMS 0x000000070d000000, 0x000000070d000000| Untracked 
|  66|0x000000070d200000, 0x000000070d200000, 0x000000070d400000|  0%| F|  |TAMS 0x000000070d200000, 0x000000070d200000| Untracked 
|  67|0x000000070d400000, 0x000000070d400000, 0x000000070d600000|  0%| F|  |TAMS 0x000000070d400000, 0x000000070d400000| Untracked 
|  68|0x000000070d600000, 0x000000070d600000, 0x000000070d800000|  0%| F|  |TAMS 0x000000070d600000, 0x000000070d600000| Untracked 
|  69|0x000000070d800000, 0x000000070d800000, 0x000000070da00000|  0%| F|  |TAMS 0x000000070d800000, 0x000000070d800000| Untracked 
|  70|0x000000070da00000, 0x000000070da00000, 0x000000070dc00000|  0%| F|  |TAMS 0x000000070da00000, 0x000000070da00000| Untracked 
|  71|0x000000070dc00000, 0x000000070dc00000, 0x000000070de00000|  0%| F|  |TAMS 0x000000070dc00000, 0x000000070dc00000| Untracked 
|  72|0x000000070de00000, 0x000000070de00000, 0x000000070e000000|  0%| F|  |TAMS 0x000000070de00000, 0x000000070de00000| Untracked 
|  73|0x000000070e000000, 0x000000070e000000, 0x000000070e200000|  0%| F|  |TAMS 0x000000070e000000, 0x000000070e000000| Untracked 
|  74|0x000000070e200000, 0x000000070e200000, 0x000000070e400000|  0%| F|  |TAMS 0x000000070e200000, 0x000000070e200000| Untracked 
|  75|0x000000070e400000, 0x000000070e400000, 0x000000070e600000|  0%| F|  |TAMS 0x000000070e400000, 0x000000070e400000| Untracked 
|  76|0x000000070e600000, 0x000000070e600000, 0x000000070e800000|  0%| F|  |TAMS 0x000000070e600000, 0x000000070e600000| Untracked 
|  77|0x000000070e800000, 0x000000070e800000, 0x000000070ea00000|  0%| F|  |TAMS 0x000000070e800000, 0x000000070e800000| Untracked 
|  78|0x000000070ea00000, 0x000000070ea00000, 0x000000070ec00000|  0%| F|  |TAMS 0x000000070ea00000, 0x000000070ea00000| Untracked 
|  79|0x000000070ec00000, 0x000000070ec00000, 0x000000070ee00000|  0%| F|  |TAMS 0x000000070ec00000, 0x000000070ec00000| Untracked 
|  80|0x000000070ee00000, 0x000000070ee00000, 0x000000070f000000|  0%| F|  |TAMS 0x000000070ee00000, 0x000000070ee00000| Untracked 
|  81|0x000000070f000000, 0x000000070f000000, 0x000000070f200000|  0%| F|  |TAMS 0x000000070f000000, 0x000000070f000000| Untracked 
|  82|0x000000070f200000, 0x000000070f209930, 0x000000070f400000|  1%| S|CS|TAMS 0x000000070f200000, 0x000000070f200000| Complete 
|  83|0x000000070f400000, 0x000000070f400000, 0x000000070f600000|  0%| F|  |TAMS 0x000000070f400000, 0x000000070f400000| Untracked 
|  84|0x000000070f600000, 0x000000070f600000, 0x000000070f800000|  0%| F|  |TAMS 0x000000070f600000, 0x000000070f600000| Untracked 
|  85|0x000000070f800000, 0x000000070f800000, 0x000000070fa00000|  0%| F|  |TAMS 0x000000070f800000, 0x000000070f800000| Untracked 
|  86|0x000000070fa00000, 0x000000070fa00000, 0x000000070fc00000|  0%| F|  |TAMS 0x000000070fa00000, 0x000000070fa00000| Untracked 
|  87|0x000000070fc00000, 0x000000070fc00000, 0x000000070fe00000|  0%| F|  |TAMS 0x000000070fc00000, 0x000000070fc00000| Untracked 
|  88|0x000000070fe00000, 0x000000070fe00000, 0x0000000710000000|  0%| F|  |TAMS 0x000000070fe00000, 0x000000070fe00000| Untracked 
|  89|0x0000000710000000, 0x0000000710000000, 0x0000000710200000|  0%| F|  |TAMS 0x0000000710000000, 0x0000000710000000| Untracked 
|  90|0x0000000710200000, 0x0000000710200000, 0x0000000710400000|  0%| F|  |TAMS 0x0000000710200000, 0x0000000710200000| Untracked 
|  91|0x0000000710400000, 0x0000000710400000, 0x0000000710600000|  0%| F|  |TAMS 0x0000000710400000, 0x0000000710400000| Untracked 
|  92|0x0000000710600000, 0x0000000710600000, 0x0000000710800000|  0%| F|  |TAMS 0x0000000710600000, 0x0000000710600000| Untracked 
|  93|0x0000000710800000, 0x0000000710800000, 0x0000000710a00000|  0%| F|  |TAMS 0x0000000710800000, 0x0000000710800000| Untracked 
|  94|0x0000000710a00000, 0x0000000710a00000, 0x0000000710c00000|  0%| F|  |TAMS 0x0000000710a00000, 0x0000000710a00000| Untracked 
|  95|0x0000000710c00000, 0x0000000710c00000, 0x0000000710e00000|  0%| F|  |TAMS 0x0000000710c00000, 0x0000000710c00000| Untracked 
|  96|0x0000000710e00000, 0x0000000710e00000, 0x0000000711000000|  0%| F|  |TAMS 0x0000000710e00000, 0x0000000710e00000| Untracked 
|  97|0x0000000711000000, 0x0000000711000000, 0x0000000711200000|  0%| F|  |TAMS 0x0000000711000000, 0x0000000711000000| Untracked 
|  98|0x0000000711200000, 0x0000000711200000, 0x0000000711400000|  0%| F|  |TAMS 0x0000000711200000, 0x0000000711200000| Untracked 
|  99|0x0000000711400000, 0x0000000711400000, 0x0000000711600000|  0%| F|  |TAMS 0x0000000711400000, 0x0000000711400000| Untracked 
| 100|0x0000000711600000, 0x0000000711600000, 0x0000000711800000|  0%| F|  |TAMS 0x0000000711600000, 0x0000000711600000| Untracked 
| 101|0x0000000711800000, 0x0000000711800000, 0x0000000711a00000|  0%| F|  |TAMS 0x0000000711800000, 0x0000000711800000| Untracked 
| 102|0x0000000711a00000, 0x0000000711a00000, 0x0000000711c00000|  0%| F|  |TAMS 0x0000000711a00000, 0x0000000711a00000| Untracked 
| 103|0x0000000711c00000, 0x0000000711c00000, 0x0000000711e00000|  0%| F|  |TAMS 0x0000000711c00000, 0x0000000711c00000| Untracked 
| 104|0x0000000711e00000, 0x0000000711e00000, 0x0000000712000000|  0%| F|  |TAMS 0x0000000711e00000, 0x0000000711e00000| Untracked 
| 105|0x0000000712000000, 0x0000000712000000, 0x0000000712200000|  0%| F|  |TAMS 0x0000000712000000, 0x0000000712000000| Untracked 
| 106|0x0000000712200000, 0x0000000712200000, 0x0000000712400000|  0%| F|  |TAMS 0x0000000712200000, 0x0000000712200000| Untracked 
| 107|0x0000000712400000, 0x0000000712400000, 0x0000000712600000|  0%| F|  |TAMS 0x0000000712400000, 0x0000000712400000| Untracked 
| 108|0x0000000712600000, 0x0000000712600000, 0x0000000712800000|  0%| F|  |TAMS 0x0000000712600000, 0x0000000712600000| Untracked 
| 109|0x0000000712800000, 0x0000000712800000, 0x0000000712a00000|  0%| F|  |TAMS 0x0000000712800000, 0x0000000712800000| Untracked 
| 110|0x0000000712a00000, 0x0000000712a00000, 0x0000000712c00000|  0%| F|  |TAMS 0x0000000712a00000, 0x0000000712a00000| Untracked 
| 111|0x0000000712c00000, 0x0000000712c00000, 0x0000000712e00000|  0%| F|  |TAMS 0x0000000712c00000, 0x0000000712c00000| Untracked 
| 112|0x0000000712e00000, 0x0000000712e00000, 0x0000000713000000|  0%| F|  |TAMS 0x0000000712e00000, 0x0000000712e00000| Untracked 
| 113|0x0000000713000000, 0x0000000713000000, 0x0000000713200000|  0%| F|  |TAMS 0x0000000713000000, 0x0000000713000000| Untracked 
| 114|0x0000000713200000, 0x0000000713200000, 0x0000000713400000|  0%| F|  |TAMS 0x0000000713200000, 0x0000000713200000| Untracked 
| 115|0x0000000713400000, 0x0000000713400000, 0x0000000713600000|  0%| F|  |TAMS 0x0000000713400000, 0x0000000713400000| Untracked 
| 116|0x0000000713600000, 0x0000000713600000, 0x0000000713800000|  0%| F|  |TAMS 0x0000000713600000, 0x0000000713600000| Untracked 
| 117|0x0000000713800000, 0x0000000713800000, 0x0000000713a00000|  0%| F|  |TAMS 0x0000000713800000, 0x0000000713800000| Untracked 
| 118|0x0000000713a00000, 0x0000000713a00000, 0x0000000713c00000|  0%| F|  |TAMS 0x0000000713a00000, 0x0000000713a00000| Untracked 
| 119|0x0000000713c00000, 0x0000000713c00000, 0x0000000713e00000|  0%| F|  |TAMS 0x0000000713c00000, 0x0000000713c00000| Untracked 
| 120|0x0000000713e00000, 0x0000000713e00000, 0x0000000714000000|  0%| F|  |TAMS 0x0000000713e00000, 0x0000000713e00000| Untracked 
| 121|0x0000000714000000, 0x0000000714000000, 0x0000000714200000|  0%| F|  |TAMS 0x0000000714000000, 0x0000000714000000| Untracked 
| 122|0x0000000714200000, 0x0000000714200000, 0x0000000714400000|  0%| F|  |TAMS 0x0000000714200000, 0x0000000714200000| Untracked 
| 123|0x0000000714400000, 0x0000000714400000, 0x0000000714600000|  0%| F|  |TAMS 0x0000000714400000, 0x0000000714400000| Untracked 
| 124|0x0000000714600000, 0x0000000714600000, 0x0000000714800000|  0%| F|  |TAMS 0x0000000714600000, 0x0000000714600000| Untracked 
| 125|0x0000000714800000, 0x0000000714800000, 0x0000000714a00000|  0%| F|  |TAMS 0x0000000714800000, 0x0000000714800000| Untracked 
| 126|0x0000000714a00000, 0x0000000714a00000, 0x0000000714c00000|  0%| F|  |TAMS 0x0000000714a00000, 0x0000000714a00000| Untracked 
| 127|0x0000000714c00000, 0x0000000714c00000, 0x0000000714e00000|  0%| F|  |TAMS 0x0000000714c00000, 0x0000000714c00000| Untracked 
| 128|0x0000000714e00000, 0x0000000714e00000, 0x0000000715000000|  0%| F|  |TAMS 0x0000000714e00000, 0x0000000714e00000| Untracked 
| 129|0x0000000715000000, 0x0000000715000000, 0x0000000715200000|  0%| F|  |TAMS 0x0000000715000000, 0x0000000715000000| Untracked 
| 130|0x0000000715200000, 0x0000000715200000, 0x0000000715400000|  0%| F|  |TAMS 0x0000000715200000, 0x0000000715200000| Untracked 
| 131|0x0000000715400000, 0x0000000715400000, 0x0000000715600000|  0%| F|  |TAMS 0x0000000715400000, 0x0000000715400000| Untracked 
| 132|0x0000000715600000, 0x0000000715600000, 0x0000000715800000|  0%| F|  |TAMS 0x0000000715600000, 0x0000000715600000| Untracked 
| 133|0x0000000715800000, 0x0000000715800000, 0x0000000715a00000|  0%| F|  |TAMS 0x0000000715800000, 0x0000000715800000| Untracked 
| 134|0x0000000715a00000, 0x0000000715a00000, 0x0000000715c00000|  0%| F|  |TAMS 0x0000000715a00000, 0x0000000715a00000| Untracked 
| 135|0x0000000715c00000, 0x0000000715c00000, 0x0000000715e00000|  0%| F|  |TAMS 0x0000000715c00000, 0x0000000715c00000| Untracked 
| 136|0x0000000715e00000, 0x0000000715e00000, 0x0000000716000000|  0%| F|  |TAMS 0x0000000715e00000, 0x0000000715e00000| Untracked 
| 137|0x0000000716000000, 0x0000000716000000, 0x0000000716200000|  0%| F|  |TAMS 0x0000000716000000, 0x0000000716000000| Untracked 
| 138|0x0000000716200000, 0x0000000716200000, 0x0000000716400000|  0%| F|  |TAMS 0x0000000716200000, 0x0000000716200000| Untracked 
| 139|0x0000000716400000, 0x0000000716400000, 0x0000000716600000|  0%| F|  |TAMS 0x0000000716400000, 0x0000000716400000| Untracked 
| 140|0x0000000716600000, 0x0000000716600000, 0x0000000716800000|  0%| F|  |TAMS 0x0000000716600000, 0x0000000716600000| Untracked 
| 141|0x0000000716800000, 0x0000000716800000, 0x0000000716a00000|  0%| F|  |TAMS 0x0000000716800000, 0x0000000716800000| Untracked 
| 142|0x0000000716a00000, 0x0000000716a00000, 0x0000000716c00000|  0%| F|  |TAMS 0x0000000716a00000, 0x0000000716a00000| Untracked 
| 143|0x0000000716c00000, 0x0000000716c00000, 0x0000000716e00000|  0%| F|  |TAMS 0x0000000716c00000, 0x0000000716c00000| Untracked 
| 144|0x0000000716e00000, 0x0000000716e00000, 0x0000000717000000|  0%| F|  |TAMS 0x0000000716e00000, 0x0000000716e00000| Untracked 
| 145|0x0000000717000000, 0x0000000717000000, 0x0000000717200000|  0%| F|  |TAMS 0x0000000717000000, 0x0000000717000000| Untracked 
| 146|0x0000000717200000, 0x0000000717200000, 0x0000000717400000|  0%| F|  |TAMS 0x0000000717200000, 0x0000000717200000| Untracked 
| 147|0x0000000717400000, 0x0000000717400000, 0x0000000717600000|  0%| F|  |TAMS 0x0000000717400000, 0x0000000717400000| Untracked 
| 148|0x0000000717600000, 0x0000000717600000, 0x0000000717800000|  0%| F|  |TAMS 0x0000000717600000, 0x0000000717600000| Untracked 
| 149|0x0000000717800000, 0x0000000717800000, 0x0000000717a00000|  0%| F|  |TAMS 0x0000000717800000, 0x0000000717800000| Untracked 
| 150|0x0000000717a00000, 0x0000000717a00000, 0x0000000717c00000|  0%| F|  |TAMS 0x0000000717a00000, 0x0000000717a00000| Untracked 
| 151|0x0000000717c00000, 0x0000000717c00000, 0x0000000717e00000|  0%| F|  |TAMS 0x0000000717c00000, 0x0000000717c00000| Untracked 
| 152|0x0000000717e00000, 0x0000000717e00000, 0x0000000718000000|  0%| F|  |TAMS 0x0000000717e00000, 0x0000000717e00000| Untracked 
| 153|0x0000000718000000, 0x0000000718000000, 0x0000000718200000|  0%| F|  |TAMS 0x0000000718000000, 0x0000000718000000| Untracked 
| 154|0x0000000718200000, 0x0000000718200000, 0x0000000718400000|  0%| F|  |TAMS 0x0000000718200000, 0x0000000718200000| Untracked 
| 155|0x0000000718400000, 0x0000000718400000, 0x0000000718600000|  0%| F|  |TAMS 0x0000000718400000, 0x0000000718400000| Untracked 
| 156|0x0000000718600000, 0x0000000718600000, 0x0000000718800000|  0%| F|  |TAMS 0x0000000718600000, 0x0000000718600000| Untracked 
| 157|0x0000000718800000, 0x0000000718800000, 0x0000000718a00000|  0%| F|  |TAMS 0x0000000718800000, 0x0000000718800000| Untracked 
| 158|0x0000000718a00000, 0x0000000718a00000, 0x0000000718c00000|  0%| F|  |TAMS 0x0000000718a00000, 0x0000000718a00000| Untracked 
| 159|0x0000000718c00000, 0x0000000718c00000, 0x0000000718e00000|  0%| F|  |TAMS 0x0000000718c00000, 0x0000000718c00000| Untracked 
| 160|0x0000000718e00000, 0x0000000718e00000, 0x0000000719000000|  0%| F|  |TAMS 0x0000000718e00000, 0x0000000718e00000| Untracked 
| 161|0x0000000719000000, 0x0000000719000000, 0x0000000719200000|  0%| F|  |TAMS 0x0000000719000000, 0x0000000719000000| Untracked 
| 162|0x0000000719200000, 0x0000000719200000, 0x0000000719400000|  0%| F|  |TAMS 0x0000000719200000, 0x0000000719200000| Untracked 
| 163|0x0000000719400000, 0x0000000719400000, 0x0000000719600000|  0%| F|  |TAMS 0x0000000719400000, 0x0000000719400000| Untracked 
| 164|0x0000000719600000, 0x0000000719600000, 0x0000000719800000|  0%| F|  |TAMS 0x0000000719600000, 0x0000000719600000| Untracked 
| 165|0x0000000719800000, 0x0000000719800000, 0x0000000719a00000|  0%| F|  |TAMS 0x0000000719800000, 0x0000000719800000| Untracked 
| 166|0x0000000719a00000, 0x0000000719a00000, 0x0000000719c00000|  0%| F|  |TAMS 0x0000000719a00000, 0x0000000719a00000| Untracked 
| 167|0x0000000719c00000, 0x0000000719c00000, 0x0000000719e00000|  0%| F|  |TAMS 0x0000000719c00000, 0x0000000719c00000| Untracked 
| 168|0x0000000719e00000, 0x0000000719e00000, 0x000000071a000000|  0%| F|  |TAMS 0x0000000719e00000, 0x0000000719e00000| Untracked 
| 169|0x000000071a000000, 0x000000071a000000, 0x000000071a200000|  0%| F|  |TAMS 0x000000071a000000, 0x000000071a000000| Untracked 
| 170|0x000000071a200000, 0x000000071a200000, 0x000000071a400000|  0%| F|  |TAMS 0x000000071a200000, 0x000000071a200000| Untracked 
| 171|0x000000071a400000, 0x000000071a400000, 0x000000071a600000|  0%| F|  |TAMS 0x000000071a400000, 0x000000071a400000| Untracked 
| 172|0x000000071a600000, 0x000000071a600000, 0x000000071a800000|  0%| F|  |TAMS 0x000000071a600000, 0x000000071a600000| Untracked 
| 173|0x000000071a800000, 0x000000071a800000, 0x000000071aa00000|  0%| F|  |TAMS 0x000000071a800000, 0x000000071a800000| Untracked 
| 174|0x000000071aa00000, 0x000000071aa00000, 0x000000071ac00000|  0%| F|  |TAMS 0x000000071aa00000, 0x000000071aa00000| Untracked 
| 175|0x000000071ac00000, 0x000000071ac00000, 0x000000071ae00000|  0%| F|  |TAMS 0x000000071ac00000, 0x000000071ac00000| Untracked 
| 176|0x000000071ae00000, 0x000000071ae00000, 0x000000071b000000|  0%| F|  |TAMS 0x000000071ae00000, 0x000000071ae00000| Untracked 
| 177|0x000000071b000000, 0x000000071b000000, 0x000000071b200000|  0%| F|  |TAMS 0x000000071b000000, 0x000000071b000000| Untracked 
| 178|0x000000071b200000, 0x000000071b200000, 0x000000071b400000|  0%| F|  |TAMS 0x000000071b200000, 0x000000071b200000| Untracked 
| 179|0x000000071b400000, 0x000000071b400000, 0x000000071b600000|  0%| F|  |TAMS 0x000000071b400000, 0x000000071b400000| Untracked 
| 180|0x000000071b600000, 0x000000071b600000, 0x000000071b800000|  0%| F|  |TAMS 0x000000071b600000, 0x000000071b600000| Untracked 
| 181|0x000000071b800000, 0x000000071b800000, 0x000000071ba00000|  0%| F|  |TAMS 0x000000071b800000, 0x000000071b800000| Untracked 
| 182|0x000000071ba00000, 0x000000071ba00000, 0x000000071bc00000|  0%| F|  |TAMS 0x000000071ba00000, 0x000000071ba00000| Untracked 
| 183|0x000000071bc00000, 0x000000071bc00000, 0x000000071be00000|  0%| F|  |TAMS 0x000000071bc00000, 0x000000071bc00000| Untracked 
| 184|0x000000071be00000, 0x000000071be00000, 0x000000071c000000|  0%| F|  |TAMS 0x000000071be00000, 0x000000071be00000| Untracked 
| 185|0x000000071c000000, 0x000000071c000000, 0x000000071c200000|  0%| F|  |TAMS 0x000000071c000000, 0x000000071c000000| Untracked 
| 186|0x000000071c200000, 0x000000071c200000, 0x000000071c400000|  0%| F|  |TAMS 0x000000071c200000, 0x000000071c200000| Untracked 
| 187|0x000000071c400000, 0x000000071c400000, 0x000000071c600000|  0%| F|  |TAMS 0x000000071c400000, 0x000000071c400000| Untracked 
| 188|0x000000071c600000, 0x000000071c600000, 0x000000071c800000|  0%| F|  |TAMS 0x000000071c600000, 0x000000071c600000| Untracked 
| 189|0x000000071c800000, 0x000000071c800000, 0x000000071ca00000|  0%| F|  |TAMS 0x000000071c800000, 0x000000071c800000| Untracked 
| 190|0x000000071ca00000, 0x000000071ca00000, 0x000000071cc00000|  0%| F|  |TAMS 0x000000071ca00000, 0x000000071ca00000| Untracked 
| 191|0x000000071cc00000, 0x000000071cc00000, 0x000000071ce00000|  0%| F|  |TAMS 0x000000071cc00000, 0x000000071cc00000| Untracked 
| 192|0x000000071ce00000, 0x000000071ce00000, 0x000000071d000000|  0%| F|  |TAMS 0x000000071ce00000, 0x000000071ce00000| Untracked 
| 193|0x000000071d000000, 0x000000071d000000, 0x000000071d200000|  0%| F|  |TAMS 0x000000071d000000, 0x000000071d000000| Untracked 
| 194|0x000000071d200000, 0x000000071d200000, 0x000000071d400000|  0%| F|  |TAMS 0x000000071d200000, 0x000000071d200000| Untracked 
| 195|0x000000071d400000, 0x000000071d400000, 0x000000071d600000|  0%| F|  |TAMS 0x000000071d400000, 0x000000071d400000| Untracked 
| 196|0x000000071d600000, 0x000000071d600000, 0x000000071d800000|  0%| F|  |TAMS 0x000000071d600000, 0x000000071d600000| Untracked 
| 197|0x000000071d800000, 0x000000071d800000, 0x000000071da00000|  0%| F|  |TAMS 0x000000071d800000, 0x000000071d800000| Untracked 
| 198|0x000000071da00000, 0x000000071da00000, 0x000000071dc00000|  0%| F|  |TAMS 0x000000071da00000, 0x000000071da00000| Untracked 
| 199|0x000000071dc00000, 0x000000071dc00000, 0x000000071de00000|  0%| F|  |TAMS 0x000000071dc00000, 0x000000071dc00000| Untracked 
| 200|0x000000071de00000, 0x000000071de00000, 0x000000071e000000|  0%| F|  |TAMS 0x000000071de00000, 0x000000071de00000| Untracked 
| 201|0x000000071e000000, 0x000000071e000000, 0x000000071e200000|  0%| F|  |TAMS 0x000000071e000000, 0x000000071e000000| Untracked 
| 202|0x000000071e200000, 0x000000071e200000, 0x000000071e400000|  0%| F|  |TAMS 0x000000071e200000, 0x000000071e200000| Untracked 
| 203|0x000000071e400000, 0x000000071e400000, 0x000000071e600000|  0%| F|  |TAMS 0x000000071e400000, 0x000000071e400000| Untracked 
| 204|0x000000071e600000, 0x000000071e600000, 0x000000071e800000|  0%| F|  |TAMS 0x000000071e600000, 0x000000071e600000| Untracked 

Card table byte_map: [0x0000019ffc8b0000,0x0000019ffd090000] _byte_map_base: 0x0000019ff9089000

Marking Bits (Prev, Next): (CMBitMap*) 0x0000019ff80f67a0, (CMBitMap*) 0x0000019ff80f67e0
 Prev Bits: [0x0000019f8f000000, 0x0000019f92ec8000)
 Next Bits: [0x0000019f92ed0000, 0x0000019f96d98000)

Polling page: 0x0000019ff5ca0000

Metaspace:

Usage:
  Non-class:     38.30 MB used.
      Class:      4.91 MB used.
       Both:     43.21 MB used.

Virtual space:
  Non-class space:       64.00 MB reserved,      38.56 MB ( 60%) committed,  1 nodes.
      Class space:        1.00 GB reserved,       5.12 MB ( <1%) committed,  1 nodes.
             Both:        1.06 GB reserved,      43.69 MB (  4%) committed. 

Chunk freelists:
   Non-Class:  9.11 MB
       Class:  10.78 MB
        Both:  19.88 MB

MaxMetaspaceSize: unlimited
CompressedClassSpaceSize: 1.00 GB
Initial GC threshold: 21.00 MB
Current GC threshold: 58.88 MB
CDS: off
MetaspaceReclaimPolicy: balanced
 - commit_granule_bytes: 65536.
 - commit_granule_words: 8192.
 - virtual_space_node_default_size: 8388608.
 - enlarge_chunks_in_place: 1.
 - new_chunks_are_fully_committed: 0.
 - uncommit_free_chunks: 1.
 - use_allocation_guard: 0.
 - handle_deallocations: 1.


Internal statistics:

num_allocs_failed_limit: 6.
num_arena_births: 686.
num_arena_deaths: 0.
num_vsnodes_births: 2.
num_vsnodes_deaths: 0.
num_space_committed: 699.
num_space_uncommitted: 0.
num_chunks_returned_to_freelist: 6.
num_chunks_taken_from_freelist: 1948.
num_chunk_merges: 6.
num_chunk_splits: 1300.
num_chunks_enlarged: 935.
num_inconsistent_stats: 0.

CodeHeap 'non-profiled nmethods': size=119168Kb used=5572Kb max_used=5572Kb free=113595Kb
 bounds [0x0000019f87ba0000, 0x0000019f88120000, 0x0000019f8f000000]
CodeHeap 'profiled nmethods': size=119104Kb used=9327Kb max_used=13870Kb free=109776Kb
 bounds [0x0000019f80000000, 0x0000019f80d90000, 0x0000019f87450000]
CodeHeap 'non-nmethods': size=7488Kb used=1245Kb max_used=3024Kb free=6243Kb
 bounds [0x0000019f87450000, 0x0000019f87750000, 0x0000019f87ba0000]
 total_blobs=6028 nmethods=5472 adapters=468
 compilation: enabled
              stopped_count=0, restarted_count=0
 full_count=0

Compilation events (20 events):
Event: 35.446 Thread 0x0000019f979fa730 6864   !   4       jdk.internal.reflect.GeneratedMethodAccessor16::invoke (64 bytes)
Event: 35.448 Thread 0x0000019f979fa730 nmethod 6864 0x0000019f8810fe90 code [0x0000019f88110020, 0x0000019f88110178]
Event: 35.448 Thread 0x0000019f979fa730 6865   !   4       jdk.internal.reflect.GeneratedMethodAccessor21::invoke (64 bytes)
Event: 35.448 Thread 0x0000019f979fa730 nmethod 6865 0x0000019f88110310 code [0x0000019f881104a0, 0x0000019f88110598]
Event: 35.457 Thread 0x0000019f979fb040 6866       3       org.apache.tomcat.util.net.NioChannel::isOpen (8 bytes)
Event: 35.466 Thread 0x0000019f979fb040 nmethod 6866 0x0000019f80444b10 code [0x0000019f80444ca0, 0x0000019f80444e78]
Event: 35.466 Thread 0x0000019f979fb040 6868       3       sun.nio.ch.SocketChannelImpl::tryClose (76 bytes)
Event: 35.466 Thread 0x0000019f979fb040 nmethod 6868 0x0000019f80096990 code [0x0000019f80096b60, 0x0000019f80096fa8]
Event: 35.466 Thread 0x0000019f979fb040 6867       1       org.apache.tomcat.util.net.SocketWrapperBase::reset (6 bytes)
Event: 35.466 Thread 0x0000019f979fb040 nmethod 6867 0x0000019f88110690 code [0x0000019f88110820, 0x0000019f88110938]
Event: 35.483 Thread 0x0000019f979fb040 6869       1       sun.nio.ch.NativeThread::current (2 bytes)
Event: 35.483 Thread 0x0000019f979fb040 nmethod 6869 0x0000019f88110990 code [0x0000019f88110b20, 0x0000019f88110bd8]
Event: 35.483 Thread 0x0000019f979fb040 6870   !   3       sun.nio.ch.SocketChannelImpl::socket (54 bytes)
Event: 35.484 Thread 0x0000019f979fb040 nmethod 6870 0x0000019f800e0010 code [0x0000019f800e0200, 0x0000019f800e0718]
Event: 35.585 Thread 0x0000019f979fa730 6871       4       org.apache.tomcat.util.net.AbstractEndpoint::getMaxKeepAliveRequests (17 bytes)
Event: 35.585 Thread 0x0000019f979fa730 nmethod 6871 0x0000019f88110c90 code [0x0000019f88110e00, 0x0000019f88110eb8]
Event: 35.650 Thread 0x0000019f979fb040 6872       3       java.lang.invoke.VarHandleGuards::guard_LII_Z (86 bytes)
Event: 35.652 Thread 0x0000019f979fb040 nmethod 6872 0x0000019f802dae10 code [0x0000019f802db160, 0x0000019f802dcf08]
Event: 35.791 Thread 0x0000019f979fb040 6874       3       java.util.concurrent.ConcurrentHashMap$KeySetView::add (36 bytes)
Event: 35.791 Thread 0x0000019f979fb040 nmethod 6874 0x0000019f8069ce90 code [0x0000019f8069d040, 0x0000019f8069d2f8]

GC Heap History (20 events):
Event: 35.782 GC heap after
{Heap after GC invocations=87 (full 0):
 garbage-first heap   total 419840K, used 16935K [0x0000000704e00000, 0x0000000800000000)
  region size 2048K, 1 young (2048K), 1 survivors (2048K)
 Metaspace       used 44241K, committed 44736K, reserved 1114112K
  class space    used 5024K, committed 5248K, reserved 1048576K
}
Event: 35.845 GC heap before
{Heap before GC invocations=87 (full 0):
 garbage-first heap   total 419840K, used 266791K [0x0000000704e00000, 0x0000000800000000)
  region size 2048K, 123 young (251904K), 1 survivors (2048K)
 Metaspace       used 44241K, committed 44736K, reserved 1114112K
  class space    used 5024K, committed 5248K, reserved 1048576K
}
Event: 35.846 GC heap after
{Heap after GC invocations=88 (full 0):
 garbage-first heap   total 419840K, used 16938K [0x0000000704e00000, 0x0000000800000000)
  region size 2048K, 1 young (2048K), 1 survivors (2048K)
 Metaspace       used 44241K, committed 44736K, reserved 1114112K
  class space    used 5024K, committed 5248K, reserved 1048576K
}
Event: 35.905 GC heap before
{Heap before GC invocations=88 (full 0):
 garbage-first heap   total 419840K, used 266794K [0x0000000704e00000, 0x0000000800000000)
  region size 2048K, 123 young (251904K), 1 survivors (2048K)
 Metaspace       used 44241K, committed 44736K, reserved 1114112K
  class space    used 5024K, committed 5248K, reserved 1048576K
}
Event: 35.906 GC heap after
{Heap after GC invocations=89 (full 0):
 garbage-first heap   total 419840K, used 16944K [0x0000000704e00000, 0x0000000800000000)
  region size 2048K, 1 young (2048K), 1 survivors (2048K)
 Metaspace       used 44241K, committed 44736K, reserved 1114112K
  class space    used 5024K, committed 5248K, reserved 1048576K
}
Event: 35.972 GC heap before
{Heap before GC invocations=89 (full 0):
 garbage-first heap   total 419840K, used 266800K [0x0000000704e00000, 0x0000000800000000)
  region size 2048K, 123 young (251904K), 1 survivors (2048K)
 Metaspace       used 44241K, committed 44736K, reserved 1114112K
  class space    used 5024K, committed 5248K, reserved 1048576K
}
Event: 35.973 GC heap after
{Heap after GC invocations=90 (full 0):
 garbage-first heap   total 419840K, used 16947K [0x0000000704e00000, 0x0000000800000000)
  region size 2048K, 1 young (2048K), 1 survivors (2048K)
 Metaspace       used 44241K, committed 44736K, reserved 1114112K
  class space    used 5024K, committed 5248K, reserved 1048576K
}
Event: 36.032 GC heap before
{Heap before GC invocations=90 (full 0):
 garbage-first heap   total 419840K, used 266803K [0x0000000704e00000, 0x0000000800000000)
  region size 2048K, 123 young (251904K), 1 survivors (2048K)
 Metaspace       used 44241K, committed 44736K, reserved 1114112K
  class space    used 5024K, committed 5248K, reserved 1048576K
}
Event: 36.033 GC heap after
{Heap after GC invocations=91 (full 0):
 garbage-first heap   total 419840K, used 16949K [0x0000000704e00000, 0x0000000800000000)
  region size 2048K, 1 young (2048K), 1 survivors (2048K)
 Metaspace       used 44241K, committed 44736K, reserved 1114112K
  class space    used 5024K, committed 5248K, reserved 1048576K
}
Event: 36.093 GC heap before
{Heap before GC invocations=91 (full 0):
 garbage-first heap   total 419840K, used 266805K [0x0000000704e00000, 0x0000000800000000)
  region size 2048K, 123 young (251904K), 1 survivors (2048K)
 Metaspace       used 44241K, committed 44736K, reserved 1114112K
  class space    used 5024K, committed 5248K, reserved 1048576K
}
Event: 36.094 GC heap after
{Heap after GC invocations=92 (full 0):
 garbage-first heap   total 419840K, used 16949K [0x0000000704e00000, 0x0000000800000000)
  region size 2048K, 1 young (2048K), 1 survivors (2048K)
 Metaspace       used 44241K, committed 44736K, reserved 1114112K
  class space    used 5024K, committed 5248K, reserved 1048576K
}
Event: 36.154 GC heap before
{Heap before GC invocations=92 (full 0):
 garbage-first heap   total 419840K, used 266805K [0x0000000704e00000, 0x0000000800000000)
  region size 2048K, 123 young (251904K), 1 survivors (2048K)
 Metaspace       used 44241K, committed 44736K, reserved 1114112K
  class space    used 5024K, committed 5248K, reserved 1048576K
}
Event: 36.155 GC heap after
{Heap after GC invocations=93 (full 0):
 garbage-first heap   total 419840K, used 16952K [0x0000000704e00000, 0x0000000800000000)
  region size 2048K, 1 young (2048K), 1 survivors (2048K)
 Metaspace       used 44241K, committed 44736K, reserved 1114112K
  class space    used 5024K, committed 5248K, reserved 1048576K
}
Event: 36.215 GC heap before
{Heap before GC invocations=93 (full 0):
 garbage-first heap   total 419840K, used 266808K [0x0000000704e00000, 0x0000000800000000)
  region size 2048K, 123 young (251904K), 1 survivors (2048K)
 Metaspace       used 44241K, committed 44736K, reserved 1114112K
  class space    used 5024K, committed 5248K, reserved 1048576K
}
Event: 36.216 GC heap after
{Heap after GC invocations=94 (full 0):
 garbage-first heap   total 419840K, used 16958K [0x0000000704e00000, 0x0000000800000000)
  region size 2048K, 1 young (2048K), 1 survivors (2048K)
 Metaspace       used 44241K, committed 44736K, reserved 1114112K
  class space    used 5024K, committed 5248K, reserved 1048576K
}
Event: 36.275 GC heap before
{Heap before GC invocations=94 (full 0):
 garbage-first heap   total 419840K, used 266814K [0x0000000704e00000, 0x0000000800000000)
  region size 2048K, 123 young (251904K), 1 survivors (2048K)
 Metaspace       used 44241K, committed 44736K, reserved 1114112K
  class space    used 5024K, committed 5248K, reserved 1048576K
}
Event: 36.276 GC heap after
{Heap after GC invocations=95 (full 0):
 garbage-first heap   total 419840K, used 16963K [0x0000000704e00000, 0x0000000800000000)
  region size 2048K, 1 young (2048K), 1 survivors (2048K)
 Metaspace       used 44241K, committed 44736K, reserved 1114112K
  class space    used 5024K, committed 5248K, reserved 1048576K
}
Event: 36.335 GC heap before
{Heap before GC invocations=95 (full 0):
 garbage-first heap   total 419840K, used 266819K [0x0000000704e00000, 0x0000000800000000)
  region size 2048K, 123 young (251904K), 1 survivors (2048K)
 Metaspace       used 44241K, committed 44736K, reserved 1114112K
  class space    used 5024K, committed 5248K, reserved 1048576K
}
Event: 36.336 GC heap after
{Heap after GC invocations=96 (full 0):
 garbage-first heap   total 419840K, used 16969K [0x0000000704e00000, 0x0000000800000000)
  region size 2048K, 1 young (2048K), 1 survivors (2048K)
 Metaspace       used 44241K, committed 44736K, reserved 1114112K
  class space    used 5024K, committed 5248K, reserved 1048576K
}
Event: 36.399 GC heap before
{Heap before GC invocations=96 (full 0):
 garbage-first heap   total 419840K, used 266825K [0x0000000704e00000, 0x0000000800000000)
  region size 2048K, 123 young (251904K), 1 survivors (2048K)
 Metaspace       used 44241K, committed 44736K, reserved 1114112K
  class space    used 5024K, committed 5248K, reserved 1048576K
}

Dll operation events (8 events):
Event: 0.005 Loaded shared library C:\Users\User\Downloads\sts-4.20.1.RELEASE\plugins\org.eclipse.justj.openjdk.hotspot.jre.full.win32.x86_64_17.0.8.v20230831-1047\jre\bin\java.dll
Event: 0.078 Loaded shared library C:\Users\User\Downloads\sts-4.20.1.RELEASE\plugins\org.eclipse.justj.openjdk.hotspot.jre.full.win32.x86_64_17.0.8.v20230831-1047\jre\bin\net.dll
Event: 0.079 Loaded shared library C:\Users\User\Downloads\sts-4.20.1.RELEASE\plugins\org.eclipse.justj.openjdk.hotspot.jre.full.win32.x86_64_17.0.8.v20230831-1047\jre\bin\nio.dll
Event: 0.082 Loaded shared library C:\Users\User\Downloads\sts-4.20.1.RELEASE\plugins\org.eclipse.justj.openjdk.hotspot.jre.full.win32.x86_64_17.0.8.v20230831-1047\jre\bin\zip.dll
Event: 0.142 Loaded shared library C:\Users\User\Downloads\sts-4.20.1.RELEASE\plugins\org.eclipse.justj.openjdk.hotspot.jre.full.win32.x86_64_17.0.8.v20230831-1047\jre\bin\jimage.dll
Event: 0.697 Loaded shared library C:\Users\User\Downloads\sts-4.20.1.RELEASE\plugins\org.eclipse.justj.openjdk.hotspot.jre.full.win32.x86_64_17.0.8.v20230831-1047\jre\bin\sunmscapi.dll
Event: 1.330 Loaded shared library C:\Users\User\Downloads\sts-4.20.1.RELEASE\plugins\org.eclipse.justj.openjdk.hotspot.jre.full.win32.x86_64_17.0.8.v20230831-1047\jre\bin\management.dll
Event: 1.332 Loaded shared library C:\Users\User\Downloads\sts-4.20.1.RELEASE\plugins\org.eclipse.justj.openjdk.hotspot.jre.full.win32.x86_64_17.0.8.v20230831-1047\jre\bin\management_ext.dll

Deoptimization events (20 events):
Event: 31.427 Thread 0x0000019f9e94fb30 DEOPT PACKING pc=0x0000019f87f986d0 sp=0x0000006c41afe6e0
Event: 31.427 Thread 0x0000019f9e94fb30 DEOPT UNPACKING pc=0x0000019f874a69a3 sp=0x0000006c41afe6f0 mode 2
Event: 31.622 Thread 0x0000019f9e5f4c80 DEOPT PACKING pc=0x0000019f80c81ea0 sp=0x0000006c41efe630
Event: 31.622 Thread 0x0000019f9e5f4c80 DEOPT UNPACKING pc=0x0000019f874a7143 sp=0x0000006c41efda50 mode 0
Event: 32.742 Thread 0x0000019f9e5f5190 Uncommon trap: trap_request=0xffffffbe fr.pc=0x0000019f88070208 relative=0x0000000000006388
Event: 32.742 Thread 0x0000019f9e5f3330 Uncommon trap: trap_request=0xffffffbe fr.pc=0x0000019f88070208 relative=0x0000000000006388
Event: 32.742 Thread 0x0000019f9e5f5190 Uncommon trap: reason=profile_predicate action=maybe_recompile pc=0x0000019f88070208 method=java.util.concurrent.ConcurrentHashMap$Traverser.advance()Ljava/util/concurrent/ConcurrentHashMap$Node; @ 15 c2
Event: 32.742 Thread 0x0000019f9e5f3330 Uncommon trap: reason=profile_predicate action=maybe_recompile pc=0x0000019f88070208 method=java.util.concurrent.ConcurrentHashMap$Traverser.advance()Ljava/util/concurrent/ConcurrentHashMap$Node; @ 15 c2
Event: 32.742 Thread 0x0000019f9e5f5190 DEOPT PACKING pc=0x0000019f88070208 sp=0x0000006c41ffd840
Event: 32.742 Thread 0x0000019f9e5f3330 DEOPT PACKING pc=0x0000019f88070208 sp=0x0000006c425fdd10
Event: 32.742 Thread 0x0000019f9e5f5190 DEOPT UNPACKING pc=0x0000019f874a69a3 sp=0x0000006c41ffd3a8 mode 2
Event: 32.742 Thread 0x0000019f9e5f3330 DEOPT UNPACKING pc=0x0000019f874a69a3 sp=0x0000006c425fd878 mode 2
Event: 32.743 Thread 0x0000019f9e5f1ef0 Uncommon trap: trap_request=0xffffffbe fr.pc=0x0000019f88070208 relative=0x0000000000006388
Event: 32.743 Thread 0x0000019f9e5f1ef0 Uncommon trap: reason=profile_predicate action=maybe_recompile pc=0x0000019f88070208 method=java.util.concurrent.ConcurrentHashMap$Traverser.advance()Ljava/util/concurrent/ConcurrentHashMap$Node; @ 15 c2
Event: 32.743 Thread 0x0000019f9e5f1ef0 DEOPT PACKING pc=0x0000019f88070208 sp=0x0000006c421fd920
Event: 32.743 Thread 0x0000019f9e5f1ef0 DEOPT UNPACKING pc=0x0000019f874a69a3 sp=0x0000006c421fd488 mode 2
Event: 32.743 Thread 0x0000019f9e5f3840 Uncommon trap: trap_request=0xffffffbe fr.pc=0x0000019f88070208 relative=0x0000000000006388
Event: 32.743 Thread 0x0000019f9e5f3840 Uncommon trap: reason=profile_predicate action=maybe_recompile pc=0x0000019f88070208 method=java.util.concurrent.ConcurrentHashMap$Traverser.advance()Ljava/util/concurrent/ConcurrentHashMap$Node; @ 15 c2
Event: 32.744 Thread 0x0000019f9e5f3840 DEOPT PACKING pc=0x0000019f88070208 sp=0x0000006c427fdb50
Event: 32.744 Thread 0x0000019f9e5f3840 DEOPT UNPACKING pc=0x0000019f874a69a3 sp=0x0000006c427fd6b8 mode 2

Classes unloaded (0 events):
No events

Classes redefined (0 events):
No events

Internal exceptions (20 events):
Event: 1.368 Thread 0x0000019ff5dfe070 Exception <a 'java/lang/NoSuchMethodError'{0x000000070d20a888}: 'int java.lang.invoke.DirectMethodHandle$Holder.invokeInterface(java.lang.Object, java.lang.Object, java.lang.Object, java.lang.Object)'> (0x000000070d20a888) 
thrown [s\src\hotspot\share\interpreter\linkResolver.cpp, line 759]
Event: 1.403 Thread 0x0000019ff5dfe070 Exception <a 'java/lang/NoSuchMethodError'{0x000000071492aca8}: 'long java.lang.invoke.DirectMethodHandle$Holder.invokeVirtual(java.lang.Object, java.lang.Object)'> (0x000000071492aca8) 
thrown [s\src\hotspot\share\interpreter\linkResolver.cpp, line 759]
Event: 1.428 Thread 0x0000019ff5dfe070 Exception <a 'sun/nio/fs/WindowsException'{0x0000000707e47ba0}> (0x0000000707e47ba0) 
thrown [s\src\hotspot\share\prims\jni.cpp, line 516]
Event: 1.611 Thread 0x0000019ff5dfe070 Exception <a 'java/lang/IncompatibleClassChangeError'{0x00000007072fb998}: Found class java.lang.Object, but interface was expected> (0x00000007072fb998) 
thrown [s\src\hotspot\share\interpreter\linkResolver.cpp, line 826]
Event: 1.651 Thread 0x0000019ff5dfe070 Exception <a 'java/lang/NoSuchMethodError'{0x0000000706efa8b8}: 'int java.lang.invoke.DirectMethodHandle$Holder.invokeStaticInit(java.lang.Object, java.lang.Object, java.lang.Object, java.lang.Object)'> (0x0000000706efa8b8) 
thrown [s\src\hotspot\share\interpreter\linkResolver.cpp, line 759]
Event: 1.696 Thread 0x0000019ff5dfe070 Exception <a 'java/lang/NoSuchMethodError'{0x0000000706d89ab8}: 'java.lang.Object java.lang.invoke.DirectMethodHandle$Holder.newInvokeSpecial(java.lang.Object, java.lang.Object, int, java.lang.Object, java.lang.Object)'> (0x0000000706d89ab8) 
thrown [s\src\hotspot\share\interpreter\linkResolver.cpp, line 759]
Event: 1.697 Thread 0x0000019ff5dfe070 Exception <a 'java/lang/NoSuchMethodError'{0x0000000706d95130}: 'java.lang.Object java.lang.invoke.DirectMethodHandle$Holder.invokeSpecial(java.lang.Object, java.lang.Object, int, java.lang.Object, int, java.lang.Object)'> (0x0000000706d95130) 
thrown [s\src\hotspot\share\interpreter\linkResolver.cpp, line 759]
Event: 1.697 Thread 0x0000019ff5dfe070 Exception <a 'java/lang/NoSuchMethodError'{0x0000000706d9cf38}: 'java.lang.Object java.lang.invoke.DirectMethodHandle$Holder.newInvokeSpecial(java.lang.Object, java.lang.Object, int, java.lang.Object, int)'> (0x0000000706d9cf38) 
thrown [s\src\hotspot\share\interpreter\linkResolver.cpp, line 759]
Event: 1.697 Thread 0x0000019ff5dfe070 Exception <a 'java/lang/NoSuchMethodError'{0x0000000706da1038}: 'java.lang.Object java.lang.invoke.DirectMethodHandle$Holder.invokeSpecial(java.lang.Object, java.lang.Object, java.lang.Object, int, java.lang.Object, int)'> (0x0000000706da1038) 
thrown [s\src\hotspot\share\interpreter\linkResolver.cpp, line 759]
Event: 9.674 Thread 0x0000019f9e5f4c80 Exception <a 'java/lang/NoSuchMethodError'{0x00000007069a9ed0}: 'java.lang.Object java.lang.invoke.DirectMethodHandle$Holder.invokeSpecial(java.lang.Object, java.lang.Object, java.lang.Object, java.lang.Object, java.lang.Object, long)'> (0x00000007069a9ed0) 
thrown [s\src\hotspot\share\interpreter\linkResolver.cpp, line 759]
Event: 9.674 Thread 0x0000019f9e5f4c80 Exception <a 'java/lang/NoSuchMethodError'{0x00000007069ad910}: 'java.lang.Object java.lang.invoke.Invokers$Holder.linkToTargetMethod(java.lang.Object, java.lang.Object, java.lang.Object, long, java.lang.Object)'> (0x00000007069ad910) 
thrown [s\src\hotspot\share\interpreter\linkResolver.cpp, line 759]
Event: 9.762 Thread 0x0000019f9e5f4c80 Implicit null exception at 0x0000019f87da5862 to 0x0000019f87da5dac
Event: 9.762 Thread 0x0000019f9e5f4c80 Implicit null exception at 0x0000019f87de460b to 0x0000019f87dee3ec
Event: 11.815 Thread 0x0000019f9e5f5190 Implicit null exception at 0x0000019f87da70f4 to 0x0000019f87da7784
Event: 28.877 Thread 0x0000019f9e5f4260 Exception <a 'java/lang/NoSuchMethodError'{0x0000000714996b30}: 'java.lang.Object java.lang.invoke.DirectMethodHandle$Holder.invokeSpecial(java.lang.Object, java.lang.Object, long, java.lang.Object, java.lang.Object, java.lang.Object, int, java.lang.Object, java.lang.Object, java.lang.Object, int)'> (0x0000000714996b30) 
thrown [s\src\hotspot\share\interpreter\linkResolver.cpp, line 759]
Event: 28.877 Thread 0x0000019f9e5f4260 Exception <a 'java/lang/NoSuchMethodError'{0x00000007149aaa80}: 'java.lang.Object java.lang.invoke.DelegatingMethodHandle$Holder.reinvoke_L(java.lang.Object, long, java.lang.Object, java.lang.Object, java.lang.Object, int, java.lang.Object, java.lang.Object, java.lang.Object, int)'> (0x00000007149aaa80) 
thrown [s\src\hotspot\share\interpreter\linkResolver.cpp, line 759]
Event: 32.742 Thread 0x0000019f9e5f5190 Implicit null exception at 0x0000019f8806b9af to 0x0000019f88070188
Event: 32.742 Thread 0x0000019f9e5f3330 Implicit null exception at 0x0000019f8806b9af to 0x0000019f88070188
Event: 32.743 Thread 0x0000019f9e5f1ef0 Implicit null exception at 0x0000019f8806b9af to 0x0000019f88070188
Event: 32.743 Thread 0x0000019f9e5f3840 Implicit null exception at 0x0000019f8806b9af to 0x0000019f88070188

VM Operations (20 events):
Event: 35.782 Executing VM operation: G1CollectForAllocation done
Event: 35.845 Executing VM operation: G1CollectForAllocation
Event: 35.846 Executing VM operation: G1CollectForAllocation done
Event: 35.905 Executing VM operation: G1CollectForAllocation
Event: 35.906 Executing VM operation: G1CollectForAllocation done
Event: 35.972 Executing VM operation: G1CollectForAllocation
Event: 35.973 Executing VM operation: G1CollectForAllocation done
Event: 36.032 Executing VM operation: G1CollectForAllocation
Event: 36.033 Executing VM operation: G1CollectForAllocation done
Event: 36.093 Executing VM operation: G1CollectForAllocation
Event: 36.094 Executing VM operation: G1CollectForAllocation done
Event: 36.154 Executing VM operation: G1CollectForAllocation
Event: 36.155 Executing VM operation: G1CollectForAllocation done
Event: 36.215 Executing VM operation: G1CollectForAllocation
Event: 36.216 Executing VM operation: G1CollectForAllocation done
Event: 36.275 Executing VM operation: G1CollectForAllocation
Event: 36.276 Executing VM operation: G1CollectForAllocation done
Event: 36.335 Executing VM operation: G1CollectForAllocation
Event: 36.336 Executing VM operation: G1CollectForAllocation done
Event: 36.399 Executing VM operation: G1CollectForAllocation

Events (20 events):
Event: 33.332 Thread 0x0000019f97a00f50 flushing nmethod 0x0000019f80d71510
Event: 33.528 Thread 0x0000019f9cb6cbc0 Thread exited: 0x0000019f9cb6cbc0
Event: 33.594 Thread 0x0000019f9cb67c10 Thread exited: 0x0000019f9cb67c10
Event: 33.594 Thread 0x0000019f9cb67170 Thread exited: 0x0000019f9cb67170
Event: 33.611 Thread 0x0000019f9cb666d0 Thread exited: 0x0000019f9cb666d0
Event: 33.913 Thread 0x0000019f9cb69150 Thread added: 0x0000019f9cb69150
Event: 33.913 Thread 0x0000019f9cb6c670 Thread added: 0x0000019f9cb6c670
Event: 33.913 Thread 0x0000019f9cb696a0 Thread added: 0x0000019f9cb696a0
Event: 33.913 Thread 0x0000019f9cb67c10 Thread added: 0x0000019f9cb67c10
Event: 34.138 Thread 0x0000019f9cb67c10 Thread exited: 0x0000019f9cb67c10
Event: 34.138 Thread 0x0000019f9cb696a0 Thread exited: 0x0000019f9cb696a0
Event: 34.369 Thread 0x0000019f9cb6c670 Thread exited: 0x0000019f9cb6c670
Event: 34.369 Thread 0x0000019f9cb69150 Thread exited: 0x0000019f9cb69150
Event: 34.381 Thread 0x0000019f9cb6b130 Thread added: 0x0000019f9cb6b130
Event: 34.381 Thread 0x0000019f9cb67170 Thread added: 0x0000019f9cb67170
Event: 34.889 Thread 0x0000019f9cb67170 Thread exited: 0x0000019f9cb67170
Event: 34.892 Thread 0x0000019f9cb6b130 Thread exited: 0x0000019f9cb6b130
Event: 34.892 Thread 0x0000019f9cb66180 Thread exited: 0x0000019f9cb66180
Event: 34.991 Thread 0x0000019f9cb6c120 Thread exited: 0x0000019f9cb6c120
Event: 35.108 Thread 0x0000019f9cb69bf0 Thread exited: 0x0000019f9cb69bf0


Dynamic libraries:
0x00007ff636db0000 - 0x00007ff636dbe000 	C:\Users\User\Downloads\sts-4.20.1.RELEASE\plugins\org.eclipse.justj.openjdk.hotspot.jre.full.win32.x86_64_17.0.8.v20230831-1047\jre\bin\javaw.exe
0x00007fffc3b10000 - 0x00007fffc3d05000 	C:\Windows\SYSTEM32\ntdll.dll
0x00007fff89220000 - 0x00007fff89239000 	C:\Program Files\Avast Software\Avast\aswhook.dll
0x00007fffc2eb0000 - 0x00007fffc2f6d000 	C:\Windows\System32\KERNEL32.DLL
0x00007fffc14d0000 - 0x00007fffc179d000 	C:\Windows\System32\KERNELBASE.dll
0x00007fffc17a0000 - 0x00007fffc18a0000 	C:\Windows\System32\ucrtbase.dll
0x00007fffa53f0000 - 0x00007fffa5407000 	C:\Users\User\Downloads\sts-4.20.1.RELEASE\plugins\org.eclipse.justj.openjdk.hotspot.jre.full.win32.x86_64_17.0.8.v20230831-1047\jre\bin\jli.dll
0x00007fffa53d0000 - 0x00007fffa53e9000 	C:\Users\User\Downloads\sts-4.20.1.RELEASE\plugins\org.eclipse.justj.openjdk.hotspot.jre.full.win32.x86_64_17.0.8.v20230831-1047\jre\bin\VCRUNTIME140.dll
0x00007fffc2f70000 - 0x00007fffc3110000 	C:\Windows\System32\USER32.dll
0x00007fffc1270000 - 0x00007fffc1292000 	C:\Windows\System32\win32u.dll
0x00007fffc2410000 - 0x00007fffc243a000 	C:\Windows\System32\GDI32.dll
0x00007fffc18a0000 - 0x00007fffc19ab000 	C:\Windows\System32\gdi32full.dll
0x00007fffaef40000 - 0x00007fffaf1da000 	C:\Windows\WinSxS\amd64_microsoft.windows.common-controls_6595b64144ccf1df_6.0.19041.1110_none_60b5254171f9507e\COMCTL32.dll
0x00007fffc12a0000 - 0x00007fffc133d000 	C:\Windows\System32\msvcp_win.dll
0x00007fffc38d0000 - 0x00007fffc396e000 	C:\Windows\System32\msvcrt.dll
0x00007fffc3380000 - 0x00007fffc33b0000 	C:\Windows\System32\IMM32.DLL
0x00007fffb89f0000 - 0x00007fffb89fc000 	C:\Users\User\Downloads\sts-4.20.1.RELEASE\plugins\org.eclipse.justj.openjdk.hotspot.jre.full.win32.x86_64_17.0.8.v20230831-1047\jre\bin\vcruntime140_1.dll
0x00007fff5fef0000 - 0x00007fff5ff81000 	C:\Users\User\Downloads\sts-4.20.1.RELEASE\plugins\org.eclipse.justj.openjdk.hotspot.jre.full.win32.x86_64_17.0.8.v20230831-1047\jre\bin\msvcp140.dll
0x00007fff50c00000 - 0x00007fff5184c000 	C:\Users\User\Downloads\sts-4.20.1.RELEASE\plugins\org.eclipse.justj.openjdk.hotspot.jre.full.win32.x86_64_17.0.8.v20230831-1047\jre\bin\server\jvm.dll
0x00007fffc25a0000 - 0x00007fffc264e000 	C:\Windows\System32\ADVAPI32.dll
0x00007fffc2360000 - 0x00007fffc23fc000 	C:\Windows\System32\sechost.dll
0x00007fffc3990000 - 0x00007fffc3ab5000 	C:\Windows\System32\RPCRT4.dll
0x00007fffacce0000 - 0x00007fffacce9000 	C:\Windows\SYSTEM32\WSOCK32.dll
0x00007fffc3710000 - 0x00007fffc377b000 	C:\Windows\System32\WS2_32.dll
0x00007fffc0790000 - 0x00007fffc07db000 	C:\Windows\SYSTEM32\POWRPROF.dll
0x00007fffb2880000 - 0x00007fffb28a7000 	C:\Windows\SYSTEM32\WINMM.dll
0x00007fffb66f0000 - 0x00007fffb66fa000 	C:\Windows\SYSTEM32\VERSION.dll
0x00007fffc0660000 - 0x00007fffc0672000 	C:\Windows\SYSTEM32\UMPDC.dll
0x00007fffbfab0000 - 0x00007fffbfac2000 	C:\Windows\SYSTEM32\kernel.appcore.dll
0x00007fff8e6d0000 - 0x00007fff8e6da000 	C:\Users\User\Downloads\sts-4.20.1.RELEASE\plugins\org.eclipse.justj.openjdk.hotspot.jre.full.win32.x86_64_17.0.8.v20230831-1047\jre\bin\jimage.dll
0x00007fffbf7d0000 - 0x00007fffbf9b4000 	C:\Windows\SYSTEM32\DBGHELP.DLL
0x00007fffb5110000 - 0x00007fffb513c000 	C:\Windows\SYSTEM32\dbgcore.DLL
0x00007fffc19b0000 - 0x00007fffc1a32000 	C:\Windows\System32\bcryptPrimitives.dll
0x00007fff8e6a0000 - 0x00007fff8e6c5000 	C:\Users\User\Downloads\sts-4.20.1.RELEASE\plugins\org.eclipse.justj.openjdk.hotspot.jre.full.win32.x86_64_17.0.8.v20230831-1047\jre\bin\java.dll
0x00007fff8e680000 - 0x00007fff8e698000 	C:\Users\User\Downloads\sts-4.20.1.RELEASE\plugins\org.eclipse.justj.openjdk.hotspot.jre.full.win32.x86_64_17.0.8.v20230831-1047\jre\bin\zip.dll
0x00007fffc1c10000 - 0x00007fffc2354000 	C:\Windows\System32\SHELL32.dll
0x00007fffbef70000 - 0x00007fffbf704000 	C:\Windows\SYSTEM32\windows.storage.dll
0x00007fffc33b0000 - 0x00007fffc3704000 	C:\Windows\System32\combase.dll
0x00007fffc0c80000 - 0x00007fffc0cac000 	C:\Windows\SYSTEM32\Wldp.dll
0x00007fffc2e00000 - 0x00007fffc2ead000 	C:\Windows\System32\SHCORE.dll
0x00007fffc2da0000 - 0x00007fffc2df5000 	C:\Windows\System32\shlwapi.dll
0x00007fffc1160000 - 0x00007fffc117f000 	C:\Windows\SYSTEM32\profapi.dll
0x00007fffb2580000 - 0x00007fffb2599000 	C:\Users\User\Downloads\sts-4.20.1.RELEASE\plugins\org.eclipse.justj.openjdk.hotspot.jre.full.win32.x86_64_17.0.8.v20230831-1047\jre\bin\net.dll
0x00007fffb9630000 - 0x00007fffb973a000 	C:\Windows\SYSTEM32\WINHTTP.dll
0x00007fffc09e0000 - 0x00007fffc0a4a000 	C:\Windows\system32\mswsock.dll
0x00007fff9c130000 - 0x00007fff9c145000 	C:\Users\User\Downloads\sts-4.20.1.RELEASE\plugins\org.eclipse.justj.openjdk.hotspot.jre.full.win32.x86_64_17.0.8.v20230831-1047\jre\bin\nio.dll
0x00007fffb8a00000 - 0x00007fffb8a0e000 	C:\Users\User\Downloads\sts-4.20.1.RELEASE\plugins\org.eclipse.justj.openjdk.hotspot.jre.full.win32.x86_64_17.0.8.v20230831-1047\jre\bin\sunmscapi.dll
0x00007fffc1370000 - 0x00007fffc14c6000 	C:\Windows\System32\CRYPT32.dll
0x00007fffc0cf0000 - 0x00007fffc0d17000 	C:\Windows\SYSTEM32\ncrypt.dll
0x00007fffc0cb0000 - 0x00007fffc0ceb000 	C:\Windows\SYSTEM32\NTASN1.dll
0x00007fffc0be0000 - 0x00007fffc0bf8000 	C:\Windows\SYSTEM32\CRYPTSP.dll
0x00007fffc02f0000 - 0x00007fffc0324000 	C:\Windows\system32\rsaenh.dll
0x00007fffc1340000 - 0x00007fffc1367000 	C:\Windows\System32\bcrypt.dll
0x00007fffc1120000 - 0x00007fffc114e000 	C:\Windows\SYSTEM32\USERENV.dll
0x00007fffc0bd0000 - 0x00007fffc0bdc000 	C:\Windows\SYSTEM32\CRYPTBASE.dll
0x00007fffc0680000 - 0x00007fffc06bb000 	C:\Windows\SYSTEM32\IPHLPAPI.DLL
0x00007fffc3ac0000 - 0x00007fffc3ac8000 	C:\Windows\System32\NSI.dll
0x00007fffb7a90000 - 0x00007fffb7aa7000 	C:\Windows\SYSTEM32\dhcpcsvc6.DLL
0x00007fffb7c50000 - 0x00007fffb7c6d000 	C:\Windows\SYSTEM32\dhcpcsvc.DLL
0x00007fffc06c0000 - 0x00007fffc078b000 	C:\Windows\SYSTEM32\DNSAPI.dll
0x00007fffb87a0000 - 0x00007fffb87a9000 	C:\Users\User\Downloads\sts-4.20.1.RELEASE\plugins\org.eclipse.justj.openjdk.hotspot.jre.full.win32.x86_64_17.0.8.v20230831-1047\jre\bin\management.dll
0x00007fff85bf0000 - 0x00007fff85bfb000 	C:\Users\User\Downloads\sts-4.20.1.RELEASE\plugins\org.eclipse.justj.openjdk.hotspot.jre.full.win32.x86_64_17.0.8.v20230831-1047\jre\bin\management_ext.dll
0x00007fffc2400000 - 0x00007fffc2408000 	C:\Windows\System32\PSAPI.DLL
0x00007fff92b60000 - 0x00007fff92b67000 	C:\Windows\system32\wshunix.dll

dbghelp: loaded successfully - version: 4.0.5 - missing functions: none
symbol engine: initialized successfully - sym options: 0x614 - pdb path: .;C:\Users\User\Downloads\sts-4.20.1.RELEASE\plugins\org.eclipse.justj.openjdk.hotspot.jre.full.win32.x86_64_17.0.8.v20230831-1047\jre\bin;C:\Windows\SYSTEM32;C:\Program Files\Avast Software\Avast;C:\Windows\WinSxS\amd64_microsoft.windows.common-controls_6595b64144ccf1df_6.0.19041.1110_none_60b5254171f9507e;C:\Users\User\Downloads\sts-4.20.1.RELEASE\plugins\org.eclipse.justj.openjdk.hotspot.jre.full.win32.x86_64_17.0.8.v20230831-1047\jre\bin\server

VM Arguments:
jvm_args: -Dfile.encoding=UTF-8 -Dstdout.encoding=UTF-8 -Dstderr.encoding=UTF-8 -XX:+ShowCodeDetailsInExceptionMessages 
java_command: com.example.demo.ProducerConsumerBackendApplication
java_class_path (initial): C:\Users\User\Documents\workspace-spring-tool-suite-4-4.20.1.RELEASE\ProducerConsumerBackend\target\classes;C:\Users\User\.m2\repository\org\springframework\boot\spring-boot-starter-web\3.2.1\spring-boot-starter-web-3.2.1.jar;C:\Users\User\.m2\repository\org\springframework\boot\spring-boot-starter\3.2.1\spring-boot-starter-3.2.1.jar;C:\Users\User\.m2\repository\org\springframework\boot\spring-boot\3.2.1\spring-boot-3.2.1.jar;C:\Users\User\.m2\repository\org\springframework\boot\spring-boot-autoconfigure\3.2.1\spring-boot-autoconfigure-3.2.1.jar;C:\Users\User\.m2\repository\org\springframework\boot\spring-boot-starter-logging\3.2.1\spring-boot-starter-logging-3.2.1.jar;C:\Users\User\.m2\repository\ch\qos\logback\logback-classic\1.4.14\logback-classic-1.4.14.jar;C:\Users\User\.m2\repository\ch\qos\logback\logback-core\1.4.14\logback-core-1.4.14.jar;C:\Users\User\.m2\repository\org\apache\logging\log4j\log4j-to-slf4j\2.21.1\log4j-to-slf4j-2.21.1.jar;C:\Users\User\.m2\repository\org\apache\logging\log4j\log4j-api\2.21.1\log4j-api-2.21.1.jar;C:\Users\User\.m2\repository\org\slf4j\jul-to-slf4j\2.0.9\jul-to-slf4j-2.0.9.jar;C:\Users\User\.m2\repository\jakarta\annotation\jakarta.annotation-api\2.1.1\jakarta.annotation-api-2.1.1.jar;C:\Users\User\.m2\repository\org\yaml\snakeyaml\2.2\snakeyaml-2.2.jar;C:\Users\User\.m2\repository\org\springframework\boot\spring-boot-starter-json\3.2.1\spring-boot-starter-json-3.2.1.jar;C:\Users\User\.m2\repository\com\fasterxml\jackson\core\jackson-databind\2.15.3\jackson-databind-2.15.3.jar;C:\Users\User\.m2\repository\com\fasterxml\jackson\core\jackson-annotations\2.15.3\jackson-annotations-2.15.3.jar;C:\Users\User\.m2\repository\com\fasterxml\jackson\core\jackson-core\2.15.3\jackson-core-2.15.3.jar;C:\Users\User\.m2\repository\com\fasterxml\jackson\datatype\jackson-datatype-jdk8\2.15.3\jackson-datatype-jdk8-2.15.3.jar;C:\Users\User\.m2\repository\com\fasterxml\jackson\datatype\jackson-datatype-jsr310\2.15.3\j
Launcher Type: SUN_STANDARD

[Global flags]
     intx CICompilerCount                          = 12                                        {product} {ergonomic}
     uint ConcGCThreads                            = 4                                         {product} {ergonomic}
     uint G1ConcRefinementThreads                  = 15                                        {product} {ergonomic}
   size_t G1HeapRegionSize                         = 2097152                                   {product} {ergonomic}
    uintx GCDrainStackTargetSize                   = 64                                        {product} {ergonomic}
   size_t InitialHeapSize                          = 264241152                                 {product} {ergonomic}
   size_t MarkStackSize                            = 4194304                                   {product} {ergonomic}
   size_t MaxHeapSize                              = 4213178368                                {product} {ergonomic}
   size_t MaxNewSize                               = 2527068160                                {product} {ergonomic}
   size_t MinHeapDeltaBytes                        = 2097152                                   {product} {ergonomic}
   size_t MinHeapSize                              = 8388608                                   {product} {ergonomic}
    uintx NonNMethodCodeHeapSize                   = 7602480                                {pd product} {ergonomic}
    uintx NonProfiledCodeHeapSize                  = 122027880                              {pd product} {ergonomic}
    uintx ProfiledCodeHeapSize                     = 122027880                              {pd product} {ergonomic}
    uintx ReservedCodeCacheSize                    = 251658240                              {pd product} {ergonomic}
     bool SegmentedCodeCache                       = true                                      {product} {ergonomic}
     bool ShowCodeDetailsInExceptionMessages       = true                                   {manageable} {command line}
   size_t SoftMaxHeapSize                          = 4213178368                             {manageable} {ergonomic}
     bool UseCompressedClassPointers               = true                           {product lp64_product} {ergonomic}
     bool UseCompressedOops                        = true                           {product lp64_product} {ergonomic}
     bool UseG1GC                                  = true                                      {product} {ergonomic}
     bool UseLargePagesIndividualAllocation        = false                                  {pd product} {ergonomic}

Logging:
Log output configuration:
 #0: stdout all=warning uptime,level,tags
 #1: stderr all=off uptime,level,tags

Environment Variables:
JAVA_HOME=C:\Program Files\Java\jdk-21
PATH=C:/Users/User/Downloads/sts-4.20.1.RELEASE//plugins/org.eclipse.justj.openjdk.hotspot.jre.full.win32.x86_64_17.0.8.v20230831-1047/jre/bin/server;C:/Users/User/Downloads/sts-4.20.1.RELEASE//plugins/org.eclipse.justj.openjdk.hotspot.jre.full.win32.x86_64_17.0.8.v20230831-1047/jre/bin;C:\Program Files\Common Files\Oracle\Java\javapath;C:\user\gcc\bin;C:\user\gcc\libexec\gcc\x86_64-w64-mingw32\13.1.0;c:\program files\codeblocks\mingw\bin;c:\program files\codeblocks\mingw\libexec\gcc\x86_64-w64-mingw32\13.1.0;C:\Program Files (x86)\Common Files\Oracle\Java\javapath;C:\Windows\system32;C:\Windows;C:\Windows\System32\Wbem;C:\Windows\System32\WindowsPowerShell\v1.0\;C:\Windows\System32\OpenSSH\;C:\Program Files (x86)\dotnet\;C:\Program Files\dotnet\;C:\Program Files (x86)\NVIDIA Corporation\PhysX\Common;C:\Program Files\NVIDIA Corporation\NVIDIA NvDLISR;C:\Program Files\nodejs\;C:\Program Files\Java\apache-maven-3.9.5\bin;C:\ProgramData\chocolatey\bin;C:\ProgramData\chocolatey\lib\maven\apache-maven-3.9.5\bin;C:\Program Files\gradle-8.4\bin;C:\Program Files\Java\apache-maven-3.9.5;C:\Program Files\curl-8.4.0_6-win64-mingw\bin;C:\Program Files\spring-3.1.5\bin;C:\Program Files\Java\jdk-21;C:\Program Files\Java\jre1.8.0_251\bin;C:\Users\User\AppData\Local\Programs\Python\Python312\Scripts\;C:\Users\User\AppData\Local\Programs\Python\Python312\;C:\Users\User\AppData\Local\Microsoft\WindowsApps;C:\Users\User\.dotnet\tools;C:\Program Files\CodeBlocks\MinGW\bin;C:\Users\User\AppData\Local\GitHubDesktop\bin;D:\modelsim_ase\win32aloem;C:\Users\User\AppData\Local\Programs\Microsoft VS Code\bin;C:\Users\User\AppData\Local\atom\bin;C:\Program Files\nodejs;C:\Users\User\AppData\Roaming\npm;C:\Program Files (x86)\Java\jre1.8.0_251;C:\Program Files\Java\jdk-21;;C:\Users\User\Downloads\sts-4.20.1.RELEASE;
USERNAME=User
OS=Windows_NT
PROCESSOR_IDENTIFIER=Intel64 Family 6 Model 154 Stepping 3, GenuineIntel
TMP=C:\Users\User\AppData\Local\Temp
TEMP=C:\Users\User\AppData\Local\Temp



---------------  S Y S T E M  ---------------

OS:
 Windows 10 , 64 bit Build 19041 (10.0.19041.1679)
OS uptime: 0 days 1:13 hours

CPU: total 20 (initial active 20) (10 cores per cpu, 2 threads per core) family 6 model 154 stepping 3 microcode 0x413, cx8, cmov, fxsr, ht, mmx, 3dnowpref, sse, sse2, sse3, ssse3, sse4.1, sse4.2, popcnt, lzcnt, tsc, tscinvbit, avx, avx2, aes, erms, clmul, bmi1, bmi2, adx, sha, fma, vzeroupper, clflush, clflushopt, clwb
Processor Information for processor 0
  Max Mhz: 2688, Current Mhz: 2688, Mhz Limit: 2688
Processor Information for processor 1
  Max Mhz: 2688, Current Mhz: 2688, Mhz Limit: 2688
Processor Information for processor 2
  Max Mhz: 2688, Current Mhz: 2688, Mhz Limit: 2688
Processor Information for processor 3
  Max Mhz: 2688, Current Mhz: 2688, Mhz Limit: 2688
Processor Information for processor 4
  Max Mhz: 2688, Current Mhz: 2688, Mhz Limit: 2688
Processor Information for processor 5
  Max Mhz: 2688, Current Mhz: 2688, Mhz Limit: 2688
Processor Information for processor 6
  Max Mhz: 2688, Current Mhz: 2688, Mhz Limit: 2688
Processor Information for processor 7
  Max Mhz: 2688, Current Mhz: 2688, Mhz Limit: 2688
Processor Information for processor 8
  Max Mhz: 2688, Current Mhz: 2688, Mhz Limit: 2688
Processor Information for processor 9
  Max Mhz: 2688, Current Mhz: 2688, Mhz Limit: 2688
Processor Information for processor 10
  Max Mhz: 2688, Current Mhz: 2688, Mhz Limit: 2688
Processor Information for processor 11
  Max Mhz: 2688, Current Mhz: 2688, Mhz Limit: 2688
Processor Information for processor 12
  Max Mhz: 2688, Current Mhz: 1692, Mhz Limit: 1666
Processor Information for processor 13
  Max Mhz: 2688, Current Mhz: 1692, Mhz Limit: 1666
Processor Information for processor 14
  Max Mhz: 2688, Current Mhz: 1692, Mhz Limit: 1666
Processor Information for processor 15
  Max Mhz: 2688, Current Mhz: 1692, Mhz Limit: 1666
Processor Information for processor 16
  Max Mhz: 2688, Current Mhz: 1692, Mhz Limit: 1666
Processor Information for processor 17
  Max Mhz: 2688, Current Mhz: 1692, Mhz Limit: 1666
Processor Information for processor 18
  Max Mhz: 2688, Current Mhz: 1692, Mhz Limit: 1666
Processor Information for processor 19
  Max Mhz: 2688, Current Mhz: 1692, Mhz Limit: 1666

Memory: 4k page, system-wide physical 16068M (4411M free)
TotalPageFile size 41694M (AvailPageFile size 3M)
current process WorkingSet (physical memory assigned to process): 521M, peak: 583M
current process commit charge ("private bytes"): 592M, peak: 674M

vm_info: OpenJDK 64-Bit Server VM (17.0.8.1+1) for windows-amd64 JRE (17.0.8.1+1), built on Aug 23 2023 15:29:17 by "admin" with MS VC++ 16.7 (VS2019)

END.
